Software Version: 11.8.0.26
creating folder: C:\Users\ciaran.lappin\Desktop\Github\SF2_M2S150_Advanced_Devlopment_Kit\Programming_The_Target_Device\PROC_SUBSYSTEM_BaseDesign
programmer 'S201Z6SSZF' : FlashPro5
Created new project 'C:\Users\ciaran.lappin\Desktop\Github\SF2_M2S150_Advanced_Devlopment_Kit\Programming_The_Target_Device\PROC_SUBSYSTEM_BaseDesign\PROC_SUBSYSTEM_BaseDesign.pro'
STAPL file 'C:\Users\ciaran.lappin\Desktop\Github\SF2_M2S150_Advanced_Devlopment_Kit\Programming_The_Target_Device\PROC_SUBSYSTEM_BaseDesign\M2S150_1.stp' has been loaded successfully.
DESIGN : PROC_SUBSYSTEM;  CHECKSUM : 4B18;  ALG_VERSION : 2
creating folder: C:\Users\ciaran.lappin\Desktop\Github\SF2_M2S150_Advanced_Devlopment_Kit\Programming_The_Target_Device\PROC_SUBSYSTEM_BaseDesign\projectData
Software Version: 11.8.0.26
STAPL file 'C:\Users\ciaran.lappin\Desktop\Github\SF2_M2S150_Advanced_Devlopment_Kit\Programming_The_Target_Device\PROC_SUBSYSTEM_BaseDesign\M2S150_1.stp' has been loaded successfully.
DESIGN : PROC_SUBSYSTEM;  CHECKSUM : 4B18;  ALG_VERSION : 2
programmer 'S201Z6SSZF' : FlashPro5

Created FlashPro Express Job Project.
programmer 'S201Z6SSZF' : Scan Chain...
Warning: programmer 'S201Z6SSZF' : Vpump has been selected on programmer AND an externally provided Vpump has also been detected. Using externally provided Vpump voltage source.
programmer 'S201Z6SSZF' : Check Chain...
programmer 'S201Z6SSZF' : Scan and Check Chain PASSED.
programmer 'S201Z6SSZF' : device 'M2S150' : Executing action PROGRAM
programmer 'S201Z6SSZF' : device 'M2S150' : Family: SmartFusion2
programmer 'S201Z6SSZF' : device 'M2S150' : Product:      M2S150
programmer 'S201Z6SSZF' : device 'M2S150' : EXPORT ISC_ENABLE_RESULT[32] = 00796744
programmer 'S201Z6SSZF' : device 'M2S150' : EXPORT CRCERR[1] = 0
programmer 'S201Z6SSZF' : device 'M2S150' : EXPORT EDCERR[1] = 0
programmer 'S201Z6SSZF' : device 'M2S150' : TEMPGRADE: ROOM
programmer 'S201Z6SSZF' : device 'M2S150' : EXPORT VPPRANGE[3] = 2
programmer 'S201Z6SSZF' : device 'M2S150' : VPPRANGE: HIGH
programmer 'S201Z6SSZF' : device 'M2S150' : EXPORT TEMP[8] = 67
programmer 'S201Z6SSZF' : device 'M2S150' : EXPORT VPP[8] = 79
programmer 'S201Z6SSZF' : device 'M2S150' : Programming FPGA Array and eNVM...
programmer 'S201Z6SSZF' : device 'M2S150' : EXPORT Fabric component digest[256] = 1fa79cb69454047f36817efa8ad366088913b97a128d6961645dec8bb39defe1
programmer 'S201Z6SSZF' : device 'M2S150' : EXPORT eNVM_0 component digest[256] = ae1b95360ab2d1a80d428231dca6073c49944cd26f72a677cca4f939c09faa32
programmer 'S201Z6SSZF' : device 'M2S150' : ===================================================================================
programmer 'S201Z6SSZF' : device 'M2S150' : EXPORT DSN[128] = 2ee0aa010000cd5a00f3000a0011001d
programmer 'S201Z6SSZF' : device 'M2S150' : ===================================================================================
programmer 'S201Z6SSZF' : device 'M2S150' : Finished: Mon Jun 12 11:47:49 2017 (Elapsed time 00:02:18)
programmer 'S201Z6SSZF' : device 'M2S150' : Executing action PROGRAM PASSED.
programmer 'S201Z6SSZF' : Chain programming PASSED.
Chain Programming Finished: Mon Jun 12 11:47:49 2017 (Elapsed time 00:02:18)

                        o - o - o - o - o - o

Project saved.
Project closed.
