
		#####  BEGIN RETIMING REPORT  #####

Retiming summary : 295 registers retimed to 1083

Original and Pipelined registers replaced by retiming :
		COREAHBTOAPB3_0.U_PenableScheduler.penableSchedulerState[0]
		COREAXITOAHBL_0.U_AHBMasterCtrl.AHBRdTranPendReg
		COREAXITOAHBL_0.U_AHBMasterCtrl.AHBWrTranPendReg
		COREAXITOAHBL_0.U_AHBMasterCtrl.validByteCntInt[1]
		COREAXITOAHBL_0.U_AHBMasterCtrl.validByteCntInt[2]
		COREAXITOAHBL_0.U_AXISlaveCtrl.ADDRReg[1]
		COREAXITOAHBL_0.U_AXISlaveCtrl.ADDRReg[2]
		COREAXITOAHBL_0.U_AXISlaveCtrl.ADDRReg[3]
		COREAXITOAHBL_0.U_AXISlaveCtrl.ADDRReg[4]
		COREAXITOAHBL_0.U_AXISlaveCtrl.ADDRReg[5]
		COREAXITOAHBL_0.U_AXISlaveCtrl.ADDRReg[6]
		COREAXITOAHBL_0.U_AXISlaveCtrl.ADDRReg[7]
		COREAXITOAHBL_0.U_AXISlaveCtrl.ADDRReg[8]
		COREAXITOAHBL_0.U_AXISlaveCtrl.ADDRReg[9]
		COREAXITOAHBL_0.U_AXISlaveCtrl.ADDRReg[10]
		COREAXITOAHBL_0.U_AXISlaveCtrl.ADDRReg[11]
		COREAXITOAHBL_0.U_AXISlaveCtrl.ADDRReg[12]
		COREAXITOAHBL_0.U_AXISlaveCtrl.ADDRReg[13]
		COREAXITOAHBL_0.U_AXISlaveCtrl.ADDRReg[14]
		COREAXITOAHBL_0.U_AXISlaveCtrl.ADDRReg[15]
		COREAXITOAHBL_0.U_AXISlaveCtrl.ADDRReg[16]
		COREAXITOAHBL_0.U_AXISlaveCtrl.ADDRReg[17]
		COREAXITOAHBL_0.U_AXISlaveCtrl.ADDRReg[18]
		COREAXITOAHBL_0.U_AXISlaveCtrl.ADDRReg[19]
		COREAXITOAHBL_0.U_AXISlaveCtrl.ADDRReg[20]
		COREAXITOAHBL_0.U_AXISlaveCtrl.ADDRReg[21]
		COREAXITOAHBL_0.U_AXISlaveCtrl.ADDRReg[22]
		COREAXITOAHBL_0.U_AXISlaveCtrl.ADDRReg[23]
		COREAXITOAHBL_0.U_AXISlaveCtrl.ADDRReg[24]
		COREAXITOAHBL_0.U_AXISlaveCtrl.ADDRReg[25]
		COREAXITOAHBL_0.U_AXISlaveCtrl.ADDRReg[26]
		COREAXITOAHBL_0.U_AXISlaveCtrl.ADDRReg[27]
		COREAXITOAHBL_0.U_AXISlaveCtrl.ADDRReg[28]
		COREAXITOAHBL_0.U_AXISlaveCtrl.ADDRReg[29]
		COREAXITOAHBL_0.U_AXISlaveCtrl.ADDRReg[30]
		COREAXITOAHBL_0.U_AXISlaveCtrl.ADDRReg[31]
		COREAXITOAHBL_0.U_AXISlaveCtrl.validByteCnt[1]
		COREAXITOAHBL_0.U_AXISlaveCtrl.validByteCnt[2]
		COREAXITOAHBL_0.U_AXISlaveCtrl.validByteCnt[3]
		COREAXITOAHBL_0.U_AXISlaveCtrl.validByteCnt[4]
		COREAXITOAHBL_0.U_AXISlaveCtrl.validByteCnt[5]
		COREAXITOAHBL_0.U_AXISlaveCtrl.validByteCnt[6]
		COREAXITOAHBL_0.U_AXISlaveCtrl.validByteCnt[7]
		COREAXITOAHBL_1.U_AHBMasterCtrl.validByteCntInt[0]
		COREAXITOAHBL_1.U_AHBMasterCtrl.validByteCntInt[1]
		COREAXITOAHBL_1.U_AHBMasterCtrl.validByteCntInt[2]
		COREAXITOAHBL_1.U_AHBMasterCtrl.validByteCntInt[3]
		COREAXITOAHBL_1.U_AHBMasterCtrl.validByteCntInt[4]
		COREAXITOAHBL_1.U_AHBMasterCtrl.validByteCntInt[5]
		COREAXITOAHBL_1.U_AHBMasterCtrl.validByteCntInt[6]
		COREAXITOAHBL_1.U_AHBMasterCtrl.validByteCntInt[7]
		COREAXITOAHBL_1.U_AXISlaveCtrl.ADDRReg[1]
		COREAXITOAHBL_1.U_AXISlaveCtrl.ADDRReg[2]
		COREAXITOAHBL_1.U_AXISlaveCtrl.ADDRReg[3]
		COREAXITOAHBL_1.U_AXISlaveCtrl.ADDRReg[4]
		COREAXITOAHBL_1.U_AXISlaveCtrl.ADDRReg[5]
		COREAXITOAHBL_1.U_AXISlaveCtrl.ADDRReg[6]
		COREAXITOAHBL_1.U_AXISlaveCtrl.ADDRReg[7]
		COREAXITOAHBL_1.U_AXISlaveCtrl.ADDRReg[8]
		COREAXITOAHBL_1.U_AXISlaveCtrl.ADDRReg[9]
		COREAXITOAHBL_1.U_AXISlaveCtrl.ADDRReg[10]
		COREAXITOAHBL_1.U_AXISlaveCtrl.ADDRReg[11]
		COREAXITOAHBL_1.U_AXISlaveCtrl.ADDRReg[12]
		COREAXITOAHBL_1.U_AXISlaveCtrl.ADDRReg[13]
		COREAXITOAHBL_1.U_AXISlaveCtrl.ADDRReg[14]
		COREAXITOAHBL_1.U_AXISlaveCtrl.ADDRReg[15]
		COREAXITOAHBL_1.U_AXISlaveCtrl.ADDRReg[16]
		COREAXITOAHBL_1.U_AXISlaveCtrl.ADDRReg[17]
		COREAXITOAHBL_1.U_AXISlaveCtrl.ADDRReg[18]
		COREAXITOAHBL_1.U_AXISlaveCtrl.ADDRReg[19]
		COREAXITOAHBL_1.U_AXISlaveCtrl.ADDRReg[20]
		COREAXITOAHBL_1.U_AXISlaveCtrl.ADDRReg[21]
		COREAXITOAHBL_1.U_AXISlaveCtrl.ADDRReg[22]
		COREAXITOAHBL_1.U_AXISlaveCtrl.ADDRReg[23]
		COREAXITOAHBL_1.U_AXISlaveCtrl.ADDRReg[24]
		COREAXITOAHBL_1.U_AXISlaveCtrl.ADDRReg[25]
		COREAXITOAHBL_1.U_AXISlaveCtrl.ADDRReg[26]
		COREAXITOAHBL_1.U_AXISlaveCtrl.ADDRReg[27]
		COREAXITOAHBL_1.U_AXISlaveCtrl.ADDRReg[28]
		COREAXITOAHBL_1.U_AXISlaveCtrl.ADDRReg[29]
		COREAXITOAHBL_1.U_AXISlaveCtrl.ADDRReg[30]
		COREAXITOAHBL_1.U_AXISlaveCtrl.ADDRReg[31]
		COREAXITOAHBL_1.U_AXISlaveCtrl.validByteCnt[1]
		COREAXITOAHBL_1.U_AXISlaveCtrl.validByteCnt[2]
		COREAXITOAHBL_1.U_AXISlaveCtrl.validByteCnt[3]
		COREAXITOAHBL_1.U_AXISlaveCtrl.validByteCnt[4]
		COREAXITOAHBL_1.U_AXISlaveCtrl.validByteCnt[5]
		COREAXITOAHBL_1.U_AXISlaveCtrl.validByteCnt[6]
		COREAXITOAHBL_1.U_AXISlaveCtrl.validByteCnt[7]
		COREJTAGDEBUG_0.genblk1\.UJ_JTAG_0.endofshift
		COREJTAGDEBUG_0.genblk1\.UJ_JTAG_0.state[4]
		CORERISCV_AXI4_0.ChiselTop0.RocketTile_1.DCache_1.pstore1_typ[0]
		CORERISCV_AXI4_0.ChiselTop0.RocketTile_1.DCache_1.pstore1_typ[1]
		CORERISCV_AXI4_0.ChiselTop0.RocketTile_1.core.csr.reg_bp_1_address[0]
		CORERISCV_AXI4_0.ChiselTop0.RocketTile_1.core.csr.reg_bp_1_address[1]
		CORERISCV_AXI4_0.ChiselTop0.RocketTile_1.core.csr.reg_bp_1_control_bpmatch[1]
		CORERISCV_AXI4_0.ChiselTop0.RocketTile_1.core.mem_reg_wdata[0]
		CORERISCV_AXI4_0.ChiselTop0.RocketTile_1.core.mem_reg_wdata[1]
		CORERISCV_AXI4_0.ChiselTop0.RocketTile_1.core.mem_reg_wdata[2]
		CORERISCV_AXI4_0.ChiselTop0.RocketTile_1.core.mem_reg_wdata[3]
		CORERISCV_AXI4_0.ChiselTop0.RocketTile_1.core.mem_reg_wdata[4]
		CORERISCV_AXI4_0.ChiselTop0.RocketTile_1.core.mem_reg_wdata[5]
		CORERISCV_AXI4_0.ChiselTop0.RocketTile_1.core.mem_reg_wdata[6]
		CORERISCV_AXI4_0.ChiselTop0.RocketTile_1.core.mem_reg_wdata[7]
		CORERISCV_AXI4_0.ChiselTop0.RocketTile_1.core.mem_reg_wdata[8]
		CORERISCV_AXI4_0.ChiselTop0.RocketTile_1.core.mem_reg_wdata[9]
		CORERISCV_AXI4_0.ChiselTop0.RocketTile_1.core.mem_reg_wdata[10]
		CORERISCV_AXI4_0.ChiselTop0.RocketTile_1.core.mem_reg_wdata[11]
		CORERISCV_AXI4_0.ChiselTop0.RocketTile_1.core.mem_reg_wdata[12]
		CORERISCV_AXI4_0.ChiselTop0.RocketTile_1.core.mem_reg_wdata[13]
		CORERISCV_AXI4_0.ChiselTop0.RocketTile_1.core.mem_reg_wdata[14]
		CORERISCV_AXI4_0.ChiselTop0.RocketTile_1.core.mem_reg_wdata[15]
		CORERISCV_AXI4_0.ChiselTop0.RocketTile_1.core.mem_reg_wdata[16]
		CORERISCV_AXI4_0.ChiselTop0.RocketTile_1.core.mem_reg_wdata[17]
		CORERISCV_AXI4_0.ChiselTop0.RocketTile_1.core.mem_reg_wdata[18]
		CORERISCV_AXI4_0.ChiselTop0.RocketTile_1.core.mem_reg_wdata[19]
		CORERISCV_AXI4_0.ChiselTop0.RocketTile_1.core.mem_reg_wdata[20]
		CORERISCV_AXI4_0.ChiselTop0.RocketTile_1.core.mem_reg_wdata[21]
		CORERISCV_AXI4_0.ChiselTop0.RocketTile_1.core.mem_reg_wdata[22]
		CORERISCV_AXI4_0.ChiselTop0.RocketTile_1.core.mem_reg_wdata[23]
		CORERISCV_AXI4_0.ChiselTop0.RocketTile_1.core.mem_reg_wdata[24]
		CORERISCV_AXI4_0.ChiselTop0.RocketTile_1.core.mem_reg_wdata[25]
		CORERISCV_AXI4_0.ChiselTop0.RocketTile_1.core.mem_reg_wdata[26]
		CORERISCV_AXI4_0.ChiselTop0.RocketTile_1.core.mem_reg_wdata[27]
		CORERISCV_AXI4_0.ChiselTop0.RocketTile_1.core.mem_reg_wdata[28]
		CORERISCV_AXI4_0.ChiselTop0.RocketTile_1.core.mem_reg_wdata[29]
		CORERISCV_AXI4_0.ChiselTop0.RocketTile_1.core.mem_reg_wdata[30]
		CORERISCV_AXI4_0.ChiselTop0.RocketTile_1.core.mem_reg_wdata[31]
		CORERISCV_AXI4_0.ChiselTop0.RocketTile_1.icache.icache.s1_valid
		CORERISCV_AXI4_0.ChiselTop0.RocketTile_1.icache.icache.state[0]
		CORERISCV_AXI4_0.ChiselTop0.RocketTile_1.icache.s1_pc_[13]
		CORERISCV_AXI4_0.ChiselTop0.RocketTile_1.icache.s1_pc_[14]
		CORERISCV_AXI4_0.ChiselTop0.RocketTile_1.icache.s1_pc_[15]
		CORERISCV_AXI4_0.ChiselTop0.RocketTile_1.icache.s1_pc_[16]
		CORERISCV_AXI4_0.ChiselTop0.RocketTile_1.icache.s1_pc_[17]
		CORERISCV_AXI4_0.ChiselTop0.RocketTile_1.icache.s1_pc_[18]
		CORERISCV_AXI4_0.ChiselTop0.RocketTile_1.icache.s1_pc_[19]
		CORERISCV_AXI4_0.ChiselTop0.RocketTile_1.icache.s1_pc_[20]
		CORERISCV_AXI4_0.ChiselTop0.RocketTile_1.icache.s1_pc_[21]
		CORERISCV_AXI4_0.ChiselTop0.RocketTile_1.icache.s1_pc_[22]
		CORERISCV_AXI4_0.ChiselTop0.RocketTile_1.icache.s1_pc_[23]
		CORERISCV_AXI4_0.ChiselTop0.RocketTile_1.icache.s1_pc_[24]
		CORERISCV_AXI4_0.ChiselTop0.RocketTile_1.icache.s1_pc_[25]
		CORERISCV_AXI4_0.ChiselTop0.RocketTile_1.icache.s1_pc_[26]
		CORERISCV_AXI4_0.ChiselTop0.RocketTile_1.icache.s1_pc_[27]
		CORERISCV_AXI4_0.ChiselTop0.RocketTile_1.icache.s1_pc_[28]
		CORERISCV_AXI4_0.ChiselTop0.RocketTile_1.icache.s1_pc_[29]
		CORERISCV_AXI4_0.ChiselTop0.RocketTile_1.icache.s1_pc_[30]
		CORERISCV_AXI4_0.ChiselTop0.RocketTile_1.icache.s1_pc_[31]
		CORERISCV_AXI4_0.ChiselTop0.uncore.outmemsys.ClientTileLinkIOUnwrapper_1.acqArb.T_766[0]
		CORERISCV_AXI4_0.ChiselTop0.uncore.outmemsys.ClientTileLinkIOUnwrapper_1.acqArb.T_766[1]
		CORERISCV_AXI4_0.ChiselTop0.uncore.outmemsys.ClientTileLinkIOUnwrapper_1.acqArb.T_766[2]
		CORERISCV_AXI4_0.ChiselTop0.uncore.outmemsys.ClientTileLinkIOUnwrapper_1.relRoq.T_45_0
		CORERISCV_AXI4_0.ChiselTop0.uncore.outmemsys.PROC_SUBSYSTEM_CORERISCV_AXI4_0_CORERISCV_AXI4_NASTI_IO_TILE_LINK_IO_CONVERTER_1.gnt_arb.T_766[0]
		CORERISCV_AXI4_0.ChiselTop0.uncore.outmemsys.PROC_SUBSYSTEM_CORERISCV_AXI4_0_CORERISCV_AXI4_NASTI_IO_TILE_LINK_IO_CONVERTER_1.gnt_arb.T_766[1]
		CORERISCV_AXI4_0.ChiselTop0.uncore.outmemsys.PROC_SUBSYSTEM_CORERISCV_AXI4_0_CORERISCV_AXI4_NASTI_IO_TILE_LINK_IO_CONVERTER_1.gnt_arb.T_766[2]
		CORERISCV_AXI4_0.ChiselTop0.uncore.outmemsys.PROC_SUBSYSTEM_CORERISCV_AXI4_0_CORERISCV_AXI4_NASTI_IO_TILE_LINK_IO_CONVERTER_1.gnt_arb.T_768
		CORERISCV_AXI4_0.ChiselTop0.uncore.outmemsys.PROC_SUBSYSTEM_CORERISCV_AXI4_0_CORERISCV_AXI4_NASTI_IO_TILE_LINK_IO_CONVERTER_1.nasti_cnt_out[0]
		CORERISCV_AXI4_0.ChiselTop0.uncore.outmemsys.PROC_SUBSYSTEM_CORERISCV_AXI4_0_CORERISCV_AXI4_NASTI_IO_TILE_LINK_IO_CONVERTER_1.nasti_cnt_out[1]
		CORERISCV_AXI4_0.ChiselTop0.uncore.outmemsys.PROC_SUBSYSTEM_CORERISCV_AXI4_0_CORERISCV_AXI4_NASTI_IO_TILE_LINK_IO_CONVERTER_1.nasti_cnt_out[2]
		CORERISCV_AXI4_0.ChiselTop0.uncore.outmemsys.PROC_SUBSYSTEM_CORERISCV_AXI4_0_CORERISCV_AXI4_NASTI_IO_TILE_LINK_IO_CONVERTER_1.roq.T_243_0
		CORERISCV_AXI4_0.ChiselTop0.uncore.outmemsys.PROC_SUBSYSTEM_CORERISCV_AXI4_0_CORERISCV_AXI4_NASTI_IO_TILE_LINK_IO_CONVERTER_1.roq.T_243_1
		CORERISCV_AXI4_0.ChiselTop0.uncore.outmemsys.PROC_SUBSYSTEM_CORERISCV_AXI4_0_CORERISCV_AXI4_NASTI_IO_TILE_LINK_IO_CONVERTER_1.roq.T_243_3
		CORERISCV_AXI4_0.ChiselTop0.uncore.outmemsys.PROC_SUBSYSTEM_CORERISCV_AXI4_0_CORERISCV_AXI4_NASTI_IO_TILE_LINK_IO_CONVERTER_1.tl_cnt_in[0]
		CORERISCV_AXI4_0.ChiselTop0.uncore.outmemsys.PROC_SUBSYSTEM_CORERISCV_AXI4_0_CORERISCV_AXI4_NASTI_IO_TILE_LINK_IO_CONVERTER_1.tl_cnt_in[1]
		CORERISCV_AXI4_0.ChiselTop0.uncore.outmemsys.PROC_SUBSYSTEM_CORERISCV_AXI4_0_CORERISCV_AXI4_NASTI_IO_TILE_LINK_IO_CONVERTER_1.tl_cnt_in[2]
		CORERISCV_AXI4_0.ChiselTop0.uncore.outmemsys.PROC_SUBSYSTEM_CORERISCV_AXI4_0_CORERISCV_AXI4_NASTI_IO_TILE_LINK_IO_CONVERTER_1.tl_cnt_out[0]
		CORERISCV_AXI4_0.ChiselTop0.uncore.outmemsys.PROC_SUBSYSTEM_CORERISCV_AXI4_0_CORERISCV_AXI4_NASTI_IO_TILE_LINK_IO_CONVERTER_1.tl_cnt_out[1]
		CORERISCV_AXI4_0.ChiselTop0.uncore.outmemsys.PROC_SUBSYSTEM_CORERISCV_AXI4_0_CORERISCV_AXI4_NASTI_IO_TILE_LINK_IO_CONVERTER_1.tl_cnt_out[2]
		CORERISCV_AXI4_0.ChiselTop0.uncore.outmemsys.PROC_SUBSYSTEM_CORERISCV_AXI4_0_CORERISCV_AXI4_NASTI_IO_TILE_LINK_IO_CONVERTER_1.w_inflight
		CORERISCV_AXI4_0.ChiselTop0.uncore.outmemsys.Queue_10_1.ram_addr_0_[0]
		CORERISCV_AXI4_0.ChiselTop0.uncore.outmemsys.Queue_10_1.ram_addr_0_[1]
		CORERISCV_AXI4_0.ChiselTop0.uncore.outmemsys.Queue_10_1.ram_addr_0_[2]
		CORERISCV_AXI4_0.ChiselTop0.uncore.outmemsys.Queue_10_1.ram_len_0_[0]
		CORERISCV_AXI4_0.ChiselTop0.uncore.outmemsys.Queue_10_1.ram_len_0_[1]
		CORERISCV_AXI4_0.ChiselTop0.uncore.outmemsys.Queue_10_1.ram_len_0_[2]
		CORERISCV_AXI4_0.ChiselTop0.uncore.outmemsys.Queue_10_1.ram_size_0_[0]
		CORERISCV_AXI4_0.ChiselTop0.uncore.outmemsys.Queue_10_1.ram_size_0_[1]
		CORERISCV_AXI4_0.ChiselTop0.uncore.outmemsys.Queue_11_1.ram_addr_0_[0]
		CORERISCV_AXI4_0.ChiselTop0.uncore.outmemsys.Queue_11_1.ram_addr_0_[1]
		CORERISCV_AXI4_0.ChiselTop0.uncore.outmemsys.Queue_11_1.ram_addr_0_[2]
		CORERISCV_AXI4_0.ChiselTop0.uncore.outmemsys.Queue_11_1.ram_size_0_[0]
		CORERISCV_AXI4_0.ChiselTop0.uncore.outmemsys.Queue_11_1.ram_size_0_[1]
		CORERISCV_AXI4_0.ChiselTop0.uncore.outmemsys.Queue_12_1.T_65
		CORERISCV_AXI4_0.ChiselTop0.uncore.outmemsys.Queue_12_1.T_67
		CORERISCV_AXI4_0.ChiselTop0.uncore.outmemsys.Queue_13_1.T_65
		CORERISCV_AXI4_0.ChiselTop0.uncore.outmemsys.Queue_13_1.T_67
		CORERISCV_AXI4_0.ChiselTop0.uncore.outmemsys.Queue_14_1.ram_id_0_[0]
		CORERISCV_AXI4_0.ChiselTop0.uncore.outmemsys.Queue_14_1.ram_id_0_[2]
		CORERISCV_AXI4_0.ChiselTop0.uncore.outmemsys.Queue_14_1.ram_id_0_[3]
		CORERISCV_AXI4_0.ChiselTop0.uncore.outmemsys.Queue_14_1.ram_id_0_[4]
		CORERISCV_AXI4_0.ChiselTop0.uncore.outmemsys.l1tol2net.relNet.arb.T_1102[1]
		CORERISCV_AXI4_0.debugTransportModuleJtag0.TDO
		CORERISCV_AXI4_0.debugTransportModuleJtag0.dbusReg[0]
		CORERISCV_AXI4_0.debugTransportModuleJtag0.dbusReg[1]
		CORERISCV_AXI4_0.debugTransportModuleJtag0.dbusReg[2]
		CORERISCV_AXI4_0.debugTransportModuleJtag0.dbusReg[3]
		CORERISCV_AXI4_0.debugTransportModuleJtag0.dbusReg[4]
		CORERISCV_AXI4_0.debugTransportModuleJtag0.dbusReg[5]
		CORERISCV_AXI4_0.debugTransportModuleJtag0.dbusReg[6]
		CORERISCV_AXI4_0.debugTransportModuleJtag0.dbusReg[7]
		CORERISCV_AXI4_0.debugTransportModuleJtag0.dbusReg[8]
		CORERISCV_AXI4_0.debugTransportModuleJtag0.dbusReg[9]
		CORERISCV_AXI4_0.debugTransportModuleJtag0.dbusReg[10]
		CORERISCV_AXI4_0.debugTransportModuleJtag0.dbusReg[11]
		CORERISCV_AXI4_0.debugTransportModuleJtag0.dbusReg[12]
		CORERISCV_AXI4_0.debugTransportModuleJtag0.dbusReg[13]
		CORERISCV_AXI4_0.debugTransportModuleJtag0.dbusReg[14]
		CORERISCV_AXI4_0.debugTransportModuleJtag0.dbusReg[15]
		CORERISCV_AXI4_0.debugTransportModuleJtag0.dbusReg[16]
		CORERISCV_AXI4_0.debugTransportModuleJtag0.dbusReg[17]
		CORERISCV_AXI4_0.debugTransportModuleJtag0.dbusReg[18]
		CORERISCV_AXI4_0.debugTransportModuleJtag0.dbusReg[19]
		CORERISCV_AXI4_0.debugTransportModuleJtag0.dbusReg[20]
		CORERISCV_AXI4_0.debugTransportModuleJtag0.dbusReg[21]
		CORERISCV_AXI4_0.debugTransportModuleJtag0.dbusReg[22]
		CORERISCV_AXI4_0.debugTransportModuleJtag0.dbusReg[23]
		CORERISCV_AXI4_0.debugTransportModuleJtag0.dbusReg[24]
		CORERISCV_AXI4_0.debugTransportModuleJtag0.dbusReg[25]
		CORERISCV_AXI4_0.debugTransportModuleJtag0.dbusReg[26]
		CORERISCV_AXI4_0.debugTransportModuleJtag0.dbusReg[27]
		CORERISCV_AXI4_0.debugTransportModuleJtag0.dbusReg[28]
		CORERISCV_AXI4_0.debugTransportModuleJtag0.dbusReg[29]
		CORERISCV_AXI4_0.debugTransportModuleJtag0.dbusReg[30]
		CORERISCV_AXI4_0.debugTransportModuleJtag0.dbusReg[31]
		CORERISCV_AXI4_0.debugTransportModuleJtag0.dbusReg[32]
		CORERISCV_AXI4_0.debugTransportModuleJtag0.dbusReg[33]
		CORERISCV_AXI4_0.debugTransportModuleJtag0.dbusReg[34]
		CORERISCV_AXI4_0.debugTransportModuleJtag0.dbusReg[35]
		CORERISCV_AXI4_0.debugTransportModuleJtag0.dbusReg[36]
		CORERISCV_AXI4_0.debugTransportModuleJtag0.dbusReg[37]
		CORERISCV_AXI4_0.debugTransportModuleJtag0.dbusReg[38]
		CORERISCV_AXI4_0.debugTransportModuleJtag0.dbusReg[39]
		CORERISCV_AXI4_0.debugTransportModuleJtag0.dbusReg[40]
		CORERISCV_AXI4_0.debugTransportModuleJtag0.downgradeOpReg
		CORERISCV_AXI4_0.debugTransportModuleJtag0.irReg[0]
		CORERISCV_AXI4_0.debugTransportModuleJtag0.irReg[1]
		CORERISCV_AXI4_0.debugTransportModuleJtag0.irReg[2]
		CORERISCV_AXI4_0.debugTransportModuleJtag0.irReg[3]
		CORERISCV_AXI4_0.debugTransportModuleJtag0.irReg[4]
		CORERISCV_AXI4_0.debugTransportModuleJtag0.shiftReg[0]
		CORERISCV_AXI4_0.debugTransportModuleJtag0.shiftReg[1]
		CORERISCV_AXI4_0.debugTransportModuleJtag0.shiftReg[2]
		CORERISCV_AXI4_0.debugTransportModuleJtag0.shiftReg[3]
		CORERISCV_AXI4_0.debugTransportModuleJtag0.shiftReg[4]
		CORERISCV_AXI4_0.debugTransportModuleJtag0.shiftReg[5]
		CORERISCV_AXI4_0.debugTransportModuleJtag0.shiftReg[6]
		CORERISCV_AXI4_0.debugTransportModuleJtag0.shiftReg[7]
		CORERISCV_AXI4_0.debugTransportModuleJtag0.shiftReg[8]
		CORERISCV_AXI4_0.debugTransportModuleJtag0.shiftReg[9]
		CORERISCV_AXI4_0.debugTransportModuleJtag0.shiftReg[10]
		CORERISCV_AXI4_0.debugTransportModuleJtag0.shiftReg[11]
		CORERISCV_AXI4_0.debugTransportModuleJtag0.shiftReg[12]
		CORERISCV_AXI4_0.debugTransportModuleJtag0.shiftReg[13]
		CORERISCV_AXI4_0.debugTransportModuleJtag0.shiftReg[14]
		CORERISCV_AXI4_0.debugTransportModuleJtag0.shiftReg[15]
		CORERISCV_AXI4_0.debugTransportModuleJtag0.shiftReg[16]
		CORERISCV_AXI4_0.debugTransportModuleJtag0.shiftReg[17]
		CORERISCV_AXI4_0.debugTransportModuleJtag0.shiftReg[18]
		CORERISCV_AXI4_0.debugTransportModuleJtag0.shiftReg[19]
		CORERISCV_AXI4_0.debugTransportModuleJtag0.shiftReg[20]
		CORERISCV_AXI4_0.debugTransportModuleJtag0.shiftReg[21]
		CORERISCV_AXI4_0.debugTransportModuleJtag0.shiftReg[22]
		CORERISCV_AXI4_0.debugTransportModuleJtag0.shiftReg[23]
		CORERISCV_AXI4_0.debugTransportModuleJtag0.shiftReg[24]
		CORERISCV_AXI4_0.debugTransportModuleJtag0.shiftReg[25]
		CORERISCV_AXI4_0.debugTransportModuleJtag0.shiftReg[26]
		CORERISCV_AXI4_0.debugTransportModuleJtag0.shiftReg[27]
		CORERISCV_AXI4_0.debugTransportModuleJtag0.shiftReg[28]
		CORERISCV_AXI4_0.debugTransportModuleJtag0.shiftReg[29]
		CORERISCV_AXI4_0.debugTransportModuleJtag0.shiftReg[30]
		CORERISCV_AXI4_0.debugTransportModuleJtag0.shiftReg[31]
		CORERISCV_AXI4_0.debugTransportModuleJtag0.shiftReg[32]
		CORERISCV_AXI4_0.debugTransportModuleJtag0.shiftReg[33]
		CORERISCV_AXI4_0.debugTransportModuleJtag0.shiftReg[34]
		CORERISCV_AXI4_0.debugTransportModuleJtag0.shiftReg[35]
		CORERISCV_AXI4_0.debugTransportModuleJtag0.shiftReg[36]
		CORERISCV_AXI4_0.debugTransportModuleJtag0.shiftReg[37]
		CORERISCV_AXI4_0.debugTransportModuleJtag0.shiftReg[38]
		CORERISCV_AXI4_0.debugTransportModuleJtag0.shiftReg[39]
		CORERISCV_AXI4_0.debugTransportModuleJtag0.shiftReg[40]
		CORERISCV_AXI4_0.debugTransportModuleJtag0.skipOpReg
		CoreAHBLite_0.matrix4x16.masterstage_0.SDATASELInt[0]
		CoreAHBLite_0.matrix4x16.masterstage_0.SDATASELInt[1]
		CoreAHBLite_0.matrix4x16.masterstage_0.SDATASELInt[4]
		CoreAHBLite_0.matrix4x16.masterstage_0.SDATASELInt[5]
		CoreAHBLite_0.matrix4x16.masterstage_0.SDATASELInt[8]
		CoreAHBLite_0.matrix4x16.masterstage_0.SDATASELInt[9]
		CoreAHBLite_0.matrix4x16.masterstage_0.SDATASELInt[10]
		CoreAHBLite_0.matrix4x16.masterstage_0.SDATASELInt[11]
		CoreAHBLite_0.matrix4x16.masterstage_0.SDATASELInt[12]
		CoreAHBLite_0.matrix4x16.masterstage_0.SDATASELInt[13]
		CoreAHBLite_0.matrix4x16.masterstage_0.SDATASELInt[14]
		CoreAHBLite_0.matrix4x16.masterstage_0.SDATASELInt[15]
		CoreAHBLite_0.matrix4x16.masterstage_0.masterRegAddrSel

New registers created by retiming :
		COREAHBTOAPB3_0.U_PenableScheduler.penableSchedulerState_ret
		COREAHBTOAPB3_0.U_PenableScheduler.penableSchedulerState_ret_1
		COREAHBTOAPB3_0.U_PenableScheduler.penableSchedulerState_ret_2
		COREAXITOAHBL_0.U_AHBMasterCtrl.AHBRdTranPendReg_ret
		COREAXITOAHBL_0.U_AHBMasterCtrl.AHBWrTranPendReg_ret
		COREAXITOAHBL_0.U_AHBMasterCtrl.validByteCntInt_ret
		COREAXITOAHBL_0.U_AHBMasterCtrl.validByteCntInt_ret_1
		COREAXITOAHBL_0.U_AHBMasterCtrl.validByteCntInt_ret_2
		COREAXITOAHBL_0.U_AHBMasterCtrl.validByteCntInt_ret_3
		COREAXITOAHBL_0.U_AHBMasterCtrl.validByteCntInt_ret_4
		COREAXITOAHBL_0.U_AHBMasterCtrl.validByteCntInt_ret_5
		COREAXITOAHBL_0.U_AXISlaveCtrl.ADDRReg_ret
		COREAXITOAHBL_0.U_AXISlaveCtrl.ADDRReg_ret_0
		COREAXITOAHBL_0.U_AXISlaveCtrl.ADDRReg_ret_2
		COREAXITOAHBL_0.U_AXISlaveCtrl.ADDRReg_ret_4
		COREAXITOAHBL_0.U_AXISlaveCtrl.ADDRReg_ret_6
		COREAXITOAHBL_0.U_AXISlaveCtrl.ADDRReg_ret_8
		COREAXITOAHBL_0.U_AXISlaveCtrl.ADDRReg_ret_9
		COREAXITOAHBL_0.U_AXISlaveCtrl.ADDRReg_ret_11
		COREAXITOAHBL_0.U_AXISlaveCtrl.ADDRReg_ret_12
		COREAXITOAHBL_0.U_AXISlaveCtrl.ADDRReg_ret_14
		COREAXITOAHBL_0.U_AXISlaveCtrl.ADDRReg_ret_15
		COREAXITOAHBL_0.U_AXISlaveCtrl.ADDRReg_ret_17
		COREAXITOAHBL_0.U_AXISlaveCtrl.ADDRReg_ret_18
		COREAXITOAHBL_0.U_AXISlaveCtrl.ADDRReg_ret_20
		COREAXITOAHBL_0.U_AXISlaveCtrl.ADDRReg_ret_21
		COREAXITOAHBL_0.U_AXISlaveCtrl.ADDRReg_ret_22
		COREAXITOAHBL_0.U_AXISlaveCtrl.ADDRReg_ret_23
		COREAXITOAHBL_0.U_AXISlaveCtrl.ADDRReg_ret_24
		COREAXITOAHBL_0.U_AXISlaveCtrl.ADDRReg_ret_26
		COREAXITOAHBL_0.U_AXISlaveCtrl.ADDRReg_ret_27
		COREAXITOAHBL_0.U_AXISlaveCtrl.ADDRReg_ret_29
		COREAXITOAHBL_0.U_AXISlaveCtrl.ADDRReg_ret_30
		COREAXITOAHBL_0.U_AXISlaveCtrl.ADDRReg_ret_32
		COREAXITOAHBL_0.U_AXISlaveCtrl.ADDRReg_ret_33
		COREAXITOAHBL_0.U_AXISlaveCtrl.ADDRReg_ret_35
		COREAXITOAHBL_0.U_AXISlaveCtrl.ADDRReg_ret_36
		COREAXITOAHBL_0.U_AXISlaveCtrl.ADDRReg_ret_38
		COREAXITOAHBL_0.U_AXISlaveCtrl.ADDRReg_ret_39
		COREAXITOAHBL_0.U_AXISlaveCtrl.ADDRReg_ret_41
		COREAXITOAHBL_0.U_AXISlaveCtrl.ADDRReg_ret_42
		COREAXITOAHBL_0.U_AXISlaveCtrl.ADDRReg_ret_44
		COREAXITOAHBL_0.U_AXISlaveCtrl.ADDRReg_ret_45
		COREAXITOAHBL_0.U_AXISlaveCtrl.ADDRReg_ret_47
		COREAXITOAHBL_0.U_AXISlaveCtrl.ADDRReg_ret_48
		COREAXITOAHBL_0.U_AXISlaveCtrl.ADDRReg_ret_49
		COREAXITOAHBL_0.U_AXISlaveCtrl.ADDRReg_ret_50
		COREAXITOAHBL_0.U_AXISlaveCtrl.ADDRReg_ret_51
		COREAXITOAHBL_0.U_AXISlaveCtrl.ADDRReg_ret_53
		COREAXITOAHBL_0.U_AXISlaveCtrl.ADDRReg_ret_54
		COREAXITOAHBL_0.U_AXISlaveCtrl.ADDRReg_ret_56
		COREAXITOAHBL_0.U_AXISlaveCtrl.ADDRReg_ret_57
		COREAXITOAHBL_0.U_AXISlaveCtrl.ADDRReg_ret_59
		COREAXITOAHBL_0.U_AXISlaveCtrl.ADDRReg_ret_60
		COREAXITOAHBL_0.U_AXISlaveCtrl.ADDRReg_ret_62
		COREAXITOAHBL_0.U_AXISlaveCtrl.ADDRReg_ret_63
		COREAXITOAHBL_0.U_AXISlaveCtrl.ADDRReg_ret_65
		COREAXITOAHBL_0.U_AXISlaveCtrl.ADDRReg_ret_66
		COREAXITOAHBL_0.U_AXISlaveCtrl.ADDRReg_ret_68
		COREAXITOAHBL_0.U_AXISlaveCtrl.ADDRReg_ret_69
		COREAXITOAHBL_0.U_AXISlaveCtrl.ADDRReg_ret_71
		COREAXITOAHBL_0.U_AXISlaveCtrl.ADDRReg_ret_72
		COREAXITOAHBL_0.U_AXISlaveCtrl.ADDRReg_ret_74
		COREAXITOAHBL_0.U_AXISlaveCtrl.ADDRReg_ret_75
		COREAXITOAHBL_0.U_AXISlaveCtrl.ADDRReg_ret_76
		COREAXITOAHBL_0.U_AXISlaveCtrl.ADDRReg_ret_78
		COREAXITOAHBL_0.U_AXISlaveCtrl.ADDRReg_ret_79
		COREAXITOAHBL_0.U_AXISlaveCtrl.ADDRReg_ret_81
		COREAXITOAHBL_0.U_AXISlaveCtrl.ADDRReg_ret_82
		COREAXITOAHBL_0.U_AXISlaveCtrl.ADDRReg_ret_84
		COREAXITOAHBL_0.U_AXISlaveCtrl.ADDRReg_ret_85
		COREAXITOAHBL_0.U_AXISlaveCtrl.ADDRReg_ret_86
		COREAXITOAHBL_0.U_AXISlaveCtrl.U_WSTRBPopCntr.validByteCnt_ret
		COREAXITOAHBL_0.U_AXISlaveCtrl.U_WSTRBPopCntr.validByteCnt_ret_1
		COREAXITOAHBL_0.U_AXISlaveCtrl.U_WSTRBPopCntr.validByteCnt_ret_2
		COREAXITOAHBL_0.U_AXISlaveCtrl.validByteCnt_ret
		COREAXITOAHBL_0.U_AXISlaveCtrl.validByteCnt_ret_1
		COREAXITOAHBL_0.U_AXISlaveCtrl.validByteCnt_ret_2
		COREAXITOAHBL_0.U_AXISlaveCtrl.validByteCnt_ret_3
		COREAXITOAHBL_0.U_AXISlaveCtrl.validByteCnt_ret_4
		COREAXITOAHBL_0.U_AXISlaveCtrl.validByteCnt_ret_5
		COREAXITOAHBL_0.U_AXISlaveCtrl.validByteCnt_ret_6
		COREAXITOAHBL_0.U_AXISlaveCtrl.validByteCnt_ret_7
		COREAXITOAHBL_0.U_AXISlaveCtrl.validByteCnt_ret_8
		COREAXITOAHBL_0.U_AXISlaveCtrl.validByteCnt_ret_9
		COREAXITOAHBL_0.U_AXISlaveCtrl.validByteCnt_ret_10
		COREAXITOAHBL_0.U_AXISlaveCtrl.validByteCnt_ret_11
		COREAXITOAHBL_0.U_AXISlaveCtrl.validByteCnt_ret_12
		COREAXITOAHBL_0.U_AXISlaveCtrl.validByteCnt_ret_13
		COREAXITOAHBL_0.U_AXISlaveCtrl.validByteCnt_ret_14
		COREAXITOAHBL_0.U_AXISlaveCtrl.validByteCnt_ret_15
		COREAXITOAHBL_0.U_AXISlaveCtrl.validByteCnt_ret_16
		COREAXITOAHBL_1.U_AHBMasterCtrl.validByteCntInt_ret
		COREAXITOAHBL_1.U_AHBMasterCtrl.validByteCntInt_ret_0
		COREAXITOAHBL_1.U_AHBMasterCtrl.validByteCntInt_ret_1
		COREAXITOAHBL_1.U_AHBMasterCtrl.validByteCntInt_ret_2
		COREAXITOAHBL_1.U_AHBMasterCtrl.validByteCntInt_ret_3
		COREAXITOAHBL_1.U_AHBMasterCtrl.validByteCntInt_ret_4
		COREAXITOAHBL_1.U_AHBMasterCtrl.validByteCntInt_ret_5
		COREAXITOAHBL_1.U_AHBMasterCtrl.validByteCntInt_ret_6
		COREAXITOAHBL_1.U_AHBMasterCtrl.validByteCntInt_ret_7
		COREAXITOAHBL_1.U_AHBMasterCtrl.validByteCntInt_ret_8
		COREAXITOAHBL_1.U_AHBMasterCtrl.validByteCntInt_ret_9
		COREAXITOAHBL_1.U_AHBMasterCtrl.validByteCntInt_ret_10
		COREAXITOAHBL_1.U_AHBMasterCtrl.validByteCntInt_ret_11
		COREAXITOAHBL_1.U_AHBMasterCtrl.validByteCntInt_ret_12
		COREAXITOAHBL_1.U_AHBMasterCtrl.validByteCntInt_ret_13
		COREAXITOAHBL_1.U_AHBMasterCtrl.validByteCntInt_ret_14
		COREAXITOAHBL_1.U_AXISlaveCtrl.ADDRReg_ret
		COREAXITOAHBL_1.U_AXISlaveCtrl.ADDRReg_ret_0
		COREAXITOAHBL_1.U_AXISlaveCtrl.ADDRReg_ret_2
		COREAXITOAHBL_1.U_AXISlaveCtrl.ADDRReg_ret_4
		COREAXITOAHBL_1.U_AXISlaveCtrl.ADDRReg_ret_6
		COREAXITOAHBL_1.U_AXISlaveCtrl.ADDRReg_ret_8
		COREAXITOAHBL_1.U_AXISlaveCtrl.ADDRReg_ret_10
		COREAXITOAHBL_1.U_AXISlaveCtrl.ADDRReg_ret_12
		COREAXITOAHBL_1.U_AXISlaveCtrl.ADDRReg_ret_14
		COREAXITOAHBL_1.U_AXISlaveCtrl.ADDRReg_ret_16
		COREAXITOAHBL_1.U_AXISlaveCtrl.ADDRReg_ret_18
		COREAXITOAHBL_1.U_AXISlaveCtrl.ADDRReg_ret_20
		COREAXITOAHBL_1.U_AXISlaveCtrl.ADDRReg_ret_22
		COREAXITOAHBL_1.U_AXISlaveCtrl.ADDRReg_ret_24
		COREAXITOAHBL_1.U_AXISlaveCtrl.ADDRReg_ret_26
		COREAXITOAHBL_1.U_AXISlaveCtrl.ADDRReg_ret_28
		COREAXITOAHBL_1.U_AXISlaveCtrl.ADDRReg_ret_30
		COREAXITOAHBL_1.U_AXISlaveCtrl.ADDRReg_ret_32
		COREAXITOAHBL_1.U_AXISlaveCtrl.ADDRReg_ret_34
		COREAXITOAHBL_1.U_AXISlaveCtrl.ADDRReg_ret_36
		COREAXITOAHBL_1.U_AXISlaveCtrl.ADDRReg_ret_38
		COREAXITOAHBL_1.U_AXISlaveCtrl.ADDRReg_ret_40
		COREAXITOAHBL_1.U_AXISlaveCtrl.ADDRReg_ret_41
		COREAXITOAHBL_1.U_AXISlaveCtrl.ADDRReg_ret_42
		COREAXITOAHBL_1.U_AXISlaveCtrl.ADDRReg_ret_44
		COREAXITOAHBL_1.U_AXISlaveCtrl.ADDRReg_ret_45
		COREAXITOAHBL_1.U_AXISlaveCtrl.ADDRReg_ret_47
		COREAXITOAHBL_1.U_AXISlaveCtrl.ADDRReg_ret_48
		COREAXITOAHBL_1.U_AXISlaveCtrl.ADDRReg_ret_50
		COREAXITOAHBL_1.U_AXISlaveCtrl.ADDRReg_ret_51
		COREAXITOAHBL_1.U_AXISlaveCtrl.ADDRReg_ret_53
		COREAXITOAHBL_1.U_AXISlaveCtrl.ADDRReg_ret_54
		COREAXITOAHBL_1.U_AXISlaveCtrl.ADDRReg_ret_56
		COREAXITOAHBL_1.U_AXISlaveCtrl.ADDRReg_ret_58
		COREAXITOAHBL_1.U_AXISlaveCtrl.ADDRReg_ret_60
		COREAXITOAHBL_1.U_AXISlaveCtrl.ADDRReg_ret_61
		COREAXITOAHBL_1.U_AXISlaveCtrl.ADDRReg_ret_63
		COREAXITOAHBL_1.U_AXISlaveCtrl.ADDRReg_ret_64
		COREAXITOAHBL_1.U_AXISlaveCtrl.ADDRReg_ret_65
		COREAXITOAHBL_1.U_AXISlaveCtrl.ADDRReg_ret_66
		COREAXITOAHBL_1.U_AXISlaveCtrl.ADDRReg_ret_67
		COREAXITOAHBL_1.U_AXISlaveCtrl.ADDRReg_ret_68
		COREAXITOAHBL_1.U_AXISlaveCtrl.ADDRReg_ret_69
		COREAXITOAHBL_1.U_AXISlaveCtrl.U_WSTRBPopCntr.validByteCnt_ret
		COREAXITOAHBL_1.U_AXISlaveCtrl.U_WSTRBPopCntr.validByteCnt_ret_1
		COREAXITOAHBL_1.U_AXISlaveCtrl.validByteCnt_ret
		COREAXITOAHBL_1.U_AXISlaveCtrl.validByteCnt_ret_1
		COREAXITOAHBL_1.U_AXISlaveCtrl.validByteCnt_ret_2
		COREAXITOAHBL_1.U_AXISlaveCtrl.validByteCnt_ret_3
		COREAXITOAHBL_1.U_AXISlaveCtrl.validByteCnt_ret_4
		COREAXITOAHBL_1.U_AXISlaveCtrl.validByteCnt_ret_5
		COREAXITOAHBL_1.U_AXISlaveCtrl.validByteCnt_ret_6
		COREAXITOAHBL_1.U_AXISlaveCtrl.validByteCnt_ret_7
		COREAXITOAHBL_1.U_AXISlaveCtrl.validByteCnt_ret_8
		COREAXITOAHBL_1.U_AXISlaveCtrl.validByteCnt_ret_9
		COREAXITOAHBL_1.U_AXISlaveCtrl.validByteCnt_ret_10
		COREAXITOAHBL_1.U_AXISlaveCtrl.validByteCnt_ret_11
		COREAXITOAHBL_1.U_AXISlaveCtrl.validByteCnt_ret_12
		COREAXITOAHBL_1.U_AXISlaveCtrl.validByteCnt_ret_13
		COREAXITOAHBL_1.U_AXISlaveCtrl.validByteCnt_ret_14
		COREAXITOAHBL_1.U_AXISlaveCtrl.validByteCnt_ret_15
		COREAXITOAHBL_1.U_AXISlaveCtrl.validByteCnt_ret_16
		COREJTAGDEBUG_0.genblk1.UJ_JTAG_0.count_ret
		COREJTAGDEBUG_0.genblk1.UJ_JTAG_0.count_ret[0]
		COREJTAGDEBUG_0.genblk1.UJ_JTAG_0.count_ret[1]
		COREJTAGDEBUG_0.genblk1.UJ_JTAG_0.count_ret[2]
		COREJTAGDEBUG_0.genblk1.UJ_JTAG_0.count_ret[3]
		COREJTAGDEBUG_0.genblk1.UJ_JTAG_0.count_ret[4]
		COREJTAGDEBUG_0.genblk1.UJ_JTAG_0.count_ret_1
		COREJTAGDEBUG_0.genblk1.UJ_JTAG_0.count_ret_2
		COREJTAGDEBUG_0.genblk1.UJ_JTAG_0.endofshift_ret
		COREJTAGDEBUG_0.genblk1.UJ_JTAG_0.endofshift_ret_1
		COREJTAGDEBUG_0.genblk1.UJ_JTAG_0.endofshift_ret_2
		COREJTAGDEBUG_0.genblk1.UJ_JTAG_0.endofshift_ret_3
		COREJTAGDEBUG_0.genblk1.UJ_JTAG_0.state_ret
		COREJTAGDEBUG_0.genblk1.UJ_JTAG_0.state_ret_0
		COREJTAGDEBUG_0.genblk1.UJ_JTAG_0.state_ret_1
		COREJTAGDEBUG_0.genblk1.UJ_JTAG_0.state_ret_2
		COREJTAGDEBUG_0.genblk1.UJ_JTAG_0.state_ret_3
		COREJTAGDEBUG_0.genblk1.UJ_JTAG_0.state_ret_4
		COREJTAGDEBUG_0.genblk1.UJ_JTAG_0.state_ret_5
		CORERISCV_AXI4_0.ChiselTop0.RocketTile_1.DCache_1.T_3961_1.pstore1_typ_ret
		CORERISCV_AXI4_0.ChiselTop0.RocketTile_1.DCache_1.T_3961_1.pstore1_typ_ret_1
		CORERISCV_AXI4_0.ChiselTop0.RocketTile_1.DCache_1.pstore1_typ_ret
		CORERISCV_AXI4_0.ChiselTop0.RocketTile_1.DCache_1.pstore1_typ_ret_1
		CORERISCV_AXI4_0.ChiselTop0.RocketTile_1.DCache_1.pstore1_typ_ret_2
		CORERISCV_AXI4_0.ChiselTop0.RocketTile_1.DCache_1.pstore1_typ_ret_3
		CORERISCV_AXI4_0.ChiselTop0.RocketTile_1.DCache_1.pstore1_typ_ret_4
		CORERISCV_AXI4_0.ChiselTop0.RocketTile_1.DCache_1.pstore1_typ_ret_5
		CORERISCV_AXI4_0.ChiselTop0.RocketTile_1.DCache_1.release_ack_wait_ret_1
		CORERISCV_AXI4_0.ChiselTop0.RocketTile_1.DCache_1.s2_req_cmd_ret
		CORERISCV_AXI4_0.ChiselTop0.RocketTile_1.core.alu.mem_reg_wdata_ret
		CORERISCV_AXI4_0.ChiselTop0.RocketTile_1.core.alu.mem_reg_wdata_ret_0
		CORERISCV_AXI4_0.ChiselTop0.RocketTile_1.core.alu.mem_reg_wdata_ret_1
		CORERISCV_AXI4_0.ChiselTop0.RocketTile_1.core.alu.mem_reg_wdata_ret_2
		CORERISCV_AXI4_0.ChiselTop0.RocketTile_1.core.alu.mem_reg_wdata_ret_3
		CORERISCV_AXI4_0.ChiselTop0.RocketTile_1.core.alu.mem_reg_wdata_ret_4
		CORERISCV_AXI4_0.ChiselTop0.RocketTile_1.core.alu.mem_reg_wdata_ret_5
		CORERISCV_AXI4_0.ChiselTop0.RocketTile_1.core.alu.mem_reg_wdata_ret_6
		CORERISCV_AXI4_0.ChiselTop0.RocketTile_1.core.alu.mem_reg_wdata_ret_7
		CORERISCV_AXI4_0.ChiselTop0.RocketTile_1.core.alu.mem_reg_wdata_ret_8
		CORERISCV_AXI4_0.ChiselTop0.RocketTile_1.core.alu.mem_reg_wdata_ret_9
		CORERISCV_AXI4_0.ChiselTop0.RocketTile_1.core.alu.mem_reg_wdata_ret_10
		CORERISCV_AXI4_0.ChiselTop0.RocketTile_1.core.alu.mem_reg_wdata_ret_11
		CORERISCV_AXI4_0.ChiselTop0.RocketTile_1.core.alu.mem_reg_wdata_ret_12
		CORERISCV_AXI4_0.ChiselTop0.RocketTile_1.core.alu.mem_reg_wdata_ret_13
		CORERISCV_AXI4_0.ChiselTop0.RocketTile_1.core.alu.mem_reg_wdata_ret_14
		CORERISCV_AXI4_0.ChiselTop0.RocketTile_1.core.alu.mem_reg_wdata_ret_15
		CORERISCV_AXI4_0.ChiselTop0.RocketTile_1.core.alu.mem_reg_wdata_ret_16
		CORERISCV_AXI4_0.ChiselTop0.RocketTile_1.core.alu.mem_reg_wdata_ret_17
		CORERISCV_AXI4_0.ChiselTop0.RocketTile_1.core.alu.mem_reg_wdata_ret_18
		CORERISCV_AXI4_0.ChiselTop0.RocketTile_1.core.alu.mem_reg_wdata_ret_19
		CORERISCV_AXI4_0.ChiselTop0.RocketTile_1.core.alu.mem_reg_wdata_ret_20
		CORERISCV_AXI4_0.ChiselTop0.RocketTile_1.core.alu.mem_reg_wdata_ret_21
		CORERISCV_AXI4_0.ChiselTop0.RocketTile_1.core.alu.mem_reg_wdata_ret_22
		CORERISCV_AXI4_0.ChiselTop0.RocketTile_1.core.alu.mem_reg_wdata_ret_23
		CORERISCV_AXI4_0.ChiselTop0.RocketTile_1.core.alu.mem_reg_wdata_ret_24
		CORERISCV_AXI4_0.ChiselTop0.RocketTile_1.core.alu.mem_reg_wdata_ret_25
		CORERISCV_AXI4_0.ChiselTop0.RocketTile_1.core.alu.mem_reg_wdata_ret_26
		CORERISCV_AXI4_0.ChiselTop0.RocketTile_1.core.alu.mem_reg_wdata_ret_27
		CORERISCV_AXI4_0.ChiselTop0.RocketTile_1.core.alu.mem_reg_wdata_ret_28
		CORERISCV_AXI4_0.ChiselTop0.RocketTile_1.core.alu.mem_reg_wdata_ret_29
		CORERISCV_AXI4_0.ChiselTop0.RocketTile_1.core.alu.mem_reg_wdata_ret_30
		CORERISCV_AXI4_0.ChiselTop0.RocketTile_1.core.alu.mem_reg_wdata_ret_31
		CORERISCV_AXI4_0.ChiselTop0.RocketTile_1.core.alu.mem_reg_wdata_ret_32
		CORERISCV_AXI4_0.ChiselTop0.RocketTile_1.core.alu.mem_reg_wdata_ret_33
		CORERISCV_AXI4_0.ChiselTop0.RocketTile_1.core.alu.mem_reg_wdata_ret_34
		CORERISCV_AXI4_0.ChiselTop0.RocketTile_1.core.alu.mem_reg_wdata_ret_35
		CORERISCV_AXI4_0.ChiselTop0.RocketTile_1.core.alu.mem_reg_wdata_ret_36
		CORERISCV_AXI4_0.ChiselTop0.RocketTile_1.core.alu.mem_reg_wdata_ret_37
		CORERISCV_AXI4_0.ChiselTop0.RocketTile_1.core.alu.mem_reg_wdata_ret_38
		CORERISCV_AXI4_0.ChiselTop0.RocketTile_1.core.alu.mem_reg_wdata_ret_39
		CORERISCV_AXI4_0.ChiselTop0.RocketTile_1.core.alu.mem_reg_wdata_ret_40
		CORERISCV_AXI4_0.ChiselTop0.RocketTile_1.core.alu.mem_reg_wdata_ret_41
		CORERISCV_AXI4_0.ChiselTop0.RocketTile_1.core.alu.mem_reg_wdata_ret_42
		CORERISCV_AXI4_0.ChiselTop0.RocketTile_1.core.alu.mem_reg_wdata_ret_43
		CORERISCV_AXI4_0.ChiselTop0.RocketTile_1.core.alu.mem_reg_wdata_ret_44
		CORERISCV_AXI4_0.ChiselTop0.RocketTile_1.core.alu.mem_reg_wdata_ret_45
		CORERISCV_AXI4_0.ChiselTop0.RocketTile_1.core.alu.mem_reg_wdata_ret_46
		CORERISCV_AXI4_0.ChiselTop0.RocketTile_1.core.alu.mem_reg_wdata_ret_48
		CORERISCV_AXI4_0.ChiselTop0.RocketTile_1.core.alu.mem_reg_wdata_ret_50
		CORERISCV_AXI4_0.ChiselTop0.RocketTile_1.core.alu.mem_reg_wdata_ret_51
		CORERISCV_AXI4_0.ChiselTop0.RocketTile_1.core.alu.mem_reg_wdata_ret_52
		CORERISCV_AXI4_0.ChiselTop0.RocketTile_1.core.alu.mem_reg_wdata_ret_54
		CORERISCV_AXI4_0.ChiselTop0.RocketTile_1.core.alu.mem_reg_wdata_ret_55
		CORERISCV_AXI4_0.ChiselTop0.RocketTile_1.core.alu.mem_reg_wdata_ret_56
		CORERISCV_AXI4_0.ChiselTop0.RocketTile_1.core.alu.mem_reg_wdata_ret_58
		CORERISCV_AXI4_0.ChiselTop0.RocketTile_1.core.alu.mem_reg_wdata_ret_59
		CORERISCV_AXI4_0.ChiselTop0.RocketTile_1.core.alu.mem_reg_wdata_ret_60
		CORERISCV_AXI4_0.ChiselTop0.RocketTile_1.core.alu.mem_reg_wdata_ret_62
		CORERISCV_AXI4_0.ChiselTop0.RocketTile_1.core.alu.mem_reg_wdata_ret_64
		CORERISCV_AXI4_0.ChiselTop0.RocketTile_1.core.alu.mem_reg_wdata_ret_65
		CORERISCV_AXI4_0.ChiselTop0.RocketTile_1.core.alu.mem_reg_wdata_ret_66
		CORERISCV_AXI4_0.ChiselTop0.RocketTile_1.core.alu.mem_reg_wdata_ret_68
		CORERISCV_AXI4_0.ChiselTop0.RocketTile_1.core.alu.mem_reg_wdata_ret_70
		CORERISCV_AXI4_0.ChiselTop0.RocketTile_1.core.alu.mem_reg_wdata_ret_71
		CORERISCV_AXI4_0.ChiselTop0.RocketTile_1.core.alu.mem_reg_wdata_ret_72
		CORERISCV_AXI4_0.ChiselTop0.RocketTile_1.core.alu.mem_reg_wdata_ret_74
		CORERISCV_AXI4_0.ChiselTop0.RocketTile_1.core.alu.mem_reg_wdata_ret_75
		CORERISCV_AXI4_0.ChiselTop0.RocketTile_1.core.alu.mem_reg_wdata_ret_76
		CORERISCV_AXI4_0.ChiselTop0.RocketTile_1.core.alu.mem_reg_wdata_ret_78
		CORERISCV_AXI4_0.ChiselTop0.RocketTile_1.core.alu.mem_reg_wdata_ret_79
		CORERISCV_AXI4_0.ChiselTop0.RocketTile_1.core.alu.mem_reg_wdata_ret_80
		CORERISCV_AXI4_0.ChiselTop0.RocketTile_1.core.alu.mem_reg_wdata_ret_82
		CORERISCV_AXI4_0.ChiselTop0.RocketTile_1.core.alu.mem_reg_wdata_ret_83
		CORERISCV_AXI4_0.ChiselTop0.RocketTile_1.core.alu.mem_reg_wdata_ret_84
		CORERISCV_AXI4_0.ChiselTop0.RocketTile_1.core.alu.mem_reg_wdata_ret_86
		CORERISCV_AXI4_0.ChiselTop0.RocketTile_1.core.alu.mem_reg_wdata_ret_109
		CORERISCV_AXI4_0.ChiselTop0.RocketTile_1.core.csr.wb_reg_inst_ret
		CORERISCV_AXI4_0.ChiselTop0.RocketTile_1.core.csr.wb_reg_inst_ret_0
		CORERISCV_AXI4_0.ChiselTop0.RocketTile_1.core.csr.wb_reg_inst_ret_1
		CORERISCV_AXI4_0.ChiselTop0.RocketTile_1.core.csr.wb_reg_inst_ret_2
		CORERISCV_AXI4_0.ChiselTop0.RocketTile_1.core.csr.wb_reg_inst_ret_3
		CORERISCV_AXI4_0.ChiselTop0.RocketTile_1.core.csr.wb_reg_inst_ret_4
		CORERISCV_AXI4_0.ChiselTop0.RocketTile_1.core.csr.wb_reg_inst_ret_5
		CORERISCV_AXI4_0.ChiselTop0.RocketTile_1.core.csr.wb_reg_inst_ret_6
		CORERISCV_AXI4_0.ChiselTop0.RocketTile_1.core.csr.wb_reg_inst_ret_7
		CORERISCV_AXI4_0.ChiselTop0.RocketTile_1.core.csr.wb_reg_inst_ret_8
		CORERISCV_AXI4_0.ChiselTop0.RocketTile_1.core.csr.wb_reg_inst_ret_9
		CORERISCV_AXI4_0.ChiselTop0.RocketTile_1.core.csr.wb_reg_inst_ret_10
		CORERISCV_AXI4_0.ChiselTop0.RocketTile_1.core.csr.wb_reg_inst_ret_11
		CORERISCV_AXI4_0.ChiselTop0.RocketTile_1.core.csr.wb_reg_inst_ret_12
		CORERISCV_AXI4_0.ChiselTop0.RocketTile_1.core.csr.wb_reg_inst_ret_14
		CORERISCV_AXI4_0.ChiselTop0.RocketTile_1.core.csr.wb_reg_inst_ret_15
		CORERISCV_AXI4_0.ChiselTop0.RocketTile_1.core.csr.wb_reg_inst_ret_16
		CORERISCV_AXI4_0.ChiselTop0.RocketTile_1.core.csr.wb_reg_inst_ret_17
		CORERISCV_AXI4_0.ChiselTop0.RocketTile_1.core.csr.wb_reg_valid_ret
		CORERISCV_AXI4_0.ChiselTop0.RocketTile_1.core.csr.wb_reg_valid_ret_0
		CORERISCV_AXI4_0.ChiselTop0.RocketTile_1.core.mem_reg_wdata_ret
		CORERISCV_AXI4_0.ChiselTop0.RocketTile_1.core.mem_reg_wdata_ret_0
		CORERISCV_AXI4_0.ChiselTop0.RocketTile_1.core.mem_reg_wdata_ret_1
		CORERISCV_AXI4_0.ChiselTop0.RocketTile_1.core.mem_reg_wdata_ret_2
		CORERISCV_AXI4_0.ChiselTop0.RocketTile_1.core.mem_reg_wdata_ret_3
		CORERISCV_AXI4_0.ChiselTop0.RocketTile_1.core.mem_reg_wdata_ret_4
		CORERISCV_AXI4_0.ChiselTop0.RocketTile_1.core.mem_reg_wdata_ret_5
		CORERISCV_AXI4_0.ChiselTop0.RocketTile_1.core.mem_reg_wdata_ret_6
		CORERISCV_AXI4_0.ChiselTop0.RocketTile_1.core.mem_reg_wdata_ret_7
		CORERISCV_AXI4_0.ChiselTop0.RocketTile_1.core.mem_reg_wdata_ret_8
		CORERISCV_AXI4_0.ChiselTop0.RocketTile_1.core.mem_reg_wdata_ret_9
		CORERISCV_AXI4_0.ChiselTop0.RocketTile_1.core.mem_reg_wdata_ret_10
		CORERISCV_AXI4_0.ChiselTop0.RocketTile_1.core.mem_reg_wdata_ret_11
		CORERISCV_AXI4_0.ChiselTop0.RocketTile_1.core.mem_reg_wdata_ret_12
		CORERISCV_AXI4_0.ChiselTop0.RocketTile_1.core.mem_reg_wdata_ret_13
		CORERISCV_AXI4_0.ChiselTop0.RocketTile_1.core.mem_reg_wdata_ret_14
		CORERISCV_AXI4_0.ChiselTop0.RocketTile_1.core.mem_reg_wdata_ret_15
		CORERISCV_AXI4_0.ChiselTop0.RocketTile_1.core.mem_reg_wdata_ret_16
		CORERISCV_AXI4_0.ChiselTop0.RocketTile_1.core.mem_reg_wdata_ret_17
		CORERISCV_AXI4_0.ChiselTop0.RocketTile_1.core.mem_reg_wdata_ret_18
		CORERISCV_AXI4_0.ChiselTop0.RocketTile_1.core.mem_reg_wdata_ret_19
		CORERISCV_AXI4_0.ChiselTop0.RocketTile_1.core.mem_reg_wdata_ret_20
		CORERISCV_AXI4_0.ChiselTop0.RocketTile_1.core.mem_reg_wdata_ret_21
		CORERISCV_AXI4_0.ChiselTop0.RocketTile_1.core.mem_reg_wdata_ret_22
		CORERISCV_AXI4_0.ChiselTop0.RocketTile_1.core.mem_reg_wdata_ret_23
		CORERISCV_AXI4_0.ChiselTop0.RocketTile_1.core.mem_reg_wdata_ret_24
		CORERISCV_AXI4_0.ChiselTop0.RocketTile_1.core.mem_reg_wdata_ret_25
		CORERISCV_AXI4_0.ChiselTop0.RocketTile_1.core.mem_reg_wdata_ret_26
		CORERISCV_AXI4_0.ChiselTop0.RocketTile_1.core.mem_reg_wdata_ret_27
		CORERISCV_AXI4_0.ChiselTop0.RocketTile_1.core.mem_reg_wdata_ret_28
		CORERISCV_AXI4_0.ChiselTop0.RocketTile_1.core.mem_reg_wdata_ret_30
		CORERISCV_AXI4_0.ChiselTop0.RocketTile_1.core.mem_reg_wdata_ret_31
		CORERISCV_AXI4_0.ChiselTop0.RocketTile_1.core.mem_reg_wdata_ret_32
		CORERISCV_AXI4_0.ChiselTop0.RocketTile_1.core.mem_reg_wdata_ret_33
		CORERISCV_AXI4_0.ChiselTop0.RocketTile_1.core.mem_reg_wdata_ret_34
		CORERISCV_AXI4_0.ChiselTop0.RocketTile_1.core.mem_reg_wdata_ret_35
		CORERISCV_AXI4_0.ChiselTop0.RocketTile_1.core.mem_reg_wdata_ret_36
		CORERISCV_AXI4_0.ChiselTop0.RocketTile_1.core.mem_reg_wdata_ret_37
		CORERISCV_AXI4_0.ChiselTop0.RocketTile_1.core.mem_reg_wdata_ret_38
		CORERISCV_AXI4_0.ChiselTop0.RocketTile_1.core.mem_reg_wdata_ret_39
		CORERISCV_AXI4_0.ChiselTop0.RocketTile_1.core.mem_reg_wdata_ret_40
		CORERISCV_AXI4_0.ChiselTop0.RocketTile_1.core.mem_reg_wdata_ret_41
		CORERISCV_AXI4_0.ChiselTop0.RocketTile_1.core.mem_reg_wdata_ret_42
		CORERISCV_AXI4_0.ChiselTop0.RocketTile_1.core.mem_reg_wdata_ret_43
		CORERISCV_AXI4_0.ChiselTop0.RocketTile_1.core.mem_reg_wdata_ret_45
		CORERISCV_AXI4_0.ChiselTop0.RocketTile_1.core.mem_reg_wdata_ret_47
		CORERISCV_AXI4_0.ChiselTop0.RocketTile_1.core.mem_reg_wdata_ret_48
		CORERISCV_AXI4_0.ChiselTop0.RocketTile_1.core.mem_reg_wdata_ret_49
		CORERISCV_AXI4_0.ChiselTop0.RocketTile_1.core.mem_reg_wdata_ret_51
		CORERISCV_AXI4_0.ChiselTop0.RocketTile_1.core.mem_reg_wdata_ret_52
		CORERISCV_AXI4_0.ChiselTop0.RocketTile_1.core.mem_reg_wdata_ret_53
		CORERISCV_AXI4_0.ChiselTop0.RocketTile_1.core.mem_reg_wdata_ret_55
		CORERISCV_AXI4_0.ChiselTop0.RocketTile_1.core.mem_reg_wdata_ret_56
		CORERISCV_AXI4_0.ChiselTop0.RocketTile_1.core.mem_reg_wdata_ret_57
		CORERISCV_AXI4_0.ChiselTop0.RocketTile_1.core.mem_reg_wdata_ret_59
		CORERISCV_AXI4_0.ChiselTop0.RocketTile_1.core.mem_reg_wdata_ret_60
		CORERISCV_AXI4_0.ChiselTop0.RocketTile_1.core.mem_reg_wdata_ret_61
		CORERISCV_AXI4_0.ChiselTop0.RocketTile_1.core.mem_reg_wdata_ret_66
		CORERISCV_AXI4_0.ChiselTop0.RocketTile_1.core.mem_reg_wdata_ret_67
		CORERISCV_AXI4_0.ChiselTop0.RocketTile_1.core.mem_reg_wdata_ret_68
		CORERISCV_AXI4_0.ChiselTop0.RocketTile_1.core.mem_reg_wdata_ret_70
		CORERISCV_AXI4_0.ChiselTop0.RocketTile_1.core.mem_reg_wdata_ret_71
		CORERISCV_AXI4_0.ChiselTop0.RocketTile_1.core.mem_reg_wdata_ret_72
		CORERISCV_AXI4_0.ChiselTop0.RocketTile_1.core.mem_reg_wdata_ret_74
		CORERISCV_AXI4_0.ChiselTop0.RocketTile_1.core.mem_reg_wdata_ret_75
		CORERISCV_AXI4_0.ChiselTop0.RocketTile_1.core.mem_reg_wdata_ret_76
		CORERISCV_AXI4_0.ChiselTop0.RocketTile_1.core.mem_reg_wdata_ret_77
		CORERISCV_AXI4_0.ChiselTop0.RocketTile_1.core.mem_reg_wdata_ret_78
		CORERISCV_AXI4_0.ChiselTop0.RocketTile_1.core.mem_reg_wdata_ret_79
		CORERISCV_AXI4_0.ChiselTop0.RocketTile_1.core.mem_reg_wdata_ret_80
		CORERISCV_AXI4_0.ChiselTop0.RocketTile_1.core.mem_reg_wdata_ret_81
		CORERISCV_AXI4_0.ChiselTop0.RocketTile_1.core.mem_reg_wdata_ret_82
		CORERISCV_AXI4_0.ChiselTop0.RocketTile_1.core.mem_reg_wdata_ret_83
		CORERISCV_AXI4_0.ChiselTop0.RocketTile_1.core.mem_reg_wdata_ret_84
		CORERISCV_AXI4_0.ChiselTop0.RocketTile_1.core.mem_reg_wdata_ret_85
		CORERISCV_AXI4_0.ChiselTop0.RocketTile_1.core.mem_reg_wdata_ret_86
		CORERISCV_AXI4_0.ChiselTop0.RocketTile_1.core.mem_reg_wdata_ret_87
		CORERISCV_AXI4_0.ChiselTop0.RocketTile_1.core.mem_reg_wdata_ret_88
		CORERISCV_AXI4_0.ChiselTop0.RocketTile_1.core.mem_reg_wdata_ret_89
		CORERISCV_AXI4_0.ChiselTop0.RocketTile_1.core.mem_reg_wdata_ret_90
		CORERISCV_AXI4_0.ChiselTop0.RocketTile_1.core.mem_reg_wdata_ret_91
		CORERISCV_AXI4_0.ChiselTop0.RocketTile_1.core.mem_reg_wdata_ret_92
		CORERISCV_AXI4_0.ChiselTop0.RocketTile_1.core.mem_reg_wdata_ret_93
		CORERISCV_AXI4_0.ChiselTop0.RocketTile_1.core.mem_reg_wdata_ret_94
		CORERISCV_AXI4_0.ChiselTop0.RocketTile_1.core.mem_reg_wdata_ret_95
		CORERISCV_AXI4_0.ChiselTop0.RocketTile_1.core.mem_reg_wdata_ret_96
		CORERISCV_AXI4_0.ChiselTop0.RocketTile_1.core.mem_reg_wdata_ret_97
		CORERISCV_AXI4_0.ChiselTop0.RocketTile_1.core.mem_reg_wdata_ret_98
		CORERISCV_AXI4_0.ChiselTop0.RocketTile_1.core.mem_reg_wdata_ret_99
		CORERISCV_AXI4_0.ChiselTop0.RocketTile_1.core.mem_reg_wdata_ret_100
		CORERISCV_AXI4_0.ChiselTop0.RocketTile_1.core.mem_reg_wdata_ret_101
		CORERISCV_AXI4_0.ChiselTop0.RocketTile_1.core.mem_reg_wdata_ret_102
		CORERISCV_AXI4_0.ChiselTop0.RocketTile_1.core.mem_reg_wdata_ret_103
		CORERISCV_AXI4_0.ChiselTop0.RocketTile_1.core.mem_reg_wdata_ret_104
		CORERISCV_AXI4_0.ChiselTop0.RocketTile_1.core.mem_reg_wdata_ret_105
		CORERISCV_AXI4_0.ChiselTop0.RocketTile_1.core.reg_bp_1_control_bpmatch_ret
		CORERISCV_AXI4_0.ChiselTop0.RocketTile_1.core.s1_pc__ret
		CORERISCV_AXI4_0.ChiselTop0.RocketTile_1.core.s1_pc__ret_1
		CORERISCV_AXI4_0.ChiselTop0.RocketTile_1.core.s1_pc__ret_2
		CORERISCV_AXI4_0.ChiselTop0.RocketTile_1.core.s1_pc__ret_3
		CORERISCV_AXI4_0.ChiselTop0.RocketTile_1.core.s1_pc__ret_4
		CORERISCV_AXI4_0.ChiselTop0.RocketTile_1.core.s1_pc__ret_5
		CORERISCV_AXI4_0.ChiselTop0.RocketTile_1.core.s1_pc__ret_6
		CORERISCV_AXI4_0.ChiselTop0.RocketTile_1.core.s1_pc__ret_7
		CORERISCV_AXI4_0.ChiselTop0.RocketTile_1.core.s1_pc__ret_8
		CORERISCV_AXI4_0.ChiselTop0.RocketTile_1.core.s1_pc__ret_9
		CORERISCV_AXI4_0.ChiselTop0.RocketTile_1.core.s1_pc__ret_10
		CORERISCV_AXI4_0.ChiselTop0.RocketTile_1.core.s1_pc__ret_11
		CORERISCV_AXI4_0.ChiselTop0.RocketTile_1.core.s1_pc__ret_12
		CORERISCV_AXI4_0.ChiselTop0.RocketTile_1.core.s1_pc__ret_13
		CORERISCV_AXI4_0.ChiselTop0.RocketTile_1.core.s1_pc__ret_14
		CORERISCV_AXI4_0.ChiselTop0.RocketTile_1.core.s1_pc__ret_15
		CORERISCV_AXI4_0.ChiselTop0.RocketTile_1.core.s1_pc__ret_16
		CORERISCV_AXI4_0.ChiselTop0.RocketTile_1.core.s1_pc__ret_17
		CORERISCV_AXI4_0.ChiselTop0.RocketTile_1.core.s1_pc__ret_18
		CORERISCV_AXI4_0.ChiselTop0.RocketTile_1.core.s1_vaddr_ret
		CORERISCV_AXI4_0.ChiselTop0.RocketTile_1.core.s1_valid_ret
		CORERISCV_AXI4_0.ChiselTop0.RocketTile_1.core.wb_ctrl_csr_ret[0]
		CORERISCV_AXI4_0.ChiselTop0.RocketTile_1.core.wb_ctrl_csr_ret[1]
		CORERISCV_AXI4_0.ChiselTop0.RocketTile_1.core.wb_ctrl_csr_ret[2]
		CORERISCV_AXI4_0.ChiselTop0.RocketTile_1.core.wb_ctrl_csr_ret_0[0]
		CORERISCV_AXI4_0.ChiselTop0.RocketTile_1.core.wb_ctrl_csr_ret_0[1]
		CORERISCV_AXI4_0.ChiselTop0.RocketTile_1.icache.icache.s1_vaddr_ret
		CORERISCV_AXI4_0.ChiselTop0.RocketTile_1.icache.icache.s1_vaddr_ret_1
		CORERISCV_AXI4_0.ChiselTop0.RocketTile_1.icache.icache.s1_valid_ret
		CORERISCV_AXI4_0.ChiselTop0.RocketTile_1.icache.icache.s1_valid_ret_1
		CORERISCV_AXI4_0.ChiselTop0.RocketTile_1.icache.icache.state_ns_1_0_.state_ret
		CORERISCV_AXI4_0.ChiselTop0.RocketTile_1.icache.icache.state_ns_1_0_.state_ret_1
		CORERISCV_AXI4_0.ChiselTop0.RocketTile_1.icache.icache.state_ret
		CORERISCV_AXI4_0.ChiselTop0.RocketTile_1.icache.s1_pc__ret
		CORERISCV_AXI4_0.ChiselTop0.RocketTile_1.icache.s1_pc__ret_1
		CORERISCV_AXI4_0.ChiselTop0.RocketTile_1.icache.s1_pc__ret_2
		CORERISCV_AXI4_0.ChiselTop0.RocketTile_1.icache.s1_pc__ret_3
		CORERISCV_AXI4_0.ChiselTop0.RocketTile_1.icache.s1_pc__ret_4
		CORERISCV_AXI4_0.ChiselTop0.RocketTile_1.icache.s1_pc__ret_5
		CORERISCV_AXI4_0.ChiselTop0.RocketTile_1.icache.s1_pc__ret_6
		CORERISCV_AXI4_0.ChiselTop0.RocketTile_1.icache.s1_pc__ret_7
		CORERISCV_AXI4_0.ChiselTop0.RocketTile_1.icache.s1_pc__ret_8
		CORERISCV_AXI4_0.ChiselTop0.RocketTile_1.icache.s1_pc__ret_9
		CORERISCV_AXI4_0.ChiselTop0.RocketTile_1.icache.s1_pc__ret_10
		CORERISCV_AXI4_0.ChiselTop0.RocketTile_1.icache.s1_pc__ret_11
		CORERISCV_AXI4_0.ChiselTop0.RocketTile_1.icache.s1_pc__ret_12
		CORERISCV_AXI4_0.ChiselTop0.RocketTile_1.icache.s1_pc__ret_13
		CORERISCV_AXI4_0.ChiselTop0.RocketTile_1.icache.s1_pc__ret_14
		CORERISCV_AXI4_0.ChiselTop0.RocketTile_1.icache.s1_pc__ret_15
		CORERISCV_AXI4_0.ChiselTop0.RocketTile_1.icache.s1_pc__ret_16
		CORERISCV_AXI4_0.ChiselTop0.RocketTile_1.icache.s1_pc__ret_17
		CORERISCV_AXI4_0.ChiselTop0.RocketTile_1.icache.s1_pc__ret_18
		CORERISCV_AXI4_0.ChiselTop0.RocketTile_1.icache.s1_pc__ret_19
		CORERISCV_AXI4_0.ChiselTop0.RocketTile_1.icache.s1_pc__ret_20
		CORERISCV_AXI4_0.ChiselTop0.RocketTile_1.icache.s1_pc__ret_21
		CORERISCV_AXI4_0.ChiselTop0.RocketTile_1.icache.s1_pc__ret_22
		CORERISCV_AXI4_0.ChiselTop0.RocketTile_1.icache.s1_pc__ret_23
		CORERISCV_AXI4_0.ChiselTop0.RocketTile_1.icache.s1_pc__ret_24
		CORERISCV_AXI4_0.ChiselTop0.RocketTile_1.icache.s1_pc__ret_25
		CORERISCV_AXI4_0.ChiselTop0.RocketTile_1.icache.s1_pc__ret_26
		CORERISCV_AXI4_0.ChiselTop0.RocketTile_1.icache.s1_pc__ret_27
		CORERISCV_AXI4_0.ChiselTop0.RocketTile_1.icache.s1_pc__ret_28
		CORERISCV_AXI4_0.ChiselTop0.RocketTile_1.icache.s1_pc__ret_29
		CORERISCV_AXI4_0.ChiselTop0.RocketTile_1.icache.s1_pc__ret_30
		CORERISCV_AXI4_0.ChiselTop0.RocketTile_1.icache.s1_pc__ret_31
		CORERISCV_AXI4_0.ChiselTop0.RocketTile_1.icache.s1_pc__ret_32
		CORERISCV_AXI4_0.ChiselTop0.RocketTile_1.icache.s1_pc__ret_33
		CORERISCV_AXI4_0.ChiselTop0.RocketTile_1.icache.s1_pc__ret_34
		CORERISCV_AXI4_0.ChiselTop0.RocketTile_1.icache.s1_pc__ret_35
		CORERISCV_AXI4_0.ChiselTop0.RocketTile_1.icache.s1_pc__ret_36
		CORERISCV_AXI4_0.ChiselTop0.RocketTile_1.icache.s1_pc__ret_37
		CORERISCV_AXI4_0.ChiselTop0.RocketTile_1.icache.s1_vaddr_ret
		CORERISCV_AXI4_0.ChiselTop0.RocketTile_1.icache.s1_vaddr_ret_1
		CORERISCV_AXI4_0.ChiselTop0.RocketTile_1.icache.s1_vaddr_ret_2
		CORERISCV_AXI4_0.ChiselTop0.RocketTile_1.icache.s1_vaddr_ret_3
		CORERISCV_AXI4_0.ChiselTop0.RocketTile_1.icache.s1_vaddr_ret_4
		CORERISCV_AXI4_0.ChiselTop0.RocketTile_1.icache.s1_valid_ret
		CORERISCV_AXI4_0.ChiselTop0.uncore.Queue_19_1.ADDRReg_ret
		CORERISCV_AXI4_0.ChiselTop0.uncore.Queue_19_1.ADDRReg_ret_1
		CORERISCV_AXI4_0.ChiselTop0.uncore.Queue_19_1.ADDRReg_ret_2
		CORERISCV_AXI4_0.ChiselTop0.uncore.outmemsys.ClientTileLinkIOUnwrapper_1.T_45_0_ret_4
		CORERISCV_AXI4_0.ChiselTop0.uncore.outmemsys.ClientTileLinkIOUnwrapper_1.acqArb.T_766_ret
		CORERISCV_AXI4_0.ChiselTop0.uncore.outmemsys.ClientTileLinkIOUnwrapper_1.acqArb.T_766_ret_0[0]
		CORERISCV_AXI4_0.ChiselTop0.uncore.outmemsys.ClientTileLinkIOUnwrapper_1.acqArb.T_766_ret_0[1]
		CORERISCV_AXI4_0.ChiselTop0.uncore.outmemsys.ClientTileLinkIOUnwrapper_1.acqArb.T_766_ret_1
		CORERISCV_AXI4_0.ChiselTop0.uncore.outmemsys.ClientTileLinkIOUnwrapper_1.acqArb.T_766_ret_6
		CORERISCV_AXI4_0.ChiselTop0.uncore.outmemsys.ClientTileLinkIOUnwrapper_1.acqArb.T_766_ret_12
		CORERISCV_AXI4_0.ChiselTop0.uncore.outmemsys.ClientTileLinkIOUnwrapper_1.acqArb.T_766_ret_13
		CORERISCV_AXI4_0.ChiselTop0.uncore.outmemsys.ClientTileLinkIOUnwrapper_1.acqArb.ram_addr_0__ret
		CORERISCV_AXI4_0.ChiselTop0.uncore.outmemsys.ClientTileLinkIOUnwrapper_1.acqArb.ram_addr_0__ret_1
		CORERISCV_AXI4_0.ChiselTop0.uncore.outmemsys.ClientTileLinkIOUnwrapper_1.acqArb.ram_addr_0__ret_2
		CORERISCV_AXI4_0.ChiselTop0.uncore.outmemsys.ClientTileLinkIOUnwrapper_1.acqArb.ram_addr_0__ret_3
		CORERISCV_AXI4_0.ChiselTop0.uncore.outmemsys.ClientTileLinkIOUnwrapper_1.acqArb.ram_addr_0__ret_4
		CORERISCV_AXI4_0.ChiselTop0.uncore.outmemsys.ClientTileLinkIOUnwrapper_1.acqArb.ram_addr_0__ret_5
		CORERISCV_AXI4_0.ChiselTop0.uncore.outmemsys.ClientTileLinkIOUnwrapper_1.acqArb.ram_addr_0__ret_6
		CORERISCV_AXI4_0.ChiselTop0.uncore.outmemsys.ClientTileLinkIOUnwrapper_1.acqArb.ram_addr_0__ret_7
		CORERISCV_AXI4_0.ChiselTop0.uncore.outmemsys.ClientTileLinkIOUnwrapper_1.acqArb.ram_addr_0__ret_8
		CORERISCV_AXI4_0.ChiselTop0.uncore.outmemsys.ClientTileLinkIOUnwrapper_1.acqArb.ram_addr_0__ret_9
		CORERISCV_AXI4_0.ChiselTop0.uncore.outmemsys.ClientTileLinkIOUnwrapper_1.acqArb.ram_addr_0__ret_10
		CORERISCV_AXI4_0.ChiselTop0.uncore.outmemsys.ClientTileLinkIOUnwrapper_1.acqArb.ram_addr_0__ret_11
		CORERISCV_AXI4_0.ChiselTop0.uncore.outmemsys.ClientTileLinkIOUnwrapper_1.acqArb.ram_addr_0__ret_12
		CORERISCV_AXI4_0.ChiselTop0.uncore.outmemsys.ClientTileLinkIOUnwrapper_1.acqArb.ram_addr_0__ret_13
		CORERISCV_AXI4_0.ChiselTop0.uncore.outmemsys.ClientTileLinkIOUnwrapper_1.acqArb.ram_addr_0__ret_14
		CORERISCV_AXI4_0.ChiselTop0.uncore.outmemsys.ClientTileLinkIOUnwrapper_1.acqArb.ram_addr_0__ret_15
		CORERISCV_AXI4_0.ChiselTop0.uncore.outmemsys.ClientTileLinkIOUnwrapper_1.acqArb.ram_addr_0__ret_16
		CORERISCV_AXI4_0.ChiselTop0.uncore.outmemsys.ClientTileLinkIOUnwrapper_1.acqArb.ram_addr_0__ret_17
		CORERISCV_AXI4_0.ChiselTop0.uncore.outmemsys.ClientTileLinkIOUnwrapper_1.acqArb.ram_addr_0__ret_18
		CORERISCV_AXI4_0.ChiselTop0.uncore.outmemsys.ClientTileLinkIOUnwrapper_1.acqArb.ram_addr_0__ret_19
		CORERISCV_AXI4_0.ChiselTop0.uncore.outmemsys.ClientTileLinkIOUnwrapper_1.acqArb.ram_addr_0__ret_20
		CORERISCV_AXI4_0.ChiselTop0.uncore.outmemsys.ClientTileLinkIOUnwrapper_1.acqArb.ram_addr_0__ret_21
		CORERISCV_AXI4_0.ChiselTop0.uncore.outmemsys.ClientTileLinkIOUnwrapper_1.acqArb.ram_addr_0__ret_22
		CORERISCV_AXI4_0.ChiselTop0.uncore.outmemsys.ClientTileLinkIOUnwrapper_1.acqArb.ram_addr_0__ret_23
		CORERISCV_AXI4_0.ChiselTop0.uncore.outmemsys.ClientTileLinkIOUnwrapper_1.acqArb.ram_addr_0__ret_24
		CORERISCV_AXI4_0.ChiselTop0.uncore.outmemsys.ClientTileLinkIOUnwrapper_1.acqArb.ram_addr_0__ret_25
		CORERISCV_AXI4_0.ChiselTop0.uncore.outmemsys.ClientTileLinkIOUnwrapper_1.acqArb.ram_addr_0__ret_26
		CORERISCV_AXI4_0.ChiselTop0.uncore.outmemsys.ClientTileLinkIOUnwrapper_1.acqArb.ram_addr_0__ret_27
		CORERISCV_AXI4_0.ChiselTop0.uncore.outmemsys.ClientTileLinkIOUnwrapper_1.acqArb.ram_addr_0__ret_28
		CORERISCV_AXI4_0.ChiselTop0.uncore.outmemsys.ClientTileLinkIOUnwrapper_1.acqArb.ram_size_0__ret_0
		CORERISCV_AXI4_0.ChiselTop0.uncore.outmemsys.ClientTileLinkIOUnwrapper_1.acqArb.ram_size_0__ret_1
		CORERISCV_AXI4_0.ChiselTop0.uncore.outmemsys.ClientTileLinkIOUnwrapper_1.relRoq.T_45_0_ret_0
		CORERISCV_AXI4_0.ChiselTop0.uncore.outmemsys.ClientTileLinkIOUnwrapper_1.relRoq.T_45_0_ret_1
		CORERISCV_AXI4_0.ChiselTop0.uncore.outmemsys.ClientTileLinkIOUnwrapper_1.relRoq.T_45_0_ret_2
		CORERISCV_AXI4_0.ChiselTop0.uncore.outmemsys.PROC_SUBSYSTEM_CORERISCV_AXI4_0_CORERISCV_AXI4_NASTI_IO_TILE_LINK_IO_CONVERTER_1.T_243_0_ret
		CORERISCV_AXI4_0.ChiselTop0.uncore.outmemsys.PROC_SUBSYSTEM_CORERISCV_AXI4_0_CORERISCV_AXI4_NASTI_IO_TILE_LINK_IO_CONVERTER_1.gnt_arb.T_766_ret
		CORERISCV_AXI4_0.ChiselTop0.uncore.outmemsys.PROC_SUBSYSTEM_CORERISCV_AXI4_0_CORERISCV_AXI4_NASTI_IO_TILE_LINK_IO_CONVERTER_1.gnt_arb.T_766_ret_0
		CORERISCV_AXI4_0.ChiselTop0.uncore.outmemsys.PROC_SUBSYSTEM_CORERISCV_AXI4_0_CORERISCV_AXI4_NASTI_IO_TILE_LINK_IO_CONVERTER_1.gnt_arb.T_766_ret_2
		CORERISCV_AXI4_0.ChiselTop0.uncore.outmemsys.PROC_SUBSYSTEM_CORERISCV_AXI4_0_CORERISCV_AXI4_NASTI_IO_TILE_LINK_IO_CONVERTER_1.gnt_arb.T_766_ret_7
		CORERISCV_AXI4_0.ChiselTop0.uncore.outmemsys.PROC_SUBSYSTEM_CORERISCV_AXI4_0_CORERISCV_AXI4_NASTI_IO_TILE_LINK_IO_CONVERTER_1.nasti_cnt_out_ret
		CORERISCV_AXI4_0.ChiselTop0.uncore.outmemsys.PROC_SUBSYSTEM_CORERISCV_AXI4_0_CORERISCV_AXI4_NASTI_IO_TILE_LINK_IO_CONVERTER_1.nasti_cnt_out_ret_0
		CORERISCV_AXI4_0.ChiselTop0.uncore.outmemsys.PROC_SUBSYSTEM_CORERISCV_AXI4_0_CORERISCV_AXI4_NASTI_IO_TILE_LINK_IO_CONVERTER_1.nasti_cnt_out_ret_10
		CORERISCV_AXI4_0.ChiselTop0.uncore.outmemsys.PROC_SUBSYSTEM_CORERISCV_AXI4_0_CORERISCV_AXI4_NASTI_IO_TILE_LINK_IO_CONVERTER_1.nasti_cnt_out_ret_14
		CORERISCV_AXI4_0.ChiselTop0.uncore.outmemsys.PROC_SUBSYSTEM_CORERISCV_AXI4_0_CORERISCV_AXI4_NASTI_IO_TILE_LINK_IO_CONVERTER_1.nasti_cnt_out_ret_18
		CORERISCV_AXI4_0.ChiselTop0.uncore.outmemsys.PROC_SUBSYSTEM_CORERISCV_AXI4_0_CORERISCV_AXI4_NASTI_IO_TILE_LINK_IO_CONVERTER_1.nasti_cnt_out_ret_19
		CORERISCV_AXI4_0.ChiselTop0.uncore.outmemsys.PROC_SUBSYSTEM_CORERISCV_AXI4_0_CORERISCV_AXI4_NASTI_IO_TILE_LINK_IO_CONVERTER_1.nasti_cnt_out_ret_22
		CORERISCV_AXI4_0.ChiselTop0.uncore.outmemsys.PROC_SUBSYSTEM_CORERISCV_AXI4_0_CORERISCV_AXI4_NASTI_IO_TILE_LINK_IO_CONVERTER_1.ram_size_0__ret
		CORERISCV_AXI4_0.ChiselTop0.uncore.outmemsys.PROC_SUBSYSTEM_CORERISCV_AXI4_0_CORERISCV_AXI4_NASTI_IO_TILE_LINK_IO_CONVERTER_1.roq.ram_size_0__ret
		CORERISCV_AXI4_0.ChiselTop0.uncore.outmemsys.PROC_SUBSYSTEM_CORERISCV_AXI4_0_CORERISCV_AXI4_NASTI_IO_TILE_LINK_IO_CONVERTER_1.tl_cnt_in_ret_0
		CORERISCV_AXI4_0.ChiselTop0.uncore.outmemsys.PROC_SUBSYSTEM_CORERISCV_AXI4_0_CORERISCV_AXI4_NASTI_IO_TILE_LINK_IO_CONVERTER_1.tl_cnt_in_ret_1
		CORERISCV_AXI4_0.ChiselTop0.uncore.outmemsys.PROC_SUBSYSTEM_CORERISCV_AXI4_0_CORERISCV_AXI4_NASTI_IO_TILE_LINK_IO_CONVERTER_1.tl_cnt_in_ret_2
		CORERISCV_AXI4_0.ChiselTop0.uncore.outmemsys.PROC_SUBSYSTEM_CORERISCV_AXI4_0_CORERISCV_AXI4_NASTI_IO_TILE_LINK_IO_CONVERTER_1.tl_cnt_in_ret_3
		CORERISCV_AXI4_0.ChiselTop0.uncore.outmemsys.PROC_SUBSYSTEM_CORERISCV_AXI4_0_CORERISCV_AXI4_NASTI_IO_TILE_LINK_IO_CONVERTER_1.tl_cnt_in_ret_7
		CORERISCV_AXI4_0.ChiselTop0.uncore.outmemsys.PROC_SUBSYSTEM_CORERISCV_AXI4_0_CORERISCV_AXI4_NASTI_IO_TILE_LINK_IO_CONVERTER_1.tl_cnt_in_ret_10[0]
		CORERISCV_AXI4_0.ChiselTop0.uncore.outmemsys.PROC_SUBSYSTEM_CORERISCV_AXI4_0_CORERISCV_AXI4_NASTI_IO_TILE_LINK_IO_CONVERTER_1.tl_cnt_in_ret_10[1]
		CORERISCV_AXI4_0.ChiselTop0.uncore.outmemsys.PROC_SUBSYSTEM_CORERISCV_AXI4_0_CORERISCV_AXI4_NASTI_IO_TILE_LINK_IO_CONVERTER_1.tl_cnt_out_ret
		CORERISCV_AXI4_0.ChiselTop0.uncore.outmemsys.PROC_SUBSYSTEM_CORERISCV_AXI4_0_CORERISCV_AXI4_NASTI_IO_TILE_LINK_IO_CONVERTER_1.tl_cnt_out_ret_3
		CORERISCV_AXI4_0.ChiselTop0.uncore.outmemsys.PROC_SUBSYSTEM_CORERISCV_AXI4_0_CORERISCV_AXI4_NASTI_IO_TILE_LINK_IO_CONVERTER_1.tl_cnt_out_ret_8
		CORERISCV_AXI4_0.ChiselTop0.uncore.outmemsys.PROC_SUBSYSTEM_CORERISCV_AXI4_0_CORERISCV_AXI4_NASTI_IO_TILE_LINK_IO_CONVERTER_1.w_inflight_ret
		CORERISCV_AXI4_0.ChiselTop0.uncore.outmemsys.PROC_SUBSYSTEM_CORERISCV_AXI4_0_CORERISCV_AXI4_NASTI_IO_TILE_LINK_IO_CONVERTER_1.w_inflight_ret_0
		CORERISCV_AXI4_0.ChiselTop0.uncore.outmemsys.PROC_SUBSYSTEM_CORERISCV_AXI4_0_CORERISCV_AXI4_NASTI_IO_TILE_LINK_IO_CONVERTER_1.w_inflight_ret_1
		CORERISCV_AXI4_0.ChiselTop0.uncore.outmemsys.PROC_SUBSYSTEM_CORERISCV_AXI4_0_CORERISCV_AXI4_NASTI_IO_TILE_LINK_IO_CONVERTER_1.w_inflight_ret_2[0]
		CORERISCV_AXI4_0.ChiselTop0.uncore.outmemsys.PROC_SUBSYSTEM_CORERISCV_AXI4_0_CORERISCV_AXI4_NASTI_IO_TILE_LINK_IO_CONVERTER_1.w_inflight_ret_2[1]
		CORERISCV_AXI4_0.ChiselTop0.uncore.outmemsys.Queue_9_1.ram_data_0__ret
		CORERISCV_AXI4_0.ChiselTop0.uncore.outmemsys.Queue_9_1.ram_data_0__ret_1
		CORERISCV_AXI4_0.ChiselTop0.uncore.outmemsys.Queue_9_1.ram_data_0__ret_2
		CORERISCV_AXI4_0.ChiselTop0.uncore.outmemsys.Queue_9_1.ram_data_0__ret_3
		CORERISCV_AXI4_0.ChiselTop0.uncore.outmemsys.Queue_9_1.ram_data_0__ret_4
		CORERISCV_AXI4_0.ChiselTop0.uncore.outmemsys.Queue_9_1.ram_data_0__ret_5
		CORERISCV_AXI4_0.ChiselTop0.uncore.outmemsys.Queue_9_1.ram_data_0__ret_6
		CORERISCV_AXI4_0.ChiselTop0.uncore.outmemsys.Queue_9_1.ram_data_0__ret_7
		CORERISCV_AXI4_0.ChiselTop0.uncore.outmemsys.Queue_9_1.ram_data_0__ret_8
		CORERISCV_AXI4_0.ChiselTop0.uncore.outmemsys.Queue_9_1.ram_data_0__ret_9
		CORERISCV_AXI4_0.ChiselTop0.uncore.outmemsys.Queue_9_1.ram_data_0__ret_10
		CORERISCV_AXI4_0.ChiselTop0.uncore.outmemsys.Queue_9_1.ram_data_0__ret_11
		CORERISCV_AXI4_0.ChiselTop0.uncore.outmemsys.Queue_9_1.ram_data_0__ret_12
		CORERISCV_AXI4_0.ChiselTop0.uncore.outmemsys.Queue_9_1.ram_data_0__ret_13
		CORERISCV_AXI4_0.ChiselTop0.uncore.outmemsys.Queue_9_1.ram_data_0__ret_14
		CORERISCV_AXI4_0.ChiselTop0.uncore.outmemsys.Queue_9_1.ram_data_0__ret_15
		CORERISCV_AXI4_0.ChiselTop0.uncore.outmemsys.Queue_9_1.ram_data_0__ret_16
		CORERISCV_AXI4_0.ChiselTop0.uncore.outmemsys.Queue_9_1.ram_data_0__ret_17
		CORERISCV_AXI4_0.ChiselTop0.uncore.outmemsys.Queue_9_1.ram_data_0__ret_18
		CORERISCV_AXI4_0.ChiselTop0.uncore.outmemsys.Queue_9_1.ram_data_0__ret_19
		CORERISCV_AXI4_0.ChiselTop0.uncore.outmemsys.Queue_9_1.ram_data_0__ret_20
		CORERISCV_AXI4_0.ChiselTop0.uncore.outmemsys.Queue_9_1.ram_data_0__ret_21
		CORERISCV_AXI4_0.ChiselTop0.uncore.outmemsys.Queue_9_1.ram_data_0__ret_22
		CORERISCV_AXI4_0.ChiselTop0.uncore.outmemsys.Queue_9_1.ram_data_0__ret_23
		CORERISCV_AXI4_0.ChiselTop0.uncore.outmemsys.Queue_9_1.ram_data_0__ret_24
		CORERISCV_AXI4_0.ChiselTop0.uncore.outmemsys.Queue_9_1.ram_data_0__ret_25
		CORERISCV_AXI4_0.ChiselTop0.uncore.outmemsys.Queue_9_1.ram_data_0__ret_26
		CORERISCV_AXI4_0.ChiselTop0.uncore.outmemsys.Queue_9_1.ram_data_0__ret_27
		CORERISCV_AXI4_0.ChiselTop0.uncore.outmemsys.Queue_9_1.ram_data_0__ret_28
		CORERISCV_AXI4_0.ChiselTop0.uncore.outmemsys.Queue_9_1.ram_data_0__ret_29
		CORERISCV_AXI4_0.ChiselTop0.uncore.outmemsys.Queue_9_1.ram_data_0__ret_30
		CORERISCV_AXI4_0.ChiselTop0.uncore.outmemsys.Queue_9_1.ram_data_0__ret_31
		CORERISCV_AXI4_0.ChiselTop0.uncore.outmemsys.Queue_9_1.ram_data_0__ret_32
		CORERISCV_AXI4_0.ChiselTop0.uncore.outmemsys.Queue_9_1.ram_data_0__ret_33
		CORERISCV_AXI4_0.ChiselTop0.uncore.outmemsys.Queue_9_1.ram_data_0__ret_34
		CORERISCV_AXI4_0.ChiselTop0.uncore.outmemsys.Queue_9_1.ram_data_0__ret_35
		CORERISCV_AXI4_0.ChiselTop0.uncore.outmemsys.Queue_9_1.ram_data_0__ret_36
		CORERISCV_AXI4_0.ChiselTop0.uncore.outmemsys.Queue_9_1.ram_data_0__ret_37
		CORERISCV_AXI4_0.ChiselTop0.uncore.outmemsys.Queue_9_1.ram_data_0__ret_38
		CORERISCV_AXI4_0.ChiselTop0.uncore.outmemsys.Queue_9_1.ram_data_0__ret_39
		CORERISCV_AXI4_0.ChiselTop0.uncore.outmemsys.Queue_9_1.ram_data_0__ret_40
		CORERISCV_AXI4_0.ChiselTop0.uncore.outmemsys.Queue_9_1.ram_data_0__ret_41
		CORERISCV_AXI4_0.ChiselTop0.uncore.outmemsys.Queue_9_1.ram_data_0__ret_42
		CORERISCV_AXI4_0.ChiselTop0.uncore.outmemsys.Queue_9_1.ram_data_0__ret_43
		CORERISCV_AXI4_0.ChiselTop0.uncore.outmemsys.Queue_9_1.ram_data_0__ret_44
		CORERISCV_AXI4_0.ChiselTop0.uncore.outmemsys.Queue_9_1.ram_data_0__ret_45
		CORERISCV_AXI4_0.ChiselTop0.uncore.outmemsys.Queue_9_1.ram_data_0__ret_46
		CORERISCV_AXI4_0.ChiselTop0.uncore.outmemsys.Queue_9_1.ram_data_0__ret_47
		CORERISCV_AXI4_0.ChiselTop0.uncore.outmemsys.Queue_9_1.ram_data_0__ret_48
		CORERISCV_AXI4_0.ChiselTop0.uncore.outmemsys.Queue_9_1.ram_data_0__ret_49
		CORERISCV_AXI4_0.ChiselTop0.uncore.outmemsys.Queue_9_1.ram_data_0__ret_50
		CORERISCV_AXI4_0.ChiselTop0.uncore.outmemsys.Queue_9_1.ram_data_0__ret_51
		CORERISCV_AXI4_0.ChiselTop0.uncore.outmemsys.Queue_9_1.ram_data_0__ret_52
		CORERISCV_AXI4_0.ChiselTop0.uncore.outmemsys.Queue_9_1.ram_data_0__ret_53
		CORERISCV_AXI4_0.ChiselTop0.uncore.outmemsys.Queue_9_1.ram_data_0__ret_54
		CORERISCV_AXI4_0.ChiselTop0.uncore.outmemsys.Queue_9_1.ram_data_0__ret_55
		CORERISCV_AXI4_0.ChiselTop0.uncore.outmemsys.Queue_9_1.ram_data_0__ret_56
		CORERISCV_AXI4_0.ChiselTop0.uncore.outmemsys.Queue_9_1.ram_data_0__ret_57
		CORERISCV_AXI4_0.ChiselTop0.uncore.outmemsys.Queue_9_1.ram_data_0__ret_58
		CORERISCV_AXI4_0.ChiselTop0.uncore.outmemsys.Queue_9_1.ram_data_0__ret_59
		CORERISCV_AXI4_0.ChiselTop0.uncore.outmemsys.Queue_9_1.ram_data_0__ret_60
		CORERISCV_AXI4_0.ChiselTop0.uncore.outmemsys.Queue_9_1.ram_data_0__ret_61
		CORERISCV_AXI4_0.ChiselTop0.uncore.outmemsys.Queue_9_1.ram_data_0__ret_62
		CORERISCV_AXI4_0.ChiselTop0.uncore.outmemsys.Queue_9_1.ram_data_0__ret_63
		CORERISCV_AXI4_0.ChiselTop0.uncore.outmemsys.Queue_9_1.ram_data_0__ret_64
		CORERISCV_AXI4_0.ChiselTop0.uncore.outmemsys.Queue_9_1.ram_data_0__ret_65
		CORERISCV_AXI4_0.ChiselTop0.uncore.outmemsys.Queue_9_1.ram_data_0__ret_66
		CORERISCV_AXI4_0.ChiselTop0.uncore.outmemsys.Queue_9_1.ram_data_0__ret_67
		CORERISCV_AXI4_0.ChiselTop0.uncore.outmemsys.Queue_9_1.ram_data_0__ret_68
		CORERISCV_AXI4_0.ChiselTop0.uncore.outmemsys.Queue_9_1.ram_data_0__ret_69
		CORERISCV_AXI4_0.ChiselTop0.uncore.outmemsys.Queue_9_1.ram_data_0__ret_70
		CORERISCV_AXI4_0.ChiselTop0.uncore.outmemsys.Queue_9_1.ram_data_0__ret_71
		CORERISCV_AXI4_0.ChiselTop0.uncore.outmemsys.Queue_9_1.ram_data_0__ret_72
		CORERISCV_AXI4_0.ChiselTop0.uncore.outmemsys.Queue_9_1.ram_data_0__ret_73
		CORERISCV_AXI4_0.ChiselTop0.uncore.outmemsys.Queue_9_1.ram_data_0__ret_74
		CORERISCV_AXI4_0.ChiselTop0.uncore.outmemsys.Queue_9_1.ram_data_0__ret_75
		CORERISCV_AXI4_0.ChiselTop0.uncore.outmemsys.Queue_9_1.ram_data_0__ret_76
		CORERISCV_AXI4_0.ChiselTop0.uncore.outmemsys.Queue_9_1.ram_data_0__ret_77
		CORERISCV_AXI4_0.ChiselTop0.uncore.outmemsys.Queue_9_1.ram_data_0__ret_78
		CORERISCV_AXI4_0.ChiselTop0.uncore.outmemsys.Queue_9_1.ram_data_0__ret_79
		CORERISCV_AXI4_0.ChiselTop0.uncore.outmemsys.Queue_9_1.ram_data_0__ret_80
		CORERISCV_AXI4_0.ChiselTop0.uncore.outmemsys.Queue_9_1.ram_data_0__ret_81
		CORERISCV_AXI4_0.ChiselTop0.uncore.outmemsys.Queue_9_1.ram_data_0__ret_82
		CORERISCV_AXI4_0.ChiselTop0.uncore.outmemsys.Queue_9_1.ram_data_0__ret_83
		CORERISCV_AXI4_0.ChiselTop0.uncore.outmemsys.Queue_9_1.ram_data_0__ret_84
		CORERISCV_AXI4_0.ChiselTop0.uncore.outmemsys.Queue_9_1.ram_data_0__ret_85
		CORERISCV_AXI4_0.ChiselTop0.uncore.outmemsys.Queue_9_1.ram_data_0__ret_86
		CORERISCV_AXI4_0.ChiselTop0.uncore.outmemsys.Queue_9_1.ram_data_0__ret_87
		CORERISCV_AXI4_0.ChiselTop0.uncore.outmemsys.Queue_9_1.ram_data_0__ret_88
		CORERISCV_AXI4_0.ChiselTop0.uncore.outmemsys.Queue_9_1.ram_data_0__ret_89
		CORERISCV_AXI4_0.ChiselTop0.uncore.outmemsys.Queue_9_1.ram_data_0__ret_90
		CORERISCV_AXI4_0.ChiselTop0.uncore.outmemsys.Queue_9_1.ram_data_0__ret_91
		CORERISCV_AXI4_0.ChiselTop0.uncore.outmemsys.Queue_9_1.ram_data_0__ret_92
		CORERISCV_AXI4_0.ChiselTop0.uncore.outmemsys.Queue_9_1.ram_data_0__ret_93
		CORERISCV_AXI4_0.ChiselTop0.uncore.outmemsys.Queue_9_1.ram_data_0__ret_94
		CORERISCV_AXI4_0.ChiselTop0.uncore.outmemsys.Queue_9_1.ram_data_0__ret_95
		CORERISCV_AXI4_0.ChiselTop0.uncore.outmemsys.Queue_9_1.ram_data_0__ret_96
		CORERISCV_AXI4_0.ChiselTop0.uncore.outmemsys.Queue_9_1.ram_data_0__ret_97
		CORERISCV_AXI4_0.ChiselTop0.uncore.outmemsys.Queue_9_1.ram_data_0__ret_98
		CORERISCV_AXI4_0.ChiselTop0.uncore.outmemsys.Queue_9_1.ram_data_0__ret_99
		CORERISCV_AXI4_0.ChiselTop0.uncore.outmemsys.Queue_9_1.ram_data_0__ret_100
		CORERISCV_AXI4_0.ChiselTop0.uncore.outmemsys.Queue_9_1.ram_data_0__ret_101
		CORERISCV_AXI4_0.ChiselTop0.uncore.outmemsys.Queue_9_1.ram_data_0__ret_102
		CORERISCV_AXI4_0.ChiselTop0.uncore.outmemsys.Queue_9_1.ram_data_0__ret_103
		CORERISCV_AXI4_0.ChiselTop0.uncore.outmemsys.Queue_9_1.ram_data_0__ret_104
		CORERISCV_AXI4_0.ChiselTop0.uncore.outmemsys.Queue_9_1.ram_data_0__ret_105
		CORERISCV_AXI4_0.ChiselTop0.uncore.outmemsys.Queue_9_1.ram_data_0__ret_106
		CORERISCV_AXI4_0.ChiselTop0.uncore.outmemsys.Queue_9_1.ram_data_0__ret_107
		CORERISCV_AXI4_0.ChiselTop0.uncore.outmemsys.Queue_9_1.ram_data_0__ret_108
		CORERISCV_AXI4_0.ChiselTop0.uncore.outmemsys.Queue_9_1.ram_data_0__ret_109
		CORERISCV_AXI4_0.ChiselTop0.uncore.outmemsys.Queue_9_1.ram_data_0__ret_110
		CORERISCV_AXI4_0.ChiselTop0.uncore.outmemsys.Queue_9_1.ram_data_0__ret_111
		CORERISCV_AXI4_0.ChiselTop0.uncore.outmemsys.Queue_9_1.ram_data_0__ret_112
		CORERISCV_AXI4_0.ChiselTop0.uncore.outmemsys.Queue_9_1.ram_data_0__ret_113
		CORERISCV_AXI4_0.ChiselTop0.uncore.outmemsys.Queue_9_1.ram_data_0__ret_114
		CORERISCV_AXI4_0.ChiselTop0.uncore.outmemsys.Queue_9_1.ram_data_0__ret_115
		CORERISCV_AXI4_0.ChiselTop0.uncore.outmemsys.Queue_9_1.ram_data_0__ret_116
		CORERISCV_AXI4_0.ChiselTop0.uncore.outmemsys.Queue_9_1.ram_data_0__ret_117
		CORERISCV_AXI4_0.ChiselTop0.uncore.outmemsys.Queue_9_1.ram_data_0__ret_118
		CORERISCV_AXI4_0.ChiselTop0.uncore.outmemsys.Queue_9_1.ram_data_0__ret_119
		CORERISCV_AXI4_0.ChiselTop0.uncore.outmemsys.Queue_9_1.ram_data_0__ret_120
		CORERISCV_AXI4_0.ChiselTop0.uncore.outmemsys.Queue_9_1.ram_data_0__ret_121
		CORERISCV_AXI4_0.ChiselTop0.uncore.outmemsys.Queue_9_1.ram_data_0__ret_122
		CORERISCV_AXI4_0.ChiselTop0.uncore.outmemsys.Queue_9_1.ram_data_0__ret_123
		CORERISCV_AXI4_0.ChiselTop0.uncore.outmemsys.Queue_9_1.ram_data_0__ret_124
		CORERISCV_AXI4_0.ChiselTop0.uncore.outmemsys.Queue_9_1.ram_data_0__ret_125
		CORERISCV_AXI4_0.ChiselTop0.uncore.outmemsys.Queue_9_1.ram_data_0__ret_126
		CORERISCV_AXI4_0.ChiselTop0.uncore.outmemsys.Queue_9_1.ram_data_0__ret_127
		CORERISCV_AXI4_0.ChiselTop0.uncore.outmemsys.Queue_9_1.ram_data_0__ret_128
		CORERISCV_AXI4_0.ChiselTop0.uncore.outmemsys.Queue_9_1.ram_data_0__ret_129
		CORERISCV_AXI4_0.ChiselTop0.uncore.outmemsys.Queue_9_1.ram_data_0__ret_130
		CORERISCV_AXI4_0.ChiselTop0.uncore.outmemsys.Queue_9_1.ram_data_0__ret_131
		CORERISCV_AXI4_0.ChiselTop0.uncore.outmemsys.Queue_9_1.ram_data_0__ret_132
		CORERISCV_AXI4_0.ChiselTop0.uncore.outmemsys.Queue_9_1.ram_data_0__ret_133
		CORERISCV_AXI4_0.ChiselTop0.uncore.outmemsys.Queue_9_1.ram_data_0__ret_134
		CORERISCV_AXI4_0.ChiselTop0.uncore.outmemsys.Queue_9_1.ram_data_0__ret_135
		CORERISCV_AXI4_0.ChiselTop0.uncore.outmemsys.Queue_9_1.ram_data_0__ret_136
		CORERISCV_AXI4_0.ChiselTop0.uncore.outmemsys.Queue_9_1.ram_data_0__ret_137
		CORERISCV_AXI4_0.ChiselTop0.uncore.outmemsys.Queue_9_1.ram_data_0__ret_138
		CORERISCV_AXI4_0.ChiselTop0.uncore.outmemsys.Queue_9_1.ram_data_0__ret_139
		CORERISCV_AXI4_0.ChiselTop0.uncore.outmemsys.Queue_9_1.ram_data_0__ret_140
		CORERISCV_AXI4_0.ChiselTop0.uncore.outmemsys.Queue_10_1.ram_addr_0__ret
		CORERISCV_AXI4_0.ChiselTop0.uncore.outmemsys.Queue_10_1.ram_addr_0__ret_1
		CORERISCV_AXI4_0.ChiselTop0.uncore.outmemsys.Queue_10_1.ram_addr_0__ret_2
		CORERISCV_AXI4_0.ChiselTop0.uncore.outmemsys.Queue_10_1.ram_addr_0__ret_3
		CORERISCV_AXI4_0.ChiselTop0.uncore.outmemsys.Queue_10_1.ram_addr_0__ret_4
		CORERISCV_AXI4_0.ChiselTop0.uncore.outmemsys.Queue_10_1.ram_addr_0__ret_5
		CORERISCV_AXI4_0.ChiselTop0.uncore.outmemsys.Queue_10_1.ram_addr_0__ret_6
		CORERISCV_AXI4_0.ChiselTop0.uncore.outmemsys.Queue_10_1.ram_addr_0__ret_7
		CORERISCV_AXI4_0.ChiselTop0.uncore.outmemsys.Queue_10_1.ram_addr_0__ret_8
		CORERISCV_AXI4_0.ChiselTop0.uncore.outmemsys.Queue_10_1.ram_addr_0__ret_9
		CORERISCV_AXI4_0.ChiselTop0.uncore.outmemsys.Queue_10_1.ram_addr_0__ret_10
		CORERISCV_AXI4_0.ChiselTop0.uncore.outmemsys.Queue_10_1.ram_addr_0__ret_11
		CORERISCV_AXI4_0.ChiselTop0.uncore.outmemsys.Queue_10_1.ram_addr_0__ret_12
		CORERISCV_AXI4_0.ChiselTop0.uncore.outmemsys.Queue_10_1.ram_addr_0__ret_13
		CORERISCV_AXI4_0.ChiselTop0.uncore.outmemsys.Queue_10_1.ram_addr_0__ret_14
		CORERISCV_AXI4_0.ChiselTop0.uncore.outmemsys.Queue_10_1.ram_addr_0__ret_15
		CORERISCV_AXI4_0.ChiselTop0.uncore.outmemsys.Queue_10_1.ram_addr_0__ret_16
		CORERISCV_AXI4_0.ChiselTop0.uncore.outmemsys.Queue_10_1.ram_addr_0__ret_17
		CORERISCV_AXI4_0.ChiselTop0.uncore.outmemsys.Queue_10_1.ram_addr_0__ret_18
		CORERISCV_AXI4_0.ChiselTop0.uncore.outmemsys.Queue_10_1.ram_addr_0__ret_19
		CORERISCV_AXI4_0.ChiselTop0.uncore.outmemsys.Queue_10_1.ram_addr_0__ret_20
		CORERISCV_AXI4_0.ChiselTop0.uncore.outmemsys.Queue_10_1.ram_addr_0__ret_21
		CORERISCV_AXI4_0.ChiselTop0.uncore.outmemsys.Queue_10_1.ram_addr_0__ret_22
		CORERISCV_AXI4_0.ChiselTop0.uncore.outmemsys.Queue_10_1.ram_addr_0__ret_23
		CORERISCV_AXI4_0.ChiselTop0.uncore.outmemsys.Queue_10_1.ram_addr_0__ret_24
		CORERISCV_AXI4_0.ChiselTop0.uncore.outmemsys.Queue_10_1.ram_addr_0__ret_25
		CORERISCV_AXI4_0.ChiselTop0.uncore.outmemsys.Queue_10_1.ram_addr_0__ret_26
		CORERISCV_AXI4_0.ChiselTop0.uncore.outmemsys.Queue_10_1.ram_addr_0__ret_27
		CORERISCV_AXI4_0.ChiselTop0.uncore.outmemsys.Queue_10_1.ram_addr_0__ret_28
		CORERISCV_AXI4_0.ChiselTop0.uncore.outmemsys.Queue_10_1.ram_addr_0__ret_29
		CORERISCV_AXI4_0.ChiselTop0.uncore.outmemsys.Queue_10_1.ram_addr_0__ret_30
		CORERISCV_AXI4_0.ChiselTop0.uncore.outmemsys.Queue_10_1.ram_addr_0__ret_31
		CORERISCV_AXI4_0.ChiselTop0.uncore.outmemsys.Queue_10_1.ram_addr_0__ret_32
		CORERISCV_AXI4_0.ChiselTop0.uncore.outmemsys.Queue_10_1.ram_addr_0__ret_33
		CORERISCV_AXI4_0.ChiselTop0.uncore.outmemsys.Queue_10_1.ram_addr_0__ret_34
		CORERISCV_AXI4_0.ChiselTop0.uncore.outmemsys.Queue_10_1.ram_addr_0__ret_35
		CORERISCV_AXI4_0.ChiselTop0.uncore.outmemsys.Queue_10_1.ram_addr_0__ret_36
		CORERISCV_AXI4_0.ChiselTop0.uncore.outmemsys.Queue_10_1.ram_addr_0__ret_37
		CORERISCV_AXI4_0.ChiselTop0.uncore.outmemsys.Queue_10_1.ram_addr_0__ret_38
		CORERISCV_AXI4_0.ChiselTop0.uncore.outmemsys.Queue_10_1.ram_addr_0__ret_39
		CORERISCV_AXI4_0.ChiselTop0.uncore.outmemsys.Queue_10_1.ram_addr_0__ret_40
		CORERISCV_AXI4_0.ChiselTop0.uncore.outmemsys.Queue_10_1.ram_addr_0__ret_41
		CORERISCV_AXI4_0.ChiselTop0.uncore.outmemsys.Queue_10_1.ram_addr_0__ret_42
		CORERISCV_AXI4_0.ChiselTop0.uncore.outmemsys.Queue_10_1.ram_addr_0__ret_43
		CORERISCV_AXI4_0.ChiselTop0.uncore.outmemsys.Queue_10_1.ram_addr_0__ret_44
		CORERISCV_AXI4_0.ChiselTop0.uncore.outmemsys.Queue_10_1.ram_addr_0__ret_45
		CORERISCV_AXI4_0.ChiselTop0.uncore.outmemsys.Queue_10_1.ram_addr_0__ret_46
		CORERISCV_AXI4_0.ChiselTop0.uncore.outmemsys.Queue_10_1.ram_addr_0__ret_47
		CORERISCV_AXI4_0.ChiselTop0.uncore.outmemsys.Queue_10_1.ram_addr_0__ret_48
		CORERISCV_AXI4_0.ChiselTop0.uncore.outmemsys.Queue_10_1.ram_addr_0__ret_49
		CORERISCV_AXI4_0.ChiselTop0.uncore.outmemsys.Queue_10_1.ram_addr_0__ret_50
		CORERISCV_AXI4_0.ChiselTop0.uncore.outmemsys.Queue_10_1.ram_addr_0__ret_51
		CORERISCV_AXI4_0.ChiselTop0.uncore.outmemsys.Queue_10_1.ram_len_0__ret[0]
		CORERISCV_AXI4_0.ChiselTop0.uncore.outmemsys.Queue_10_1.ram_size_0__ret_2
		CORERISCV_AXI4_0.ChiselTop0.uncore.outmemsys.Queue_10_1.ram_size_0__ret_3
		CORERISCV_AXI4_0.ChiselTop0.uncore.outmemsys.Queue_10_1.ram_size_0__ret_4
		CORERISCV_AXI4_0.ChiselTop0.uncore.outmemsys.Queue_11_1.ADDRReg_ret
		CORERISCV_AXI4_0.ChiselTop0.uncore.outmemsys.Queue_11_1.ADDRReg_ret_1
		CORERISCV_AXI4_0.ChiselTop0.uncore.outmemsys.Queue_11_1.ADDRReg_ret_2
		CORERISCV_AXI4_0.ChiselTop0.uncore.outmemsys.Queue_11_1.ADDRReg_ret_3
		CORERISCV_AXI4_0.ChiselTop0.uncore.outmemsys.Queue_11_1.ADDRReg_ret_4
		CORERISCV_AXI4_0.ChiselTop0.uncore.outmemsys.Queue_11_1.ADDRReg_ret_5
		CORERISCV_AXI4_0.ChiselTop0.uncore.outmemsys.Queue_11_1.ADDRReg_ret_6
		CORERISCV_AXI4_0.ChiselTop0.uncore.outmemsys.Queue_11_1.ADDRReg_ret_7
		CORERISCV_AXI4_0.ChiselTop0.uncore.outmemsys.Queue_11_1.ADDRReg_ret_8
		CORERISCV_AXI4_0.ChiselTop0.uncore.outmemsys.Queue_11_1.ADDRReg_ret_9
		CORERISCV_AXI4_0.ChiselTop0.uncore.outmemsys.Queue_11_1.ADDRReg_ret_10
		CORERISCV_AXI4_0.ChiselTop0.uncore.outmemsys.Queue_11_1.ADDRReg_ret_11
		CORERISCV_AXI4_0.ChiselTop0.uncore.outmemsys.Queue_11_1.ADDRReg_ret_12
		CORERISCV_AXI4_0.ChiselTop0.uncore.outmemsys.Queue_11_1.ADDRReg_ret_13
		CORERISCV_AXI4_0.ChiselTop0.uncore.outmemsys.Queue_11_1.ADDRReg_ret_14
		CORERISCV_AXI4_0.ChiselTop0.uncore.outmemsys.Queue_11_1.ADDRReg_ret_15
		CORERISCV_AXI4_0.ChiselTop0.uncore.outmemsys.Queue_11_1.ADDRReg_ret_16
		CORERISCV_AXI4_0.ChiselTop0.uncore.outmemsys.Queue_11_1.ADDRReg_ret_17
		CORERISCV_AXI4_0.ChiselTop0.uncore.outmemsys.Queue_11_1.ADDRReg_ret_18
		CORERISCV_AXI4_0.ChiselTop0.uncore.outmemsys.Queue_11_1.ADDRReg_ret_19
		CORERISCV_AXI4_0.ChiselTop0.uncore.outmemsys.Queue_11_1.ram_addr_0__ret
		CORERISCV_AXI4_0.ChiselTop0.uncore.outmemsys.Queue_11_1.ram_addr_0__ret_1
		CORERISCV_AXI4_0.ChiselTop0.uncore.outmemsys.Queue_11_1.ram_addr_0__ret_2
		CORERISCV_AXI4_0.ChiselTop0.uncore.outmemsys.Queue_11_1.ram_addr_0__ret_3
		CORERISCV_AXI4_0.ChiselTop0.uncore.outmemsys.Queue_11_1.ram_addr_0__ret_4
		CORERISCV_AXI4_0.ChiselTop0.uncore.outmemsys.Queue_11_1.ram_addr_0__ret_5
		CORERISCV_AXI4_0.ChiselTop0.uncore.outmemsys.Queue_11_1.ram_addr_0__ret_6
		CORERISCV_AXI4_0.ChiselTop0.uncore.outmemsys.Queue_11_1.ram_addr_0__ret_7
		CORERISCV_AXI4_0.ChiselTop0.uncore.outmemsys.Queue_11_1.ram_addr_0__ret_8
		CORERISCV_AXI4_0.ChiselTop0.uncore.outmemsys.Queue_11_1.ram_addr_0__ret_9
		CORERISCV_AXI4_0.ChiselTop0.uncore.outmemsys.Queue_11_1.ram_addr_0__ret_10
		CORERISCV_AXI4_0.ChiselTop0.uncore.outmemsys.Queue_11_1.ram_addr_0__ret_11
		CORERISCV_AXI4_0.ChiselTop0.uncore.outmemsys.Queue_11_1.ram_addr_0__ret_12
		CORERISCV_AXI4_0.ChiselTop0.uncore.outmemsys.Queue_11_1.ram_addr_0__ret_13
		CORERISCV_AXI4_0.ChiselTop0.uncore.outmemsys.Queue_11_1.ram_addr_0__ret_14
		CORERISCV_AXI4_0.ChiselTop0.uncore.outmemsys.Queue_11_1.ram_addr_0__ret_15
		CORERISCV_AXI4_0.ChiselTop0.uncore.outmemsys.Queue_11_1.ram_addr_0__ret_16
		CORERISCV_AXI4_0.ChiselTop0.uncore.outmemsys.Queue_11_1.ram_addr_0__ret_17
		CORERISCV_AXI4_0.ChiselTop0.uncore.outmemsys.Queue_11_1.ram_addr_0__ret_18
		CORERISCV_AXI4_0.ChiselTop0.uncore.outmemsys.Queue_11_1.ram_addr_0__ret_19
		CORERISCV_AXI4_0.ChiselTop0.uncore.outmemsys.Queue_11_1.ram_addr_0__ret_20
		CORERISCV_AXI4_0.ChiselTop0.uncore.outmemsys.Queue_11_1.ram_addr_0__ret_21
		CORERISCV_AXI4_0.ChiselTop0.uncore.outmemsys.Queue_11_1.ram_addr_0__ret_22
		CORERISCV_AXI4_0.ChiselTop0.uncore.outmemsys.Queue_11_1.ram_addr_0__ret_23
		CORERISCV_AXI4_0.ChiselTop0.uncore.outmemsys.Queue_11_1.ram_addr_0__ret_24
		CORERISCV_AXI4_0.ChiselTop0.uncore.outmemsys.Queue_11_1.ram_addr_0__ret_25
		CORERISCV_AXI4_0.ChiselTop0.uncore.outmemsys.Queue_11_1.ram_addr_0__ret_26
		CORERISCV_AXI4_0.ChiselTop0.uncore.outmemsys.Queue_11_1.ram_addr_0__ret_27
		CORERISCV_AXI4_0.ChiselTop0.uncore.outmemsys.Queue_11_1.ram_addr_0__ret_28
		CORERISCV_AXI4_0.ChiselTop0.uncore.outmemsys.Queue_11_1.ram_addr_0__ret_29
		CORERISCV_AXI4_0.ChiselTop0.uncore.outmemsys.Queue_11_1.ram_addr_0__ret_30
		CORERISCV_AXI4_0.ChiselTop0.uncore.outmemsys.Queue_11_1.ram_addr_0__ret_31
		CORERISCV_AXI4_0.ChiselTop0.uncore.outmemsys.Queue_11_1.ram_addr_0__ret_32
		CORERISCV_AXI4_0.ChiselTop0.uncore.outmemsys.Queue_11_1.ram_addr_0__ret_33
		CORERISCV_AXI4_0.ChiselTop0.uncore.outmemsys.Queue_11_1.ram_addr_0__ret_34
		CORERISCV_AXI4_0.ChiselTop0.uncore.outmemsys.Queue_11_1.ram_addr_0__ret_35
		CORERISCV_AXI4_0.ChiselTop0.uncore.outmemsys.Queue_11_1.ram_addr_0__ret_36
		CORERISCV_AXI4_0.ChiselTop0.uncore.outmemsys.Queue_11_1.ram_addr_0__ret_37
		CORERISCV_AXI4_0.ChiselTop0.uncore.outmemsys.Queue_11_1.ram_addr_0__ret_38
		CORERISCV_AXI4_0.ChiselTop0.uncore.outmemsys.Queue_11_1.ram_addr_0__ret_39
		CORERISCV_AXI4_0.ChiselTop0.uncore.outmemsys.Queue_11_1.ram_addr_0__ret_40
		CORERISCV_AXI4_0.ChiselTop0.uncore.outmemsys.Queue_11_1.ram_addr_0__ret_41
		CORERISCV_AXI4_0.ChiselTop0.uncore.outmemsys.Queue_11_1.ram_addr_0__ret_42
		CORERISCV_AXI4_0.ChiselTop0.uncore.outmemsys.Queue_11_1.ram_addr_0__ret_43
		CORERISCV_AXI4_0.ChiselTop0.uncore.outmemsys.Queue_11_1.ram_addr_0__ret_44
		CORERISCV_AXI4_0.ChiselTop0.uncore.outmemsys.Queue_11_1.ram_addr_0__ret_45
		CORERISCV_AXI4_0.ChiselTop0.uncore.outmemsys.Queue_11_1.ram_addr_0__ret_46
		CORERISCV_AXI4_0.ChiselTop0.uncore.outmemsys.Queue_11_1.ram_addr_0__ret_47
		CORERISCV_AXI4_0.ChiselTop0.uncore.outmemsys.Queue_11_1.ram_addr_0__ret_48
		CORERISCV_AXI4_0.ChiselTop0.uncore.outmemsys.Queue_11_1.ram_addr_0__ret_49
		CORERISCV_AXI4_0.ChiselTop0.uncore.outmemsys.Queue_11_1.ram_addr_0__ret_50
		CORERISCV_AXI4_0.ChiselTop0.uncore.outmemsys.Queue_11_1.ram_addr_0__ret_51
		CORERISCV_AXI4_0.ChiselTop0.uncore.outmemsys.Queue_11_1.ram_size_0__ret[0]
		CORERISCV_AXI4_0.ChiselTop0.uncore.outmemsys.Queue_11_1.ram_size_0__ret[1]
		CORERISCV_AXI4_0.ChiselTop0.uncore.outmemsys.Queue_11_1.ram_size_0__ret[2]
		CORERISCV_AXI4_0.ChiselTop0.uncore.outmemsys.Queue_11_1.ram_size_0__ret[3]
		CORERISCV_AXI4_0.ChiselTop0.uncore.outmemsys.Queue_11_1.ram_size_0__ret[4]
		CORERISCV_AXI4_0.ChiselTop0.uncore.outmemsys.Queue_11_1.ram_size_0__ret[5]
		CORERISCV_AXI4_0.ChiselTop0.uncore.outmemsys.Queue_11_1.ram_size_0__ret[6]
		CORERISCV_AXI4_0.ChiselTop0.uncore.outmemsys.Queue_11_1.ram_size_0__ret[7]
		CORERISCV_AXI4_0.ChiselTop0.uncore.outmemsys.Queue_12_1.T_65_ret
		CORERISCV_AXI4_0.ChiselTop0.uncore.outmemsys.Queue_12_1.T_65_ret_1
		CORERISCV_AXI4_0.ChiselTop0.uncore.outmemsys.Queue_12_1.T_65_ret_2
		CORERISCV_AXI4_0.ChiselTop0.uncore.outmemsys.Queue_12_1.T_65_ret_7
		CORERISCV_AXI4_0.ChiselTop0.uncore.outmemsys.Queue_12_1.T_67_ret_0
		CORERISCV_AXI4_0.ChiselTop0.uncore.outmemsys.Queue_12_1.T_766_ret_13_ret
		CORERISCV_AXI4_0.ChiselTop0.uncore.outmemsys.Queue_13_1.T_243_0_ret
		CORERISCV_AXI4_0.ChiselTop0.uncore.outmemsys.Queue_13_1.nasti_cnt_out_ret_14
		CORERISCV_AXI4_0.ChiselTop0.uncore.outmemsys.Queue_13_1.ram_id.T_243_0_ret
		CORERISCV_AXI4_0.ChiselTop0.uncore.outmemsys.l1tol2net.TileLinkEnqueuer_4.Queue_2_1.ram_addr_0__ret
		CORERISCV_AXI4_0.ChiselTop0.uncore.outmemsys.l1tol2net.TileLinkEnqueuer_4.Queue_2_1.ram_addr_0__ret_1
		CORERISCV_AXI4_0.ChiselTop0.uncore.outmemsys.l1tol2net.TileLinkEnqueuer_4.Queue_2_1.ram_addr_0__ret_2
		CORERISCV_AXI4_0.ChiselTop0.uncore.outmemsys.l1tol2net.TileLinkEnqueuer_4.Queue_2_1.ram_addr_0__ret_3
		CORERISCV_AXI4_0.ChiselTop0.uncore.outmemsys.l1tol2net.TileLinkEnqueuer_4.Queue_2_1.ram_addr_0__ret_4
		CORERISCV_AXI4_0.ChiselTop0.uncore.outmemsys.l1tol2net.TileLinkEnqueuer_4.Queue_2_1.ram_addr_0__ret_5
		CORERISCV_AXI4_0.ChiselTop0.uncore.outmemsys.l1tol2net.TileLinkEnqueuer_4.Queue_2_1.ram_addr_0__ret_6
		CORERISCV_AXI4_0.ChiselTop0.uncore.outmemsys.l1tol2net.TileLinkEnqueuer_4.Queue_2_1.ram_addr_0__ret_7
		CORERISCV_AXI4_0.ChiselTop0.uncore.outmemsys.l1tol2net.TileLinkEnqueuer_4.Queue_2_1.ram_addr_0__ret_8
		CORERISCV_AXI4_0.ChiselTop0.uncore.outmemsys.l1tol2net.TileLinkEnqueuer_4.Queue_2_1.ram_addr_0__ret_9
		CORERISCV_AXI4_0.ChiselTop0.uncore.outmemsys.l1tol2net.TileLinkEnqueuer_4.Queue_2_1.ram_addr_0__ret_10
		CORERISCV_AXI4_0.ChiselTop0.uncore.outmemsys.l1tol2net.TileLinkEnqueuer_4.Queue_2_1.ram_addr_0__ret_11
		CORERISCV_AXI4_0.ChiselTop0.uncore.outmemsys.l1tol2net.TileLinkEnqueuer_4.Queue_2_1.ram_addr_0__ret_12
		CORERISCV_AXI4_0.ChiselTop0.uncore.outmemsys.l1tol2net.TileLinkEnqueuer_4.Queue_2_1.ram_addr_0__ret_13
		CORERISCV_AXI4_0.ChiselTop0.uncore.outmemsys.l1tol2net.TileLinkEnqueuer_4.Queue_2_1.ram_addr_0__ret_14
		CORERISCV_AXI4_0.ChiselTop0.uncore.outmemsys.l1tol2net.TileLinkEnqueuer_4.Queue_2_1.ram_addr_0__ret_15
		CORERISCV_AXI4_0.ChiselTop0.uncore.outmemsys.l1tol2net.TileLinkEnqueuer_4.Queue_2_1.ram_addr_0__ret_16
		CORERISCV_AXI4_0.ChiselTop0.uncore.outmemsys.l1tol2net.TileLinkEnqueuer_4.Queue_2_1.ram_addr_0__ret_17
		CORERISCV_AXI4_0.ChiselTop0.uncore.outmemsys.l1tol2net.TileLinkEnqueuer_4.Queue_2_1.ram_addr_0__ret_18
		CORERISCV_AXI4_0.ChiselTop0.uncore.outmemsys.l1tol2net.TileLinkEnqueuer_4.Queue_2_1.ram_addr_0__ret_19
		CORERISCV_AXI4_0.ChiselTop0.uncore.outmemsys.l1tol2net.TileLinkEnqueuer_4.Queue_2_1.ram_addr_0__ret_20
		CORERISCV_AXI4_0.ChiselTop0.uncore.outmemsys.l1tol2net.TileLinkEnqueuer_4.Queue_2_1.ram_addr_0__ret_21
		CORERISCV_AXI4_0.ChiselTop0.uncore.outmemsys.l1tol2net.TileLinkEnqueuer_4.Queue_2_1.ram_addr_0__ret_22
		CORERISCV_AXI4_0.ChiselTop0.uncore.outmemsys.l1tol2net.TileLinkEnqueuer_4.Queue_2_1.ram_addr_0__ret_23
		CORERISCV_AXI4_0.ChiselTop0.uncore.outmemsys.l1tol2net.TileLinkEnqueuer_4.Queue_2_1.ram_addr_0__ret_24
		CORERISCV_AXI4_0.ChiselTop0.uncore.outmemsys.l1tol2net.TileLinkEnqueuer_4.Queue_2_1.ram_addr_0__ret_25
		CORERISCV_AXI4_0.ChiselTop0.uncore.outmemsys.l1tol2net.acqNet.arb.ram_addr_0__ret
		CORERISCV_AXI4_0.ChiselTop0.uncore.outmemsys.l1tol2net.acqNet.arb.ram_addr_0__ret_1
		CORERISCV_AXI4_0.ChiselTop0.uncore.outmemsys.l1tol2net.acqNet.arb.ram_addr_0__ret_2
		CORERISCV_AXI4_0.ChiselTop0.uncore.outmemsys.l1tol2net.acqNet.arb.ram_addr_0__ret_3
		CORERISCV_AXI4_0.ChiselTop0.uncore.outmemsys.l1tol2net.acqNet.arb.ram_addr_0__ret_4
		CORERISCV_AXI4_0.ChiselTop0.uncore.outmemsys.l1tol2net.acqNet.arb.ram_addr_0__ret_5
		CORERISCV_AXI4_0.ChiselTop0.uncore.outmemsys.l1tol2net.acqNet.arb.ram_addr_0__ret_6
		CORERISCV_AXI4_0.ChiselTop0.uncore.outmemsys.l1tol2net.acqNet.arb.ram_addr_0__ret_7
		CORERISCV_AXI4_0.ChiselTop0.uncore.outmemsys.l1tol2net.acqNet.arb.ram_addr_0__ret_8
		CORERISCV_AXI4_0.ChiselTop0.uncore.outmemsys.l1tol2net.acqNet.arb.ram_addr_0__ret_9
		CORERISCV_AXI4_0.ChiselTop0.uncore.outmemsys.l1tol2net.acqNet.arb.ram_addr_0__ret_10
		CORERISCV_AXI4_0.ChiselTop0.uncore.outmemsys.l1tol2net.acqNet.arb.ram_addr_0__ret_11
		CORERISCV_AXI4_0.ChiselTop0.uncore.outmemsys.l1tol2net.acqNet.arb.ram_addr_0__ret_12
		CORERISCV_AXI4_0.ChiselTop0.uncore.outmemsys.l1tol2net.acqNet.arb.ram_addr_0__ret_13
		CORERISCV_AXI4_0.ChiselTop0.uncore.outmemsys.l1tol2net.acqNet.arb.ram_addr_0__ret_14
		CORERISCV_AXI4_0.ChiselTop0.uncore.outmemsys.l1tol2net.acqNet.arb.ram_addr_0__ret_15
		CORERISCV_AXI4_0.ChiselTop0.uncore.outmemsys.l1tol2net.acqNet.arb.ram_addr_0__ret_16
		CORERISCV_AXI4_0.ChiselTop0.uncore.outmemsys.l1tol2net.acqNet.arb.ram_addr_0__ret_17
		CORERISCV_AXI4_0.ChiselTop0.uncore.outmemsys.l1tol2net.acqNet.arb.ram_addr_0__ret_18
		CORERISCV_AXI4_0.ChiselTop0.uncore.outmemsys.l1tol2net.acqNet.arb.ram_addr_0__ret_19
		CORERISCV_AXI4_0.ChiselTop0.uncore.outmemsys.l1tol2net.acqNet.arb.ram_addr_0__ret_20
		CORERISCV_AXI4_0.ChiselTop0.uncore.outmemsys.l1tol2net.acqNet.arb.ram_addr_0__ret_21
		CORERISCV_AXI4_0.ChiselTop0.uncore.outmemsys.l1tol2net.acqNet.arb.ram_addr_0__ret_22
		CORERISCV_AXI4_0.ChiselTop0.uncore.outmemsys.l1tol2net.acqNet.arb.ram_addr_0__ret_23
		CORERISCV_AXI4_0.ChiselTop0.uncore.outmemsys.l1tol2net.acqNet.arb.ram_addr_0__ret_24
		CORERISCV_AXI4_0.ChiselTop0.uncore.outmemsys.l1tol2net.acqNet.arb.ram_addr_0__ret_25
		CORERISCV_AXI4_0.ChiselTop0.uncore.outmemsys.l1tol2net.acqNet.arb.ram_addr_0__ret_26
		CORERISCV_AXI4_0.ChiselTop0.uncore.outmemsys.l1tol2net.acqNet.arb.ram_addr_0__ret_27
		CORERISCV_AXI4_0.ChiselTop0.uncore.outmemsys.l1tol2net.acqNet.arb.ram_addr_0__ret_28
		CORERISCV_AXI4_0.ChiselTop0.uncore.outmemsys.l1tol2net.acqNet.arb.ram_size_0__ret_0
		CORERISCV_AXI4_0.ChiselTop0.uncore.outmemsys.l1tol2net.acqNet.arb.ram_size_0__ret_1
		CORERISCV_AXI4_0.ChiselTop0.uncore.outmemsys.l1tol2net.relNet.arb.T_1102_ret
		CORERISCV_AXI4_0.ChiselTop0.uncore.outmemsys.l1tol2net.relNet.arb.T_1102_ret_1
		CORERISCV_AXI4_0.ChiselTop0.uncore.outmemsys.l1tol2net.relNet.arb.T_1102_ret_2
		CORERISCV_AXI4_0.ChiselTop0.uncore.outmemsys.l1tol2net.relNet.arb.T_1102_ret_3
		CORERISCV_AXI4_0.ChiselTop0.uncore.outmemsys.l1tol2net.relNet.arb.ram_addr_0__ret
		CORERISCV_AXI4_0.ChiselTop0.uncore.outmemsys.l1tol2net.relNet.arb.ram_addr_0__ret_1
		CORERISCV_AXI4_0.ChiselTop0.uncore.outmemsys.l1tol2net.relNet.arb.ram_addr_0__ret_2
		CORERISCV_AXI4_0.ChiselTop0.uncore.outmemsys.l1tol2net.relNet.arb.ram_addr_0__ret_3
		CORERISCV_AXI4_0.ChiselTop0.uncore.outmemsys.l1tol2net.relNet.arb.ram_addr_0__ret_4
		CORERISCV_AXI4_0.ChiselTop0.uncore.outmemsys.l1tol2net.relNet.arb.ram_addr_0__ret_5
		CORERISCV_AXI4_0.ChiselTop0.uncore.outmemsys.l1tol2net.relNet.arb.ram_addr_0__ret_6
		CORERISCV_AXI4_0.ChiselTop0.uncore.outmemsys.l1tol2net.relNet.arb.ram_addr_0__ret_7
		CORERISCV_AXI4_0.ChiselTop0.uncore.outmemsys.l1tol2net.relNet.arb.ram_addr_0__ret_8
		CORERISCV_AXI4_0.ChiselTop0.uncore.outmemsys.l1tol2net.relNet.arb.ram_addr_0__ret_9
		CORERISCV_AXI4_0.ChiselTop0.uncore.outmemsys.l1tol2net.relNet.arb.ram_addr_0__ret_10
		CORERISCV_AXI4_0.ChiselTop0.uncore.outmemsys.l1tol2net.relNet.arb.ram_addr_0__ret_11
		CORERISCV_AXI4_0.ChiselTop0.uncore.outmemsys.l1tol2net.relNet.arb.ram_addr_0__ret_12
		CORERISCV_AXI4_0.ChiselTop0.uncore.outmemsys.l1tol2net.relNet.arb.ram_addr_0__ret_13
		CORERISCV_AXI4_0.ChiselTop0.uncore.outmemsys.l1tol2net.relNet.arb.ram_addr_0__ret_14
		CORERISCV_AXI4_0.ChiselTop0.uncore.outmemsys.l1tol2net.relNet.arb.ram_addr_0__ret_15
		CORERISCV_AXI4_0.ChiselTop0.uncore.outmemsys.l1tol2net.relNet.arb.ram_addr_0__ret_16
		CORERISCV_AXI4_0.ChiselTop0.uncore.outmemsys.l1tol2net.relNet.arb.ram_addr_0__ret_17
		CORERISCV_AXI4_0.ChiselTop0.uncore.outmemsys.l1tol2net.relNet.arb.ram_addr_0__ret_18
		CORERISCV_AXI4_0.ChiselTop0.uncore.outmemsys.l1tol2net.relNet.arb.ram_addr_0__ret_19
		CORERISCV_AXI4_0.ChiselTop0.uncore.outmemsys.l1tol2net.relNet.arb.ram_addr_0__ret_20
		CORERISCV_AXI4_0.ChiselTop0.uncore.outmemsys.l1tol2net.relNet.arb.ram_addr_0__ret_21
		CORERISCV_AXI4_0.ChiselTop0.uncore.outmemsys.l1tol2net.relNet.arb.ram_addr_0__ret_22
		CORERISCV_AXI4_0.ChiselTop0.uncore.outmemsys.l1tol2net.relNet.arb.ram_addr_0__ret_23
		CORERISCV_AXI4_0.ChiselTop0.uncore.outmemsys.l1tol2net.relNet.arb.ram_addr_0__ret_24
		CORERISCV_AXI4_0.ChiselTop0.uncore.outmemsys.l1tol2net.relNet.arb.ram_addr_0__ret_25
		CORERISCV_AXI4_0.ChiselTop0.uncore.outmemsys.ram_addr_0__ret
		CORERISCV_AXI4_0.ChiselTop0.uncore.outmemsys.ram_addr_0__ret_1
		CORERISCV_AXI4_0.ChiselTop0.uncore.outmemsys.ram_addr_0__ret_2
		CORERISCV_AXI4_0.ChiselTop0.uncore.outmemsys.ram_addr_0__ret_3
		CORERISCV_AXI4_0.ChiselTop0.uncore.outmemsys.ram_addr_0__ret_4
		CORERISCV_AXI4_0.ChiselTop0.uncore.outmemsys.ram_addr_0__ret_5
		CORERISCV_AXI4_0.ChiselTop0.uncore.outmemsys.ram_size_0__ret
		CORERISCV_AXI4_0.ChiselTop0.uncore.outmemsys.ram_size_0__ret_0
		CORERISCV_AXI4_0.ChiselTop0.uncore.outmemsys.ram_size_0__ret_1
		CORERISCV_AXI4_0.debugBusRespFifo.genblk2.rdAddrGrayReg_w_ret
		CORERISCV_AXI4_0.debugTransportModuleJtag0.TDO_ret
		CORERISCV_AXI4_0.debugTransportModuleJtag0.TDO_ret_1
		CORERISCV_AXI4_0.debugTransportModuleJtag0.TDO_ret_2
		CORERISCV_AXI4_0.debugTransportModuleJtag0.dbusReg_ret[0]
		CORERISCV_AXI4_0.debugTransportModuleJtag0.dbusReg_ret[1]
		CORERISCV_AXI4_0.debugTransportModuleJtag0.dbusReg_ret[2]
		CORERISCV_AXI4_0.debugTransportModuleJtag0.dbusReg_ret[3]
		CORERISCV_AXI4_0.debugTransportModuleJtag0.dbusReg_ret[4]
		CORERISCV_AXI4_0.debugTransportModuleJtag0.dbusReg_ret[5]
		CORERISCV_AXI4_0.debugTransportModuleJtag0.dbusReg_ret[6]
		CORERISCV_AXI4_0.debugTransportModuleJtag0.dbusReg_ret[7]
		CORERISCV_AXI4_0.debugTransportModuleJtag0.dbusReg_ret[8]
		CORERISCV_AXI4_0.debugTransportModuleJtag0.dbusReg_ret[9]
		CORERISCV_AXI4_0.debugTransportModuleJtag0.dbusReg_ret[10]
		CORERISCV_AXI4_0.debugTransportModuleJtag0.dbusReg_ret[11]
		CORERISCV_AXI4_0.debugTransportModuleJtag0.dbusReg_ret[12]
		CORERISCV_AXI4_0.debugTransportModuleJtag0.dbusReg_ret[13]
		CORERISCV_AXI4_0.debugTransportModuleJtag0.dbusReg_ret[14]
		CORERISCV_AXI4_0.debugTransportModuleJtag0.dbusReg_ret[15]
		CORERISCV_AXI4_0.debugTransportModuleJtag0.dbusReg_ret[16]
		CORERISCV_AXI4_0.debugTransportModuleJtag0.dbusReg_ret[17]
		CORERISCV_AXI4_0.debugTransportModuleJtag0.dbusReg_ret[18]
		CORERISCV_AXI4_0.debugTransportModuleJtag0.dbusReg_ret[19]
		CORERISCV_AXI4_0.debugTransportModuleJtag0.dbusReg_ret[20]
		CORERISCV_AXI4_0.debugTransportModuleJtag0.dbusReg_ret[21]
		CORERISCV_AXI4_0.debugTransportModuleJtag0.dbusReg_ret[22]
		CORERISCV_AXI4_0.debugTransportModuleJtag0.dbusReg_ret[23]
		CORERISCV_AXI4_0.debugTransportModuleJtag0.dbusReg_ret[24]
		CORERISCV_AXI4_0.debugTransportModuleJtag0.dbusReg_ret[25]
		CORERISCV_AXI4_0.debugTransportModuleJtag0.dbusReg_ret[26]
		CORERISCV_AXI4_0.debugTransportModuleJtag0.dbusReg_ret[27]
		CORERISCV_AXI4_0.debugTransportModuleJtag0.dbusReg_ret[28]
		CORERISCV_AXI4_0.debugTransportModuleJtag0.dbusReg_ret[29]
		CORERISCV_AXI4_0.debugTransportModuleJtag0.dbusReg_ret[30]
		CORERISCV_AXI4_0.debugTransportModuleJtag0.dbusReg_ret[31]
		CORERISCV_AXI4_0.debugTransportModuleJtag0.dbusReg_ret[32]
		CORERISCV_AXI4_0.debugTransportModuleJtag0.dbusReg_ret[33]
		CORERISCV_AXI4_0.debugTransportModuleJtag0.dbusReg_ret[34]
		CORERISCV_AXI4_0.debugTransportModuleJtag0.dbusReg_ret[35]
		CORERISCV_AXI4_0.debugTransportModuleJtag0.dbusReg_ret[36]
		CORERISCV_AXI4_0.debugTransportModuleJtag0.dbusReg_ret[37]
		CORERISCV_AXI4_0.debugTransportModuleJtag0.dbusReg_ret[38]
		CORERISCV_AXI4_0.debugTransportModuleJtag0.dbusReg_ret[39]
		CORERISCV_AXI4_0.debugTransportModuleJtag0.dbusReg_ret[40]
		CORERISCV_AXI4_0.debugTransportModuleJtag0.dbusReg_ret_40
		CORERISCV_AXI4_0.debugTransportModuleJtag0.downgradeOpReg_ret_3
		CORERISCV_AXI4_0.debugTransportModuleJtag0.downgradeOpReg_ret_5
		CORERISCV_AXI4_0.debugTransportModuleJtag0.downgradeOpReg_ret_6[0]
		CORERISCV_AXI4_0.debugTransportModuleJtag0.downgradeOpReg_ret_10
		CORERISCV_AXI4_0.debugTransportModuleJtag0.irReg_ret[0]
		CORERISCV_AXI4_0.debugTransportModuleJtag0.irReg_ret[1]
		CORERISCV_AXI4_0.debugTransportModuleJtag0.irReg_ret[2]
		CORERISCV_AXI4_0.debugTransportModuleJtag0.irReg_ret[3]
		CORERISCV_AXI4_0.debugTransportModuleJtag0.irReg_ret[4]
		CORERISCV_AXI4_0.debugTransportModuleJtag0.irReg_ret_4
		CORERISCV_AXI4_0.debugTransportModuleJtag0.shiftReg_ret
		CORERISCV_AXI4_0.debugTransportModuleJtag0.shiftReg_ret_0[0]
		CORERISCV_AXI4_0.debugTransportModuleJtag0.shiftReg_ret_0[1]
		CORERISCV_AXI4_0.debugTransportModuleJtag0.shiftReg_ret_0[2]
		CORERISCV_AXI4_0.debugTransportModuleJtag0.shiftReg_ret_0[3]
		CORERISCV_AXI4_0.debugTransportModuleJtag0.shiftReg_ret_0[4]
		CORERISCV_AXI4_0.debugTransportModuleJtag0.shiftReg_ret_0[5]
		CORERISCV_AXI4_0.debugTransportModuleJtag0.shiftReg_ret_0[6]
		CORERISCV_AXI4_0.debugTransportModuleJtag0.shiftReg_ret_0[7]
		CORERISCV_AXI4_0.debugTransportModuleJtag0.shiftReg_ret_0[8]
		CORERISCV_AXI4_0.debugTransportModuleJtag0.shiftReg_ret_0[9]
		CORERISCV_AXI4_0.debugTransportModuleJtag0.shiftReg_ret_0[10]
		CORERISCV_AXI4_0.debugTransportModuleJtag0.shiftReg_ret_0[11]
		CORERISCV_AXI4_0.debugTransportModuleJtag0.shiftReg_ret_0[12]
		CORERISCV_AXI4_0.debugTransportModuleJtag0.shiftReg_ret_0[13]
		CORERISCV_AXI4_0.debugTransportModuleJtag0.shiftReg_ret_0[14]
		CORERISCV_AXI4_0.debugTransportModuleJtag0.shiftReg_ret_0[15]
		CORERISCV_AXI4_0.debugTransportModuleJtag0.shiftReg_ret_0[16]
		CORERISCV_AXI4_0.debugTransportModuleJtag0.shiftReg_ret_0[17]
		CORERISCV_AXI4_0.debugTransportModuleJtag0.shiftReg_ret_0[18]
		CORERISCV_AXI4_0.debugTransportModuleJtag0.shiftReg_ret_0[19]
		CORERISCV_AXI4_0.debugTransportModuleJtag0.shiftReg_ret_0[20]
		CORERISCV_AXI4_0.debugTransportModuleJtag0.shiftReg_ret_0[21]
		CORERISCV_AXI4_0.debugTransportModuleJtag0.shiftReg_ret_0[22]
		CORERISCV_AXI4_0.debugTransportModuleJtag0.shiftReg_ret_0[23]
		CORERISCV_AXI4_0.debugTransportModuleJtag0.shiftReg_ret_0[24]
		CORERISCV_AXI4_0.debugTransportModuleJtag0.shiftReg_ret_0[25]
		CORERISCV_AXI4_0.debugTransportModuleJtag0.shiftReg_ret_0[26]
		CORERISCV_AXI4_0.debugTransportModuleJtag0.shiftReg_ret_0[27]
		CORERISCV_AXI4_0.debugTransportModuleJtag0.shiftReg_ret_0[28]
		CORERISCV_AXI4_0.debugTransportModuleJtag0.shiftReg_ret_0[29]
		CORERISCV_AXI4_0.debugTransportModuleJtag0.shiftReg_ret_0[30]
		CORERISCV_AXI4_0.debugTransportModuleJtag0.shiftReg_ret_0[31]
		CORERISCV_AXI4_0.debugTransportModuleJtag0.shiftReg_ret_0[32]
		CORERISCV_AXI4_0.debugTransportModuleJtag0.shiftReg_ret_0[33]
		CORERISCV_AXI4_0.debugTransportModuleJtag0.shiftReg_ret_0[34]
		CORERISCV_AXI4_0.debugTransportModuleJtag0.shiftReg_ret_0[35]
		CORERISCV_AXI4_0.debugTransportModuleJtag0.shiftReg_ret_0[36]
		CORERISCV_AXI4_0.debugTransportModuleJtag0.shiftReg_ret_0[37]
		CORERISCV_AXI4_0.debugTransportModuleJtag0.shiftReg_ret_0[38]
		CORERISCV_AXI4_0.debugTransportModuleJtag0.shiftReg_ret_0[39]
		CORERISCV_AXI4_0.debugTransportModuleJtag0.shiftReg_ret_1
		CORERISCV_AXI4_0.debugTransportModuleJtag0.shiftReg_ret_2
		CORERISCV_AXI4_0.debugTransportModuleJtag0.shiftReg_ret_4
		CORERISCV_AXI4_0.debugTransportModuleJtag0.shiftReg_ret_5
		CORERISCV_AXI4_0.debugTransportModuleJtag0.shiftReg_ret_8
		CORERISCV_AXI4_0.debugTransportModuleJtag0.shiftReg_ret_40
		CORERISCV_AXI4_0.debugTransportModuleJtag0.shiftReg_ret_41
		CORERISCV_AXI4_0.debugTransportModuleJtag0.shiftReg_ret_42[0]
		CORERISCV_AXI4_0.debugTransportModuleJtag0.shiftReg_ret_42[2]
		CORERISCV_AXI4_0.debugTransportModuleJtag0.shiftReg_ret_42[3]
		CORERISCV_AXI4_0.debugTransportModuleJtag0.shiftReg_ret_42[4]
		CORERISCV_AXI4_0.debugTransportModuleJtag0.shiftReg_ret_42[5]
		CORERISCV_AXI4_0.debugTransportModuleJtag0.shiftReg_ret_42[6]
		CORERISCV_AXI4_0.debugTransportModuleJtag0.shiftReg_ret_42[7]
		CORERISCV_AXI4_0.debugTransportModuleJtag0.shiftReg_ret_42[8]
		CORERISCV_AXI4_0.debugTransportModuleJtag0.shiftReg_ret_42[9]
		CORERISCV_AXI4_0.debugTransportModuleJtag0.shiftReg_ret_42[10]
		CORERISCV_AXI4_0.debugTransportModuleJtag0.shiftReg_ret_42[11]
		CORERISCV_AXI4_0.debugTransportModuleJtag0.shiftReg_ret_42[12]
		CORERISCV_AXI4_0.debugTransportModuleJtag0.shiftReg_ret_42[13]
		CORERISCV_AXI4_0.debugTransportModuleJtag0.shiftReg_ret_42[14]
		CORERISCV_AXI4_0.debugTransportModuleJtag0.shiftReg_ret_42[15]
		CORERISCV_AXI4_0.debugTransportModuleJtag0.shiftReg_ret_42[16]
		CORERISCV_AXI4_0.debugTransportModuleJtag0.shiftReg_ret_42[17]
		CORERISCV_AXI4_0.debugTransportModuleJtag0.shiftReg_ret_42[18]
		CORERISCV_AXI4_0.debugTransportModuleJtag0.shiftReg_ret_42[19]
		CORERISCV_AXI4_0.debugTransportModuleJtag0.shiftReg_ret_42[20]
		CORERISCV_AXI4_0.debugTransportModuleJtag0.shiftReg_ret_42[21]
		CORERISCV_AXI4_0.debugTransportModuleJtag0.shiftReg_ret_42[22]
		CORERISCV_AXI4_0.debugTransportModuleJtag0.shiftReg_ret_42[23]
		CORERISCV_AXI4_0.debugTransportModuleJtag0.shiftReg_ret_42[24]
		CORERISCV_AXI4_0.debugTransportModuleJtag0.shiftReg_ret_42[25]
		CORERISCV_AXI4_0.debugTransportModuleJtag0.shiftReg_ret_42[26]
		CORERISCV_AXI4_0.debugTransportModuleJtag0.shiftReg_ret_42[27]
		CORERISCV_AXI4_0.debugTransportModuleJtag0.shiftReg_ret_42[28]
		CORERISCV_AXI4_0.debugTransportModuleJtag0.shiftReg_ret_42[29]
		CORERISCV_AXI4_0.debugTransportModuleJtag0.shiftReg_ret_42[30]
		CORERISCV_AXI4_0.debugTransportModuleJtag0.shiftReg_ret_42[31]
		CORERISCV_AXI4_0.debugTransportModuleJtag0.shiftReg_ret_42[32]
		CORERISCV_AXI4_0.debugTransportModuleJtag0.shiftReg_ret_42[33]
		CORERISCV_AXI4_0.debugTransportModuleJtag0.shiftReg_ret_42[34]
		CORERISCV_AXI4_0.debugTransportModuleJtag0.shiftReg_ret_42[35]
		CORERISCV_AXI4_0.debugTransportModuleJtag0.shiftReg_ret_78[0]
		CORERISCV_AXI4_0.debugTransportModuleJtag0.shiftReg_ret_78[1]
		CORERISCV_AXI4_0.debugTransportModuleJtag0.shiftReg_ret_78[2]
		CORERISCV_AXI4_0.debugTransportModuleJtag0.shiftReg_ret_78[3]
		CORERISCV_AXI4_0.debugTransportModuleJtag0.shiftReg_ret_78[4]
		CORERISCV_AXI4_0.debugTransportModuleJtag0.shiftReg_ret_84
		CORERISCV_AXI4_0.debugTransportModuleJtag0.shiftReg_ret_85
		CORERISCV_AXI4_0.debugTransportModuleJtag0.shiftReg_ret_98
		CORERISCV_AXI4_0.debugTransportModuleJtag0.skipOpReg_ret_1
		CORERISCV_AXI4_0.debugTransportModuleJtag0.skipOpReg_ret_3
		CORERISCV_AXI4_0.debugTransportModuleJtag0.skipOpReg_ret_4
		CoreAHBLite_0.matrix4x16.masterRegAddrSel_ret
		CoreAHBLite_0.matrix4x16.masterRegAddrSel_ret_1
		CoreAHBLite_0.matrix4x16.masterRegAddrSel_ret_2
		CoreAHBLite_0.matrix4x16.masterstage_0.SDATASELInt_ret
		CoreAHBLite_0.matrix4x16.masterstage_0.SDATASELInt_ret_1
		CoreAHBLite_0.matrix4x16.masterstage_0.default_slave_sm.SDATASELInt_ret_2
		CoreAHBLite_0.matrix4x16.masterstage_0.masterRegAddrSel_ret
		MSS_SUBSYSTEM_sb_0.CORERESETP_0.state_ret


		#####   END RETIMING REPORT  #####

