Timing Violation Report Max Delay Analysis

SmartTime Version v11.8
Microsemi Corporation - Microsemi Libero Software Release v11.8 (Version 11.8.0.26)
Date: Tue Jul 04 11:11:41 2017


Design: PROC_SUBSYSTEM
Family: SmartFusion2
Die: M2S150
Package: 1152 FC
Temperature Range: 0 - 85 C
Voltage Range: 1.14 - 1.26 V
Speed Grade: STD
Design State: Post-Layout
Data source: Production
Min Operating Conditions: BEST - 1.26 V - 0 C
Max Operating Conditions: WORST - 1.14 V - 85 C
Scenario for Timing Analysis: timing_analysis


Path 1
  From:                        MSS_SUBSYSTEM_sb_0/CORERESETP_0/INIT_DONE_int:CLK
  To:                          CORERISCV_AXI4_0/debugBusReqFifo/genblk2.wrAddrGrayReg_r[0]:ALn
  Delay (ns):                  12.324                                                                          
  Slack (ns):                  -0.747                                                                          
  Arrival (ns):                18.651                                                                          
  Required (ns):               17.904                                                                          

Path 2
  From:                        MSS_SUBSYSTEM_sb_0/CORERESETP_0/INIT_DONE_int:CLK
  To:                          CORERISCV_AXI4_0/debugBusRespFifo/genblk2.rdAddrGrayReg_sync[0]:ALn
  Delay (ns):                  12.344                                                                          
  Slack (ns):                  -0.738                                                                          
  Arrival (ns):                18.671                                                                          
  Required (ns):               17.933                                                                          

Path 3
  From:                        MSS_SUBSYSTEM_sb_0/CORERESETP_0/INIT_DONE_int:CLK
  To:                          CORERISCV_AXI4_0/debugBusReqFifo/genblk2.rdAddrReg_r[0]:ALn
  Delay (ns):                  12.343                                                                          
  Slack (ns):                  -0.737                                                                          
  Arrival (ns):                18.670                                                                          
  Required (ns):               17.933                                                                          

Path 4
  From:                        MSS_SUBSYSTEM_sb_0/CORERESETP_0/INIT_DONE_int:CLK
  To:                          CORERISCV_AXI4_0/debugBusRespFifo/genblk2.wrAddrReg_w[0]:ALn
  Delay (ns):                  12.343                                                                          
  Slack (ns):                  -0.737                                                                          
  Arrival (ns):                18.670                                                                          
  Required (ns):               17.933                                                                          

Path 5
  From:                        MSS_SUBSYSTEM_sb_0/CORERESETP_0/INIT_DONE_int:CLK
  To:                          CORERISCV_AXI4_0/debugBusReqFifo/genblk2.wrAddrGrayReg_r[1]:ALn
  Delay (ns):                  12.324                                                                          
  Slack (ns):                  -0.736                                                                          
  Arrival (ns):                18.651                                                                          
  Required (ns):               17.915                                                                          

Path 6
  From:                        MSS_SUBSYSTEM_sb_0/CORERESETP_0/INIT_DONE_int:CLK
  To:                          CORERISCV_AXI4_0/debugBusReqFifo/genblk2.wrAddrGrayReg_sync[0]:ALn
  Delay (ns):                  12.324                                                                          
  Slack (ns):                  -0.736                                                                          
  Arrival (ns):                18.651                                                                          
  Required (ns):               17.915                                                                          

Path 7
  From:                        MSS_SUBSYSTEM_sb_0/CORERESETP_0/INIT_DONE_int:CLK
  To:                          CORERISCV_AXI4_0/debugBusReqFifo/genblk2.wrAddrGrayReg_sync[1]:ALn
  Delay (ns):                  12.324                                                                          
  Slack (ns):                  -0.734                                                                          
  Arrival (ns):                18.651                                                                          
  Required (ns):               17.917                                                                          

Path 8
  From:                        MSS_SUBSYSTEM_sb_0/CORERESETP_0/INIT_DONE_int:CLK
  To:                          CORERISCV_AXI4_0/debugBusRespFifo/genblk2.rdAddrGrayReg_w[1]:ALn
  Delay (ns):                  12.344                                                                          
  Slack (ns):                  -0.724                                                                          
  Arrival (ns):                18.671                                                                          
  Required (ns):               17.947                                                                          

Path 9
  From:                        MSS_SUBSYSTEM_sb_0/CORERESETP_0/INIT_DONE_int:CLK
  To:                          CORERISCV_AXI4_0/debugBusRespFifo/genblk2.rdAddrGrayReg_w[0]:ALn
  Delay (ns):                  12.344                                                                          
  Slack (ns):                  -0.724                                                                          
  Arrival (ns):                18.671                                                                          
  Required (ns):               17.947                                                                          

Path 10
  From:                        MSS_SUBSYSTEM_sb_0/CORERESETP_0/INIT_DONE_int:CLK
  To:                          CORERISCV_AXI4_0/debugBusRespFifo/genblk2.rdAddrGrayReg_sync[1]:ALn
  Delay (ns):                  12.343                                                                          
  Slack (ns):                  -0.723                                                                          
  Arrival (ns):                18.670                                                                          
  Required (ns):               17.947                                                                          

Path 11
  From:                        MSS_SUBSYSTEM_sb_0/CORERESETP_0/INIT_DONE_int:CLK
  To:                          CORERISCV_AXI4_0/debugBusRespFifo/genblk2.wrAddrGrayReg_w[0]:ALn
  Delay (ns):                  12.343                                                                          
  Slack (ns):                  -0.723                                                                          
  Arrival (ns):                18.670                                                                          
  Required (ns):               17.947                                                                          

Path 12
  From:                        MSS_SUBSYSTEM_sb_0/CORERESETP_0/INIT_DONE_int:CLK
  To:                          CORERISCV_AXI4_0/debugBusRespFifo/genblk2.wrAddrGrayReg_w[1]:ALn
  Delay (ns):                  12.343                                                                          
  Slack (ns):                  -0.722                                                                          
  Arrival (ns):                18.670                                                                          
  Required (ns):               17.948                                                                          

Path 13
  From:                        MSS_SUBSYSTEM_sb_0/CORERESETP_0/INIT_DONE_int:CLK
  To:                          CORERISCV_AXI4_0/debugBusReqFifo/genblk2.rdAddrReg_r[1]:ALn
  Delay (ns):                  12.329                                                                          
  Slack (ns):                  -0.716                                                                          
  Arrival (ns):                18.656                                                                          
  Required (ns):               17.940                                                                          

Path 14
  From:                        MSS_SUBSYSTEM_sb_0/CORERESETP_0/INIT_DONE_int:CLK
  To:                          CORERISCV_AXI4_0/debugBusRespFifo/genblk2.rdAddrGrayReg_w_ret:ALn
  Delay (ns):                  12.329                                                                          
  Slack (ns):                  -0.716                                                                          
  Arrival (ns):                18.656                                                                          
  Required (ns):               17.940                                                                          

Path 15
  From:                        MSS_SUBSYSTEM_sb_0/CORERESETP_0/INIT_DONE_int:CLK
  To:                          CORERISCV_AXI4_0/debugBusReqFifo/genblk2.rdAddrGrayReg_r[0]:ALn
  Delay (ns):                  12.329                                                                          
  Slack (ns):                  -0.716                                                                          
  Arrival (ns):                18.656                                                                          
  Required (ns):               17.940                                                                          

Path 16
  From:                        COREAXITOAHBL_1/U_AHBMasterCtrl/wrFIFORdAddr[2]:CLK
  To:                          MSS_SUBSYSTEM_sb_0/MSS_SUBSYSTEM_sb_MSS_0/MSS_ADLIB_INST/INST_MSS_120_IP:F_WDATA_HWDATA01[11]
  Delay (ns):                  10.822                                                                          
  Slack (ns):                  -0.078                                                                          
  Arrival (ns):                17.169                                                                          
  Required (ns):               17.091                                                                          

Path 17
  From:                        COREAXITOAHBL_1/U_AHBMasterCtrl/wrFIFORdAddr[2]:CLK
  To:                          MSS_SUBSYSTEM_sb_0/MSS_SUBSYSTEM_sb_MSS_0/MSS_ADLIB_INST/INST_MSS_120_IP:F_WDATA_HWDATA01[7]
  Delay (ns):                  10.748                                                                          
  Slack (ns):                  -0.047                                                                          
  Arrival (ns):                17.095                                                                          
  Required (ns):               17.048                                                                          

Path 18
  From:                        COREAXITOAHBL_1/U_AHBMasterCtrl/wrFIFORdAddr[2]:CLK
  To:                          MSS_SUBSYSTEM_sb_0/MSS_SUBSYSTEM_sb_MSS_0/MSS_ADLIB_INST/INST_MSS_120_IP:F_WDATA_HWDATA01[9]
  Delay (ns):                  10.668                                                                          
  Slack (ns):                  0.067                                                                           
  Arrival (ns):                17.015                                                                          
  Required (ns):               17.082                                                                          

Path 19
  From:                        COREAXITOAHBL_1/U_AHBMasterCtrl/wrFIFORdAddr[3]:CLK
  To:                          MSS_SUBSYSTEM_sb_0/MSS_SUBSYSTEM_sb_MSS_0/MSS_ADLIB_INST/INST_MSS_120_IP:F_WDATA_HWDATA01[11]
  Delay (ns):                  10.696                                                                          
  Slack (ns):                  0.067                                                                           
  Arrival (ns):                17.030                                                                          
  Required (ns):               17.097                                                                          

Path 20
  From:                        COREAXITOAHBL_1/U_AHBMasterCtrl/wrFIFORdAddr[2]:CLK
  To:                          MSS_SUBSYSTEM_sb_0/MSS_SUBSYSTEM_sb_MSS_0/MSS_ADLIB_INST/INST_MSS_120_IP:F_WDATA_HWDATA01[0]
  Delay (ns):                  10.618                                                                          
  Slack (ns):                  0.103                                                                           
  Arrival (ns):                16.965                                                                          
  Required (ns):               17.068                                                                          

Path 21
  From:                        COREAXITOAHBL_1/U_AHBMasterCtrl/wrFIFORdAddr[2]:CLK
  To:                          MSS_SUBSYSTEM_sb_0/MSS_SUBSYSTEM_sb_MSS_0/MSS_ADLIB_INST/INST_MSS_120_IP:F_WDATA_HWDATA01[4]
  Delay (ns):                  10.568                                                                          
  Slack (ns):                  0.103                                                                           
  Arrival (ns):                16.915                                                                          
  Required (ns):               17.018                                                                          

Path 22
  From:                        COREAXITOAHBL_1/U_AHBMasterCtrl/wrFIFORdAddr[3]:CLK
  To:                          MSS_SUBSYSTEM_sb_0/MSS_SUBSYSTEM_sb_MSS_0/MSS_ADLIB_INST/INST_MSS_120_IP:F_WDATA_HWDATA01[7]
  Delay (ns):                  10.614                                                                          
  Slack (ns):                  0.127                                                                           
  Arrival (ns):                16.948                                                                          
  Required (ns):               17.075                                                                          

Path 23
  From:                        COREAXITOAHBL_1/U_AHBMasterCtrl/wrFIFORdAddr[2]:CLK
  To:                          MSS_SUBSYSTEM_sb_0/MSS_SUBSYSTEM_sb_MSS_0/MSS_ADLIB_INST/INST_MSS_120_IP:F_WDATA_HWDATA01[2]
  Delay (ns):                  10.445                                                                          
  Slack (ns):                  0.140                                                                           
  Arrival (ns):                16.792                                                                          
  Required (ns):               16.932                                                                          

Path 24
  From:                        COREAXITOAHBL_1/U_AHBMasterCtrl/wrFIFORdAddr[2]:CLK
  To:                          MSS_SUBSYSTEM_sb_0/MSS_SUBSYSTEM_sb_MSS_0/MSS_ADLIB_INST/INST_MSS_120_IP:F_WDATA_HWDATA01[5]
  Delay (ns):                  10.550                                                                          
  Slack (ns):                  0.144                                                                           
  Arrival (ns):                16.897                                                                          
  Required (ns):               17.041                                                                          

Path 25
  From:                        COREAXITOAHBL_1/U_AHBMasterCtrl/wrFIFORdAddr[3]:CLK
  To:                          MSS_SUBSYSTEM_sb_0/MSS_SUBSYSTEM_sb_MSS_0/MSS_ADLIB_INST/INST_MSS_120_IP:F_WDATA_HWDATA01[9]
  Delay (ns):                  10.581                                                                          
  Slack (ns):                  0.167                                                                           
  Arrival (ns):                16.915                                                                          
  Required (ns):               17.082                                                                          

Path 26
  From:                        COREAXITOAHBL_1/U_AHBMasterCtrl/wrFIFORdAddr[2]:CLK
  To:                          MSS_SUBSYSTEM_sb_0/MSS_SUBSYSTEM_sb_MSS_0/MSS_ADLIB_INST/INST_MSS_120_IP:F_WDATA_HWDATA01[3]
  Delay (ns):                  10.445                                                                          
  Slack (ns):                  0.188                                                                           
  Arrival (ns):                16.792                                                                          
  Required (ns):               16.980                                                                          

Path 27
  From:                        COREAXITOAHBL_1/U_AHBMasterCtrl/wrFIFORdAddr[3]:CLK
  To:                          MSS_SUBSYSTEM_sb_0/MSS_SUBSYSTEM_sb_MSS_0/MSS_ADLIB_INST/INST_MSS_120_IP:F_WDATA_HWDATA01[0]
  Delay (ns):                  10.530                                                                          
  Slack (ns):                  0.204                                                                           
  Arrival (ns):                16.864                                                                          
  Required (ns):               17.068                                                                          

Path 28
  From:                        COREAXITOAHBL_1/U_AHBMasterCtrl/wrFIFORdAddr[3]:CLK
  To:                          MSS_SUBSYSTEM_sb_0/MSS_SUBSYSTEM_sb_MSS_0/MSS_ADLIB_INST/INST_MSS_120_IP:F_WDATA_HWDATA01[4]
  Delay (ns):                  10.427                                                                          
  Slack (ns):                  0.238                                                                           
  Arrival (ns):                16.761                                                                          
  Required (ns):               16.999                                                                          

Path 29
  From:                        COREAXITOAHBL_1/U_AHBMasterCtrl/wrFIFORdAddr[3]:CLK
  To:                          MSS_SUBSYSTEM_sb_0/MSS_SUBSYSTEM_sb_MSS_0/MSS_ADLIB_INST/INST_MSS_120_IP:F_WDATA_HWDATA01[2]
  Delay (ns):                  10.357                                                                          
  Slack (ns):                  0.241                                                                           
  Arrival (ns):                16.691                                                                          
  Required (ns):               16.932                                                                          

Path 30
  From:                        COREAXITOAHBL_1/U_AHBMasterCtrl/wrFIFORdAddr[2]:CLK
  To:                          MSS_SUBSYSTEM_sb_0/MSS_SUBSYSTEM_sb_MSS_0/MSS_ADLIB_INST/INST_MSS_120_IP:F_WDATA_HWDATA01[1]
  Delay (ns):                  10.479                                                                          
  Slack (ns):                  0.255                                                                           
  Arrival (ns):                16.826                                                                          
  Required (ns):               17.081                                                                          

Path 31
  From:                        COREAXITOAHBL_1/U_AHBMasterCtrl/wrFIFORdAddr[3]:CLK
  To:                          MSS_SUBSYSTEM_sb_0/MSS_SUBSYSTEM_sb_MSS_0/MSS_ADLIB_INST/INST_MSS_120_IP:F_WDATA_HWDATA01[5]
  Delay (ns):                  10.432                                                                          
  Slack (ns):                  0.286                                                                           
  Arrival (ns):                16.766                                                                          
  Required (ns):               17.052                                                                          

Path 32
  From:                        COREAXITOAHBL_1/U_AHBMasterCtrl/wrFIFORdAddr[2]:CLK
  To:                          MSS_SUBSYSTEM_sb_0/MSS_SUBSYSTEM_sb_MSS_0/MSS_ADLIB_INST/INST_MSS_120_IP:F_WDATA_HWDATA01[27]
  Delay (ns):                  10.404                                                                          
  Slack (ns):                  0.288                                                                           
  Arrival (ns):                16.751                                                                          
  Required (ns):               17.039                                                                          

Path 33
  From:                        COREAXITOAHBL_1/U_AHBMasterCtrl/wrFIFORdAddr[3]:CLK
  To:                          MSS_SUBSYSTEM_sb_0/MSS_SUBSYSTEM_sb_MSS_0/MSS_ADLIB_INST/INST_MSS_120_IP:F_WDATA_HWDATA01[3]
  Delay (ns):                  10.357                                                                          
  Slack (ns):                  0.289                                                                           
  Arrival (ns):                16.691                                                                          
  Required (ns):               16.980                                                                          

Path 34
  From:                        COREAXITOAHBL_1/U_AHBMasterCtrl/wrFIFORdAddr[3]:CLK
  To:                          MSS_SUBSYSTEM_sb_0/MSS_SUBSYSTEM_sb_MSS_0/MSS_ADLIB_INST/INST_MSS_120_IP:F_WDATA_HWDATA01[1]
  Delay (ns):                  10.380                                                                          
  Slack (ns):                  0.373                                                                           
  Arrival (ns):                16.714                                                                          
  Required (ns):               17.087                                                                          

Path 35
  From:                        COREAXITOAHBL_1/U_AHBMasterCtrl/wrFIFORdAddr[3]:CLK
  To:                          MSS_SUBSYSTEM_sb_0/MSS_SUBSYSTEM_sb_MSS_0/MSS_ADLIB_INST/INST_MSS_120_IP:F_WDATA_HWDATA01[27]
  Delay (ns):                  10.330                                                                          
  Slack (ns):                  0.375                                                                           
  Arrival (ns):                16.664                                                                          
  Required (ns):               17.039                                                                          

Path 36
  From:                        COREAXITOAHBL_1/U_AHBMasterCtrl/wrFIFORdAddr[0]:CLK
  To:                          MSS_SUBSYSTEM_sb_0/MSS_SUBSYSTEM_sb_MSS_0/MSS_ADLIB_INST/INST_MSS_120_IP:F_WDATA_HWDATA01[11]
  Delay (ns):                  10.382                                                                          
  Slack (ns):                  0.394                                                                           
  Arrival (ns):                16.697                                                                          
  Required (ns):               17.091                                                                          

Path 37
  From:                        COREAXITOAHBL_1/U_AHBMasterCtrl/wrFIFORdAddr[0]:CLK
  To:                          MSS_SUBSYSTEM_sb_0/MSS_SUBSYSTEM_sb_MSS_0/MSS_ADLIB_INST/INST_MSS_120_IP:F_WDATA_HWDATA01[7]
  Delay (ns):                  10.307                                                                          
  Slack (ns):                  0.426                                                                           
  Arrival (ns):                16.622                                                                          
  Required (ns):               17.048                                                                          

Path 38
  From:                        COREAXITOAHBL_1/U_AHBMasterCtrl/wrFIFORdAddr[2]:CLK
  To:                          MSS_SUBSYSTEM_sb_0/MSS_SUBSYSTEM_sb_MSS_0/MSS_ADLIB_INST/INST_MSS_120_IP:F_WDATA_HWDATA01[26]
  Delay (ns):                  10.281                                                                          
  Slack (ns):                  0.440                                                                           
  Arrival (ns):                16.628                                                                          
  Required (ns):               17.068                                                                          

Path 39
  From:                        COREAXITOAHBL_1/U_AHBMasterCtrl/wrFIFORdAddr[2]:CLK
  To:                          MSS_SUBSYSTEM_sb_0/MSS_SUBSYSTEM_sb_MSS_0/MSS_ADLIB_INST/INST_MSS_120_IP:F_WDATA_HWDATA01[14]
  Delay (ns):                  10.238                                                                          
  Slack (ns):                  0.460                                                                           
  Arrival (ns):                16.585                                                                          
  Required (ns):               17.045                                                                          

Path 40
  From:                        COREAXITOAHBL_1/U_AHBMasterCtrl/wrFIFORdAddr[2]:CLK
  To:                          MSS_SUBSYSTEM_sb_0/MSS_SUBSYSTEM_sb_MSS_0/MSS_ADLIB_INST/INST_MSS_120_IP:F_WDATA_HWDATA01[16]
  Delay (ns):                  10.385                                                                          
  Slack (ns):                  0.465                                                                           
  Arrival (ns):                16.732                                                                          
  Required (ns):               17.197                                                                          

Path 41
  From:                        COREAXITOAHBL_1/U_AHBMasterCtrl/wrFIFORdAddr[2]:CLK
  To:                          MSS_SUBSYSTEM_sb_0/MSS_SUBSYSTEM_sb_MSS_0/MSS_ADLIB_INST/INST_MSS_120_IP:F_WDATA_HWDATA01[20]
  Delay (ns):                  10.161                                                                          
  Slack (ns):                  0.503                                                                           
  Arrival (ns):                16.508                                                                          
  Required (ns):               17.011                                                                          

Path 42
  From:                        COREAXITOAHBL_1/U_AHBMasterCtrl/wrFIFORdAddr[0]:CLK
  To:                          MSS_SUBSYSTEM_sb_0/MSS_SUBSYSTEM_sb_MSS_0/MSS_ADLIB_INST/INST_MSS_120_IP:F_WDATA_HWDATA01[9]
  Delay (ns):                  10.260                                                                          
  Slack (ns):                  0.507                                                                           
  Arrival (ns):                16.575                                                                          
  Required (ns):               17.082                                                                          

Path 43
  From:                        COREAXITOAHBL_1/U_AHBMasterCtrl/wrFIFORdAddr[1]:CLK
  To:                          MSS_SUBSYSTEM_sb_0/MSS_SUBSYSTEM_sb_MSS_0/MSS_ADLIB_INST/INST_MSS_120_IP:F_WDATA_HWDATA01[11]
  Delay (ns):                  10.253                                                                          
  Slack (ns):                  0.518                                                                           
  Arrival (ns):                16.579                                                                          
  Required (ns):               17.097                                                                          

Path 44
  From:                        COREAXITOAHBL_1/U_AHBMasterCtrl/wrFIFORdAddr[3]:CLK
  To:                          MSS_SUBSYSTEM_sb_0/MSS_SUBSYSTEM_sb_MSS_0/MSS_ADLIB_INST/INST_MSS_120_IP:F_WDATA_HWDATA01[20]
  Delay (ns):                  10.148                                                                          
  Slack (ns):                  0.529                                                                           
  Arrival (ns):                16.482                                                                          
  Required (ns):               17.011                                                                          

Path 45
  From:                        COREAXITOAHBL_1/U_AHBMasterCtrl/wrFIFORdAddr[2]:CLK
  To:                          MSS_SUBSYSTEM_sb_0/MSS_SUBSYSTEM_sb_MSS_0/MSS_ADLIB_INST/INST_MSS_120_IP:F_WDATA_HWDATA01[31]
  Delay (ns):                  10.130                                                                          
  Slack (ns):                  0.531                                                                           
  Arrival (ns):                16.477                                                                          
  Required (ns):               17.008                                                                          

Path 46
  From:                        COREAXITOAHBL_1/U_AHBMasterCtrl/wrFIFORdAddr[2]:CLK
  To:                          MSS_SUBSYSTEM_sb_0/MSS_SUBSYSTEM_sb_MSS_0/MSS_ADLIB_INST/INST_MSS_120_IP:F_WDATA_HWDATA01[30]
  Delay (ns):                  10.227                                                                          
  Slack (ns):                  0.535                                                                           
  Arrival (ns):                16.574                                                                          
  Required (ns):               17.109                                                                          

Path 47
  From:                        COREAXITOAHBL_1/U_AHBMasterCtrl/wrFIFORdAddr[3]:CLK
  To:                          MSS_SUBSYSTEM_sb_0/MSS_SUBSYSTEM_sb_MSS_0/MSS_ADLIB_INST/INST_MSS_120_IP:F_WDATA_HWDATA01[30]
  Delay (ns):                  10.233                                                                          
  Slack (ns):                  0.542                                                                           
  Arrival (ns):                16.567                                                                          
  Required (ns):               17.109                                                                          

Path 48
  From:                        COREAXITOAHBL_1/U_AHBMasterCtrl/wrFIFORdAddr[3]:CLK
  To:                          MSS_SUBSYSTEM_sb_0/MSS_SUBSYSTEM_sb_MSS_0/MSS_ADLIB_INST/INST_MSS_120_IP:F_WDATA_HWDATA01[16]
  Delay (ns):                  10.311                                                                          
  Slack (ns):                  0.552                                                                           
  Arrival (ns):                16.645                                                                          
  Required (ns):               17.197                                                                          

Path 49
  From:                        COREAXITOAHBL_1/U_AHBMasterCtrl/wrFIFORdAddr[1]:CLK
  To:                          MSS_SUBSYSTEM_sb_0/MSS_SUBSYSTEM_sb_MSS_0/MSS_ADLIB_INST/INST_MSS_120_IP:F_WDATA_HWDATA01[7]
  Delay (ns):                  10.164                                                                          
  Slack (ns):                  0.558                                                                           
  Arrival (ns):                16.490                                                                          
  Required (ns):               17.048                                                                          

Path 50
  From:                        COREAXITOAHBL_1/U_AHBMasterCtrl/wrFIFORdAddr[3]:CLK
  To:                          MSS_SUBSYSTEM_sb_0/MSS_SUBSYSTEM_sb_MSS_0/MSS_ADLIB_INST/INST_MSS_120_IP:F_WDATA_HWDATA01[31]
  Delay (ns):                  10.116                                                                          
  Slack (ns):                  0.558                                                                           
  Arrival (ns):                16.450                                                                          
  Required (ns):               17.008                                                                          

Path 51
  From:                        COREAXITOAHBL_1/U_AHBMasterCtrl/wrFIFORdAddr[3]:CLK
  To:                          MSS_SUBSYSTEM_sb_0/MSS_SUBSYSTEM_sb_MSS_0/MSS_ADLIB_INST/INST_MSS_120_IP:F_WDATA_HWDATA01[14]
  Delay (ns):                  10.150                                                                          
  Slack (ns):                  0.561                                                                           
  Arrival (ns):                16.484                                                                          
  Required (ns):               17.045                                                                          

Path 52
  From:                        COREAXITOAHBL_1/U_AHBMasterCtrl/wrFIFORdAddr[0]:CLK
  To:                          MSS_SUBSYSTEM_sb_0/MSS_SUBSYSTEM_sb_MSS_0/MSS_ADLIB_INST/INST_MSS_120_IP:F_WDATA_HWDATA01[4]
  Delay (ns):                  10.118                                                                          
  Slack (ns):                  0.566                                                                           
  Arrival (ns):                16.433                                                                          
  Required (ns):               16.999                                                                          

Path 53
  From:                        COREAXITOAHBL_1/U_AHBMasterCtrl/wrFIFORdAddr[0]:CLK
  To:                          MSS_SUBSYSTEM_sb_0/MSS_SUBSYSTEM_sb_MSS_0/MSS_ADLIB_INST/INST_MSS_120_IP:F_WDATA_HWDATA01[2]
  Delay (ns):                  10.047                                                                          
  Slack (ns):                  0.570                                                                           
  Arrival (ns):                16.362                                                                          
  Required (ns):               16.932                                                                          

Path 54
  From:                        COREAXITOAHBL_1/U_AHBMasterCtrl/wrFIFORdAddr[0]:CLK
  To:                          MSS_SUBSYSTEM_sb_0/MSS_SUBSYSTEM_sb_MSS_0/MSS_ADLIB_INST/INST_MSS_120_IP:F_WDATA_HWDATA01[0]
  Delay (ns):                  10.180                                                                          
  Slack (ns):                  0.573                                                                           
  Arrival (ns):                16.495                                                                          
  Required (ns):               17.068                                                                          

Path 55
  From:                        COREAXITOAHBL_1/U_AHBMasterCtrl/wrFIFORdAddr[3]:CLK
  To:                          MSS_SUBSYSTEM_sb_0/MSS_SUBSYSTEM_sb_MSS_0/MSS_ADLIB_INST/INST_MSS_120_IP:F_WDATA_HWDATA01[26]
  Delay (ns):                  10.139                                                                          
  Slack (ns):                  0.580                                                                           
  Arrival (ns):                16.473                                                                          
  Required (ns):               17.053                                                                          

Path 56
  From:                        COREAXITOAHBL_1/U_AHBMasterCtrl/wrFIFORdAddr[2]:CLK
  To:                          MSS_SUBSYSTEM_sb_0/MSS_SUBSYSTEM_sb_MSS_0/MSS_ADLIB_INST/INST_MSS_120_IP:F_WDATA_HWDATA01[23]
  Delay (ns):                  10.184                                                                          
  Slack (ns):                  0.584                                                                           
  Arrival (ns):                16.531                                                                          
  Required (ns):               17.115                                                                          

Path 57
  From:                        COREAXITOAHBL_1/U_AHBMasterCtrl/wrFIFORdAddr[0]:CLK
  To:                          MSS_SUBSYSTEM_sb_0/MSS_SUBSYSTEM_sb_MSS_0/MSS_ADLIB_INST/INST_MSS_120_IP:F_WDATA_HWDATA01[3]
  Delay (ns):                  10.056                                                                          
  Slack (ns):                  0.609                                                                           
  Arrival (ns):                16.371                                                                          
  Required (ns):               16.980                                                                          

Path 58
  From:                        COREAXITOAHBL_1/U_AHBMasterCtrl/wrFIFORdAddr[0]:CLK
  To:                          MSS_SUBSYSTEM_sb_0/MSS_SUBSYSTEM_sb_MSS_0/MSS_ADLIB_INST/INST_MSS_120_IP:F_WDATA_HWDATA01[5]
  Delay (ns):                  10.127                                                                          
  Slack (ns):                  0.610                                                                           
  Arrival (ns):                16.442                                                                          
  Required (ns):               17.052                                                                          

Path 59
  From:                        COREAXITOAHBL_1/U_AHBMasterCtrl/wrFIFORdAddr[2]:CLK
  To:                          MSS_SUBSYSTEM_sb_0/MSS_SUBSYSTEM_sb_MSS_0/MSS_ADLIB_INST/INST_MSS_120_IP:F_WDATA_HWDATA01[24]
  Delay (ns):                  10.095                                                                          
  Slack (ns):                  0.612                                                                           
  Arrival (ns):                16.442                                                                          
  Required (ns):               17.054                                                                          

Path 60
  From:                        COREAXITOAHBL_1/U_AHBMasterCtrl/wrFIFORdAddr[2]:CLK
  To:                          MSS_SUBSYSTEM_sb_0/MSS_SUBSYSTEM_sb_MSS_0/MSS_ADLIB_INST/INST_MSS_120_IP:F_WDATA_HWDATA01[12]
  Delay (ns):                  10.247                                                                          
  Slack (ns):                  0.619                                                                           
  Arrival (ns):                16.594                                                                          
  Required (ns):               17.213                                                                          

Path 61
  From:                        COREAXITOAHBL_1/U_AHBMasterCtrl/wrFIFORdAddr[1]:CLK
  To:                          MSS_SUBSYSTEM_sb_0/MSS_SUBSYSTEM_sb_MSS_0/MSS_ADLIB_INST/INST_MSS_120_IP:F_WDATA_HWDATA01[9]
  Delay (ns):                  10.134                                                                          
  Slack (ns):                  0.622                                                                           
  Arrival (ns):                16.460                                                                          
  Required (ns):               17.082                                                                          

Path 62
  From:                        COREAXITOAHBL_1/U_AHBMasterCtrl/wrFIFORdAddr[1]:CLK
  To:                          MSS_SUBSYSTEM_sb_0/MSS_SUBSYSTEM_sb_MSS_0/MSS_ADLIB_INST/INST_MSS_120_IP:F_WDATA_HWDATA01[27]
  Delay (ns):                  10.060                                                                          
  Slack (ns):                  0.653                                                                           
  Arrival (ns):                16.386                                                                          
  Required (ns):               17.039                                                                          

Path 63
  From:                        COREAXITOAHBL_1/U_AHBMasterCtrl/wrFIFORdAddr[1]:CLK
  To:                          MSS_SUBSYSTEM_sb_0/MSS_SUBSYSTEM_sb_MSS_0/MSS_ADLIB_INST/INST_MSS_120_IP:F_WDATA_HWDATA01[0]
  Delay (ns):                  10.086                                                                          
  Slack (ns):                  0.656                                                                           
  Arrival (ns):                16.412                                                                          
  Required (ns):               17.068                                                                          

Path 64
  From:                        COREAXITOAHBL_1/U_AHBMasterCtrl/wrFIFORdAddr[3]:CLK
  To:                          MSS_SUBSYSTEM_sb_0/MSS_SUBSYSTEM_sb_MSS_0/MSS_ADLIB_INST/INST_MSS_120_IP:F_WDATA_HWDATA01[23]
  Delay (ns):                  10.107                                                                          
  Slack (ns):                  0.674                                                                           
  Arrival (ns):                16.441                                                                          
  Required (ns):               17.115                                                                          

Path 65
  From:                        COREAXITOAHBL_1/U_AHBMasterCtrl/wrFIFORdAddr[1]:CLK
  To:                          MSS_SUBSYSTEM_sb_0/MSS_SUBSYSTEM_sb_MSS_0/MSS_ADLIB_INST/INST_MSS_120_IP:F_WDATA_HWDATA01[4]
  Delay (ns):                  9.986                                                                           
  Slack (ns):                  0.687                                                                           
  Arrival (ns):                16.312                                                                          
  Required (ns):               16.999                                                                          

Path 66
  From:                        COREAXITOAHBL_1/U_AHBMasterCtrl/wrFIFORdAddr[1]:CLK
  To:                          MSS_SUBSYSTEM_sb_0/MSS_SUBSYSTEM_sb_MSS_0/MSS_ADLIB_INST/INST_MSS_120_IP:F_WDATA_HWDATA01[2]
  Delay (ns):                  9.916                                                                           
  Slack (ns):                  0.690                                                                           
  Arrival (ns):                16.242                                                                          
  Required (ns):               16.932                                                                          

Path 67
  From:                        COREAXITOAHBL_1/U_AHBMasterCtrl/wrFIFORdAddr[3]:CLK
  To:                          MSS_SUBSYSTEM_sb_0/MSS_SUBSYSTEM_sb_MSS_0/MSS_ADLIB_INST/INST_MSS_120_IP:F_WDATA_HWDATA01[24]
  Delay (ns):                  10.047                                                                          
  Slack (ns):                  0.703                                                                           
  Arrival (ns):                16.381                                                                          
  Required (ns):               17.084                                                                          

Path 68
  From:                        COREAXITOAHBL_1/U_AHBMasterCtrl/wrFIFORdAddr[0]:CLK
  To:                          MSS_SUBSYSTEM_sb_0/MSS_SUBSYSTEM_sb_MSS_0/MSS_ADLIB_INST/INST_MSS_120_IP:F_WDATA_HWDATA01[1]
  Delay (ns):                  10.042                                                                          
  Slack (ns):                  0.724                                                                           
  Arrival (ns):                16.357                                                                          
  Required (ns):               17.081                                                                          

Path 69
  From:                        COREAXITOAHBL_1/U_AHBMasterCtrl/wrFIFORdAddr[1]:CLK
  To:                          MSS_SUBSYSTEM_sb_0/MSS_SUBSYSTEM_sb_MSS_0/MSS_ADLIB_INST/INST_MSS_120_IP:F_WDATA_HWDATA01[3]
  Delay (ns):                  9.920                                                                           
  Slack (ns):                  0.734                                                                           
  Arrival (ns):                16.246                                                                          
  Required (ns):               16.980                                                                          

Path 70
  From:                        COREAXITOAHBL_1/U_AHBMasterCtrl/wrFIFORdAddr[1]:CLK
  To:                          MSS_SUBSYSTEM_sb_0/MSS_SUBSYSTEM_sb_MSS_0/MSS_ADLIB_INST/INST_MSS_120_IP:F_WDATA_HWDATA01[5]
  Delay (ns):                  9.990                                                                           
  Slack (ns):                  0.736                                                                           
  Arrival (ns):                16.316                                                                          
  Required (ns):               17.052                                                                          

Path 71
  From:                        COREAXITOAHBL_1/U_AHBMasterCtrl/wrFIFORdAddr[3]:CLK
  To:                          MSS_SUBSYSTEM_sb_0/MSS_SUBSYSTEM_sb_MSS_0/MSS_ADLIB_INST/INST_MSS_120_IP:F_WDATA_HWDATA01[12]
  Delay (ns):                  10.114                                                                          
  Slack (ns):                  0.749                                                                           
  Arrival (ns):                16.448                                                                          
  Required (ns):               17.197                                                                          

Path 72
  From:                        COREAXITOAHBL_1/U_AHBMasterCtrl/wrFIFORdAddr[2]:CLK
  To:                          MSS_SUBSYSTEM_sb_0/MSS_SUBSYSTEM_sb_MSS_0/MSS_ADLIB_INST/INST_MSS_120_IP:F_WDATA_HWDATA01[25]
  Delay (ns):                  9.926                                                                           
  Slack (ns):                  0.767                                                                           
  Arrival (ns):                16.273                                                                          
  Required (ns):               17.040                                                                          

Path 73
  From:                        COREAXITOAHBL_1/U_AHBMasterCtrl/wrFIFORdAddr[2]:CLK
  To:                          MSS_SUBSYSTEM_sb_0/MSS_SUBSYSTEM_sb_MSS_0/MSS_ADLIB_INST/INST_MSS_120_IP:F_WDATA_HWDATA01[8]
  Delay (ns):                  9.942                                                                           
  Slack (ns):                  0.775                                                                           
  Arrival (ns):                16.289                                                                          
  Required (ns):               17.064                                                                          

Path 74
  From:                        CORERISCV_AXI4_0/ChiselTop0/uncore/outmemsys/PROC_SUBSYSTEM_CORERISCV_AXI4_0_CORERISCV_AXI4_NASTI_IO_TILE_LINK_IO_CONVERTER_1/tl_cnt_in_ret_3:CLK
  To:                          CORERISCV_AXI4_0/ChiselTop0/uncore/outmemsys/ClientTileLinkIOUnwrapper_1/acqRoq/T_45_0:EN
  Delay (ns):                  10.807                                                                          
  Slack (ns):                  0.821                                                                           
  Arrival (ns):                17.135                                                                          
  Required (ns):               17.956                                                                          

Path 75
  From:                        COREAXITOAHBL_1/U_AHBMasterCtrl/wrFIFORdAddr[1]:CLK
  To:                          MSS_SUBSYSTEM_sb_0/MSS_SUBSYSTEM_sb_MSS_0/MSS_ADLIB_INST/INST_MSS_120_IP:F_WDATA_HWDATA01[1]
  Delay (ns):                  9.939                                                                           
  Slack (ns):                  0.822                                                                           
  Arrival (ns):                16.265                                                                          
  Required (ns):               17.087                                                                          

Path 76
  From:                        COREAXITOAHBL_1/U_AHBMasterCtrl/wrFIFORdAddr[1]:CLK
  To:                          MSS_SUBSYSTEM_sb_0/MSS_SUBSYSTEM_sb_MSS_0/MSS_ADLIB_INST/INST_MSS_120_IP:F_WDATA_HWDATA01[16]
  Delay (ns):                  10.040                                                                          
  Slack (ns):                  0.831                                                                           
  Arrival (ns):                16.366                                                                          
  Required (ns):               17.197                                                                          

Path 77
  From:                        COREAXITOAHBL_1/U_AHBMasterCtrl/wrFIFORdAddr[0]:CLK
  To:                          MSS_SUBSYSTEM_sb_0/MSS_SUBSYSTEM_sb_MSS_0/MSS_ADLIB_INST/INST_MSS_120_IP:F_WDATA_HWDATA01[20]
  Delay (ns):                  9.859                                                                           
  Slack (ns):                  0.837                                                                           
  Arrival (ns):                16.174                                                                          
  Required (ns):               17.011                                                                          

Path 78
  From:                        CORERISCV_AXI4_0/ChiselTop0/uncore/outmemsys/PROC_SUBSYSTEM_CORERISCV_AXI4_0_CORERISCV_AXI4_NASTI_IO_TILE_LINK_IO_CONVERTER_1/nasti_cnt_out_ret_18:CLK
  To:                          CORERISCV_AXI4_0/ChiselTop0/uncore/outmemsys/ClientTileLinkIOUnwrapper_1/acqRoq/T_45_0:EN
  Delay (ns):                  10.792                                                                          
  Slack (ns):                  0.837                                                                           
  Arrival (ns):                17.119                                                                          
  Required (ns):               17.956                                                                          

Path 79
  From:                        COREAXITOAHBL_1/U_AHBMasterCtrl/wrFIFORdAddr[0]:CLK
  To:                          MSS_SUBSYSTEM_sb_0/MSS_SUBSYSTEM_sb_MSS_0/MSS_ADLIB_INST/INST_MSS_120_IP:F_WDATA_HWDATA01[27]
  Delay (ns):                  9.883                                                                           
  Slack (ns):                  0.841                                                                           
  Arrival (ns):                16.198                                                                          
  Required (ns):               17.039                                                                          

Path 80
  From:                        COREAXITOAHBL_1/U_AHBMasterCtrl/wrFIFORdAddr[3]:CLK
  To:                          MSS_SUBSYSTEM_sb_0/MSS_SUBSYSTEM_sb_MSS_0/MSS_ADLIB_INST/INST_MSS_120_IP:F_WDATA_HWDATA01[25]
  Delay (ns):                  9.853                                                                           
  Slack (ns):                  0.853                                                                           
  Arrival (ns):                16.187                                                                          
  Required (ns):               17.040                                                                          

Path 81
  From:                        COREAXITOAHBL_1/U_AHBMasterCtrl/wrFIFORdAddr[0]:CLK
  To:                          MSS_SUBSYSTEM_sb_0/MSS_SUBSYSTEM_sb_MSS_0/MSS_ADLIB_INST/INST_MSS_120_IP:F_WDATA_HWDATA01[30]
  Delay (ns):                  9.936                                                                           
  Slack (ns):                  0.858                                                                           
  Arrival (ns):                16.251                                                                          
  Required (ns):               17.109                                                                          

Path 82
  From:                        COREAXITOAHBL_1/U_AHBMasterCtrl/wrFIFORdAddr[1]:CLK
  To:                          MSS_SUBSYSTEM_sb_0/MSS_SUBSYSTEM_sb_MSS_0/MSS_ADLIB_INST/INST_MSS_120_IP:F_WDATA_HWDATA01[26]
  Delay (ns):                  9.869                                                                           
  Slack (ns):                  0.858                                                                           
  Arrival (ns):                16.195                                                                          
  Required (ns):               17.053                                                                          

Path 83
  From:                        COREAXITOAHBL_1/U_AHBMasterCtrl/wrFIFORdAddr[1]:CLK
  To:                          MSS_SUBSYSTEM_sb_0/MSS_SUBSYSTEM_sb_MSS_0/MSS_ADLIB_INST/INST_MSS_120_IP:F_WDATA_HWDATA01[20]
  Delay (ns):                  9.820                                                                           
  Slack (ns):                  0.865                                                                           
  Arrival (ns):                16.146                                                                          
  Required (ns):               17.011                                                                          

Path 84
  From:                        COREAXITOAHBL_1/U_AHBMasterCtrl/wrFIFORdAddr[2]:CLK
  To:                          MSS_SUBSYSTEM_sb_0/MSS_SUBSYSTEM_sb_MSS_0/MSS_ADLIB_INST/INST_MSS_120_IP:F_WDATA_HWDATA01[28]
  Delay (ns):                  9.871                                                                           
  Slack (ns):                  0.876                                                                           
  Arrival (ns):                16.218                                                                          
  Required (ns):               17.094                                                                          

Path 85
  From:                        COREAXITOAHBL_1/U_AHBMasterCtrl/wrFIFORdAddr[0]:CLK
  To:                          MSS_SUBSYSTEM_sb_0/MSS_SUBSYSTEM_sb_MSS_0/MSS_ADLIB_INST/INST_MSS_120_IP:F_WDATA_HWDATA01[31]
  Delay (ns):                  9.814                                                                           
  Slack (ns):                  0.879                                                                           
  Arrival (ns):                16.129                                                                          
  Required (ns):               17.008                                                                          

Path 86
  From:                        COREAXITOAHBL_1/U_AHBMasterCtrl/wrFIFORdAddr[2]:CLK
  To:                          MSS_SUBSYSTEM_sb_0/MSS_SUBSYSTEM_sb_MSS_0/MSS_ADLIB_INST/INST_MSS_120_IP:F_WDATA_HWDATA01[10]
  Delay (ns):                  9.900                                                                           
  Slack (ns):                  0.896                                                                           
  Arrival (ns):                16.247                                                                          
  Required (ns):               17.143                                                                          

Path 87
  From:                        COREAXITOAHBL_1/U_AHBMasterCtrl/wrFIFORdAddr[0]:CLK
  To:                          MSS_SUBSYSTEM_sb_0/MSS_SUBSYSTEM_sb_MSS_0/MSS_ADLIB_INST/INST_MSS_120_IP:F_WDATA_HWDATA01[14]
  Delay (ns):                  9.833                                                                           
  Slack (ns):                  0.897                                                                           
  Arrival (ns):                16.148                                                                          
  Required (ns):               17.045                                                                          

Path 88
  From:                        COREAXITOAHBL_1/U_AHBMasterCtrl/wrFIFORdAddr[1]:CLK
  To:                          MSS_SUBSYSTEM_sb_0/MSS_SUBSYSTEM_sb_MSS_0/MSS_ADLIB_INST/INST_MSS_120_IP:F_WDATA_HWDATA01[31]
  Delay (ns):                  9.785                                                                           
  Slack (ns):                  0.897                                                                           
  Arrival (ns):                16.111                                                                          
  Required (ns):               17.008                                                                          

Path 89
  From:                        CORERISCV_AXI4_0/ChiselTop0/RocketTile_1/core/mem_reg_wdata_ret:CLK
  To:                          CORERISCV_AXI4_0/ChiselTop0/RocketTile_1/icache/icache/T_974_T_974_0_0/INST_RAM1K18_IP:A_ADDR[4]
  Delay (ns):                  10.811                                                                          
  Slack (ns):                  0.906                                                                           
  Arrival (ns):                17.130                                                                          
  Required (ns):               18.036                                                                          

Path 90
  From:                        COREAXITOAHBL_1/U_AHBMasterCtrl/wrFIFORdAddr[0]:CLK
  To:                          MSS_SUBSYSTEM_sb_0/MSS_SUBSYSTEM_sb_MSS_0/MSS_ADLIB_INST/INST_MSS_120_IP:F_WDATA_HWDATA01[16]
  Delay (ns):                  9.967                                                                           
  Slack (ns):                  0.915                                                                           
  Arrival (ns):                16.282                                                                          
  Required (ns):               17.197                                                                          

Path 91
  From:                        COREAXITOAHBL_1/U_AHBMasterCtrl/HADDRInt[2]:CLK
  To:                          MSS_SUBSYSTEM_sb_0/MSS_SUBSYSTEM_sb_MSS_0/MSS_ADLIB_INST/INST_MSS_120_IP:F_WDATA_HWDATA01[2]
  Delay (ns):                  9.729                                                                           
  Slack (ns):                  0.916                                                                           
  Arrival (ns):                16.016                                                                          
  Required (ns):               16.932                                                                          

Path 92
  From:                        CORERISCV_AXI4_0/ChiselTop0/RocketTile_1/core/mem_reg_wdata_ret:CLK
  To:                          CORERISCV_AXI4_0/ChiselTop0/RocketTile_1/icache/icache/T_974_T_974_0_1/INST_RAM1K18_IP:A_ADDR[4]
  Delay (ns):                  10.815                                                                          
  Slack (ns):                  0.921                                                                           
  Arrival (ns):                17.134                                                                          
  Required (ns):               18.055                                                                          

Path 93
  From:                        COREAXITOAHBL_1/U_AHBMasterCtrl/wrFIFORdAddr[1]:CLK
  To:                          MSS_SUBSYSTEM_sb_0/MSS_SUBSYSTEM_sb_MSS_0/MSS_ADLIB_INST/INST_MSS_120_IP:F_WDATA_HWDATA01[30]
  Delay (ns):                  9.861                                                                           
  Slack (ns):                  0.922                                                                           
  Arrival (ns):                16.187                                                                          
  Required (ns):               17.109                                                                          

Path 94
  From:                        COREAXITOAHBL_1/U_AHBMasterCtrl/wrFIFORdAddr[3]:CLK
  To:                          MSS_SUBSYSTEM_sb_0/MSS_SUBSYSTEM_sb_MSS_0/MSS_ADLIB_INST/INST_MSS_120_IP:F_WDATA_HWDATA01[8]
  Delay (ns):                  9.780                                                                           
  Slack (ns):                  0.923                                                                           
  Arrival (ns):                16.114                                                                          
  Required (ns):               17.037                                                                          

Path 95
  From:                        CORERISCV_AXI4_0/ChiselTop0/uncore/outmemsys/PROC_SUBSYSTEM_CORERISCV_AXI4_0_CORERISCV_AXI4_NASTI_IO_TILE_LINK_IO_CONVERTER_1/nasti_cnt_out_ret_14:CLK
  To:                          CORERISCV_AXI4_0/ChiselTop0/uncore/outmemsys/ClientTileLinkIOUnwrapper_1/acqRoq/T_45_0:EN
  Delay (ns):                  10.702                                                                          
  Slack (ns):                  0.927                                                                           
  Arrival (ns):                17.029                                                                          
  Required (ns):               17.956                                                                          

Path 96
  From:                        COREAXITOAHBL_1/U_AHBMasterCtrl/wrFIFORdAddr[0]:CLK
  To:                          MSS_SUBSYSTEM_sb_0/MSS_SUBSYSTEM_sb_MSS_0/MSS_ADLIB_INST/INST_MSS_120_IP:F_WDATA_HWDATA01[26]
  Delay (ns):                  9.825                                                                           
  Slack (ns):                  0.928                                                                           
  Arrival (ns):                16.140                                                                          
  Required (ns):               17.068                                                                          

Path 97
  From:                        COREAXITOAHBL_1/U_AHBMasterCtrl/wrFIFORdAddr[2]:CLK
  To:                          MSS_SUBSYSTEM_sb_0/MSS_SUBSYSTEM_sb_MSS_0/MSS_ADLIB_INST/INST_MSS_120_IP:F_WDATA_HWDATA01[6]
  Delay (ns):                  9.776                                                                           
  Slack (ns):                  0.943                                                                           
  Arrival (ns):                16.123                                                                          
  Required (ns):               17.066                                                                          

Path 98
  From:                        CORERISCV_AXI4_0/ChiselTop0/RocketTile_1/core/mem_reg_wdata_ret:CLK
  To:                          CORERISCV_AXI4_0/ChiselTop0/RocketTile_1/icache/icache/T_974_T_974_0_2/INST_RAM1K18_IP:A_ADDR[13]
  Delay (ns):                  11.076                                                                          
  Slack (ns):                  0.946                                                                           
  Arrival (ns):                17.395                                                                          
  Required (ns):               18.341                                                                          

Path 99
  From:                        COREAXITOAHBL_1/U_AHBMasterCtrl/wrFIFORdAddr[1]:CLK
  To:                          MSS_SUBSYSTEM_sb_0/MSS_SUBSYSTEM_sb_MSS_0/MSS_ADLIB_INST/INST_MSS_120_IP:F_WDATA_HWDATA01[23]
  Delay (ns):                  9.839                                                                           
  Slack (ns):                  0.950                                                                           
  Arrival (ns):                16.165                                                                          
  Required (ns):               17.115                                                                          

Path 100
  From:                        COREAXITOAHBL_1/U_AHBMasterCtrl/HADDRInt[2]:CLK
  To:                          MSS_SUBSYSTEM_sb_0/MSS_SUBSYSTEM_sb_MSS_0/MSS_ADLIB_INST/INST_MSS_120_IP:F_WDATA_HWDATA01[11]
  Delay (ns):                  9.838                                                                           
  Slack (ns):                  0.966                                                                           
  Arrival (ns):                16.125                                                                          
  Required (ns):               17.091                                                                          

