Timing Violation Report Max Delay Analysis

SmartTime Version v11.8
Microsemi Corporation - Microsemi Libero Software Release v11.8 (Version 11.8.0.26)
Date: Tue Jul 04 12:02:16 2017


Design: PROC_SUBSYSTEM
Family: SmartFusion2
Die: M2S150
Package: 1152 FC
Temperature Range: 0 - 85 C
Voltage Range: 1.14 - 1.26 V
Speed Grade: STD
Design State: Post-Layout
Data source: Production
Min Operating Conditions: BEST - 1.26 V - 0 C
Max Operating Conditions: WORST - 1.14 V - 85 C
Scenario for Timing Analysis: timing_analysis


Path 1
  From:                        CORERISCV_AXI4_0/ChiselTop0/RocketTile_1/core/div/divisor[1]:CLK
  To:                          CORERISCV_AXI4_0/ChiselTop0/RocketTile_1/core/div/remainder[48]:D
  Delay (ns):                  11.326                                                                          
  Slack (ns):                  0.397                                                                           
  Arrival (ns):                17.671                                                                          
  Required (ns):               18.068                                                                          

Path 2
  From:                        CORERISCV_AXI4_0/ChiselTop0/uncore/outmemsys/PROC_SUBSYSTEM_CORERISCV_AXI4_0_CORERISCV_AXI4_NASTI_IO_TILE_LINK_IO_CONVERTER_1/nasti_cnt_out_ret_18:CLK
  To:                          CORERISCV_AXI4_0/ChiselTop0/uncore/outmemsys/ClientTileLinkIOUnwrapper_1/acqRoq/T_45_0:EN
  Delay (ns):                  11.129                                                                          
  Slack (ns):                  0.498                                                                           
  Arrival (ns):                17.456                                                                          
  Required (ns):               17.954                                                                          

Path 3
  From:                        CORERISCV_AXI4_0/ChiselTop0/uncore/outmemsys/PROC_SUBSYSTEM_CORERISCV_AXI4_0_CORERISCV_AXI4_NASTI_IO_TILE_LINK_IO_CONVERTER_1/nasti_cnt_out_ret_14:CLK
  To:                          CORERISCV_AXI4_0/ChiselTop0/uncore/outmemsys/ClientTileLinkIOUnwrapper_1/acqRoq/T_45_0:EN
  Delay (ns):                  11.083                                                                          
  Slack (ns):                  0.544                                                                           
  Arrival (ns):                17.410                                                                          
  Required (ns):               17.954                                                                          

Path 4
  From:                        CORERISCV_AXI4_0/ChiselTop0/uncore/outmemsys/PROC_SUBSYSTEM_CORERISCV_AXI4_0_CORERISCV_AXI4_NASTI_IO_TILE_LINK_IO_CONVERTER_1/tl_cnt_in_ret_3:CLK
  To:                          CORERISCV_AXI4_0/ChiselTop0/uncore/outmemsys/ClientTileLinkIOUnwrapper_1/acqRoq/T_45_0:EN
  Delay (ns):                  11.032                                                                          
  Slack (ns):                  0.583                                                                           
  Arrival (ns):                17.371                                                                          
  Required (ns):               17.954                                                                          

Path 5
  From:                        CORERISCV_AXI4_0/ChiselTop0/RocketTile_1/core/div/divisor[1]:CLK
  To:                          CORERISCV_AXI4_0/ChiselTop0/RocketTile_1/core/div/remainder[43]:D
  Delay (ns):                  11.115                                                                          
  Slack (ns):                  0.604                                                                           
  Arrival (ns):                17.460                                                                          
  Required (ns):               18.064                                                                          

Path 6
  From:                        COREAXITOAHBL_1/U_AHBMasterCtrl/HADDRInt[2]:CLK
  To:                          MSS_SUBSYSTEM_sb_0/MSS_SUBSYSTEM_sb_MSS_0/MSS_ADLIB_INST/INST_MSS_120_IP:F_WDATA_HWDATA01[21]
  Delay (ns):                  10.284                                                                          
  Slack (ns):                  0.608                                                                           
  Arrival (ns):                16.589                                                                          
  Required (ns):               17.197                                                                          

Path 7
  From:                        COREAXITOAHBL_1/U_AHBMasterCtrl/wrFIFORdAddr[2]:CLK
  To:                          MSS_SUBSYSTEM_sb_0/MSS_SUBSYSTEM_sb_MSS_0/MSS_ADLIB_INST/INST_MSS_120_IP:F_WDATA_HWDATA01[13]
  Delay (ns):                  10.232                                                                          
  Slack (ns):                  0.641                                                                           
  Arrival (ns):                16.522                                                                          
  Required (ns):               17.163                                                                          

Path 8
  From:                        CORERISCV_AXI4_0/ChiselTop0/uncore/outmemsys/PROC_SUBSYSTEM_CORERISCV_AXI4_0_CORERISCV_AXI4_NASTI_IO_TILE_LINK_IO_CONVERTER_1/nasti_cnt_out_ret_19:CLK
  To:                          CORERISCV_AXI4_0/ChiselTop0/uncore/outmemsys/ClientTileLinkIOUnwrapper_1/acqRoq/T_45_0:EN
  Delay (ns):                  10.960                                                                          
  Slack (ns):                  0.654                                                                           
  Arrival (ns):                17.300                                                                          
  Required (ns):               17.954                                                                          

Path 9
  From:                        CORERISCV_AXI4_0/ChiselTop0/RocketTile_1/core/div/divisor[1]:CLK
  To:                          CORERISCV_AXI4_0/ChiselTop0/RocketTile_1/core/div/remainder[41]:D
  Delay (ns):                  11.046                                                                          
  Slack (ns):                  0.673                                                                           
  Arrival (ns):                17.391                                                                          
  Required (ns):               18.064                                                                          

Path 10
  From:                        COREAXITOAHBL_1/U_AHBMasterCtrl/wrFIFORdAddr[2]:CLK
  To:                          MSS_SUBSYSTEM_sb_0/MSS_SUBSYSTEM_sb_MSS_0/MSS_ADLIB_INST/INST_MSS_120_IP:F_WDATA_HWDATA01[3]
  Delay (ns):                  10.018                                                                          
  Slack (ns):                  0.674                                                                           
  Arrival (ns):                16.308                                                                          
  Required (ns):               16.982                                                                          

Path 11
  From:                        COREAXITOAHBL_1/U_AHBMasterCtrl/wrFIFORdAddr[2]:CLK
  To:                          MSS_SUBSYSTEM_sb_0/MSS_SUBSYSTEM_sb_MSS_0/MSS_ADLIB_INST/INST_MSS_120_IP:F_WDATA_HWDATA01[14]
  Delay (ns):                  10.050                                                                          
  Slack (ns):                  0.707                                                                           
  Arrival (ns):                16.340                                                                          
  Required (ns):               17.047                                                                          

Path 12
  From:                        COREAXITOAHBL_1/U_AHBMasterCtrl/wrFIFORdAddr[2]:CLK
  To:                          MSS_SUBSYSTEM_sb_0/MSS_SUBSYSTEM_sb_MSS_0/MSS_ADLIB_INST/INST_MSS_120_IP:F_WDATA_HWDATA01[1]
  Delay (ns):                  10.074                                                                          
  Slack (ns):                  0.719                                                                           
  Arrival (ns):                16.364                                                                          
  Required (ns):               17.083                                                                          

Path 13
  From:                        COREAXITOAHBL_1/U_AHBMasterCtrl/HADDRInt[2]:CLK
  To:                          MSS_SUBSYSTEM_sb_0/MSS_SUBSYSTEM_sb_MSS_0/MSS_ADLIB_INST/INST_MSS_120_IP:F_WDATA_HWDATA01[1]
  Delay (ns):                  10.053                                                                          
  Slack (ns):                  0.725                                                                           
  Arrival (ns):                16.358                                                                          
  Required (ns):               17.083                                                                          

Path 14
  From:                        COREAXITOAHBL_1/U_AHBMasterCtrl/wrFIFORdAddr[3]:CLK
  To:                          MSS_SUBSYSTEM_sb_0/MSS_SUBSYSTEM_sb_MSS_0/MSS_ADLIB_INST/INST_MSS_120_IP:F_WDATA_HWDATA01[3]
  Delay (ns):                  9.924                                                                           
  Slack (ns):                  0.766                                                                           
  Arrival (ns):                16.216                                                                          
  Required (ns):               16.982                                                                          

Path 15
  From:                        CORERISCV_AXI4_0/ChiselTop0/RocketTile_1/icache/icache/T_974_T_974_0_2/INST_RAM1K18_IP:A_DOUT_CLK
  To:                          CORERISCV_AXI4_0/ChiselTop0/RocketTile_1/icache/icache/T_974_T_974_0_2/INST_RAM1K18_IP:A_ADDR[12]
  Delay (ns):                  11.106                                                                          
  Slack (ns):                  0.789                                                                           
  Arrival (ns):                17.580                                                                          
  Required (ns):               18.369                                                                          

Path 16
  From:                        COREAXITOAHBL_1/U_AHBMasterCtrl/HADDRInt[2]:CLK
  To:                          MSS_SUBSYSTEM_sb_0/MSS_SUBSYSTEM_sb_MSS_0/MSS_ADLIB_INST/INST_MSS_120_IP:F_WDATA_HWDATA01[3]
  Delay (ns):                  9.882                                                                           
  Slack (ns):                  0.795                                                                           
  Arrival (ns):                16.187                                                                          
  Required (ns):               16.982                                                                          

Path 17
  From:                        CORERISCV_AXI4_0/ChiselTop0/uncore/outmemsys/Queue_13_1/ram_id.uncore.outmemsys.Queue_13_1.ram_id_ram1_[1]:CLK
  To:                          CORERISCV_AXI4_0/ChiselTop0/uncore/outmemsys/ClientTileLinkIOUnwrapper_1/acqRoq/T_45_0:EN
  Delay (ns):                  10.831                                                                          
  Slack (ns):                  0.796                                                                           
  Arrival (ns):                17.158                                                                          
  Required (ns):               17.954                                                                          

Path 18
  From:                        COREAXITOAHBL_1/U_AHBMasterCtrl/HADDRInt[2]:CLK
  To:                          MSS_SUBSYSTEM_sb_0/MSS_SUBSYSTEM_sb_MSS_0/MSS_ADLIB_INST/INST_MSS_120_IP:F_WDATA_HWDATA01[13]
  Delay (ns):                  10.058                                                                          
  Slack (ns):                  0.800                                                                           
  Arrival (ns):                16.363                                                                          
  Required (ns):               17.163                                                                          

Path 19
  From:                        CORERISCV_AXI4_0/ChiselTop0/RocketTile_1/icache/icache/T_974_T_974_0_0/INST_RAM1K18_IP:A_DOUT_CLK
  To:                          CORERISCV_AXI4_0/ChiselTop0/RocketTile_1/icache/icache/T_974_T_974_0_2/INST_RAM1K18_IP:A_ADDR[12]
  Delay (ns):                  11.085                                                                          
  Slack (ns):                  0.813                                                                           
  Arrival (ns):                17.556                                                                          
  Required (ns):               18.369                                                                          

Path 20
  From:                        CORERISCV_AXI4_0/ChiselTop0/uncore/Queue_21_1/T_67:CLK
  To:                          CORERISCV_AXI4_0/ChiselTop0/uncore/NastiIOTileLinkIOConverter_1_1/roq/T_198_2:EN
  Delay (ns):                  10.802                                                                          
  Slack (ns):                  0.820                                                                           
  Arrival (ns):                17.134                                                                          
  Required (ns):               17.954                                                                          

Path 21
  From:                        COREAXITOAHBL_1/U_AHBMasterCtrl/HADDRInt[2]:CLK
  To:                          MSS_SUBSYSTEM_sb_0/MSS_SUBSYSTEM_sb_MSS_0/MSS_ADLIB_INST/INST_MSS_120_IP:F_WDATA_HWDATA01[4]
  Delay (ns):                  9.869                                                                           
  Slack (ns):                  0.827                                                                           
  Arrival (ns):                16.174                                                                          
  Required (ns):               17.001                                                                          

Path 22
  From:                        COREAXITOAHBL_1/U_AHBMasterCtrl/wrFIFORdAddr[2]:CLK
  To:                          MSS_SUBSYSTEM_sb_0/MSS_SUBSYSTEM_sb_MSS_0/MSS_ADLIB_INST/INST_MSS_120_IP:F_WDATA_HWDATA01[4]
  Delay (ns):                  9.883                                                                           
  Slack (ns):                  0.828                                                                           
  Arrival (ns):                16.173                                                                          
  Required (ns):               17.001                                                                          

Path 23
  From:                        CORERISCV_AXI4_0/ChiselTop0/uncore/outmemsys/Queue_13_1/ram_id.uncore.outmemsys.Queue_13_1.ram_id_ram0_[1]:CLK
  To:                          CORERISCV_AXI4_0/ChiselTop0/uncore/outmemsys/ClientTileLinkIOUnwrapper_1/acqRoq/T_45_0:EN
  Delay (ns):                  10.786                                                                          
  Slack (ns):                  0.830                                                                           
  Arrival (ns):                17.124                                                                          
  Required (ns):               17.954                                                                          

Path 24
  From:                        COREAXITOAHBL_1/U_AHBMasterCtrl/HADDRInt[2]:CLK
  To:                          MSS_SUBSYSTEM_sb_0/MSS_SUBSYSTEM_sb_MSS_0/MSS_ADLIB_INST/INST_MSS_120_IP:F_WDATA_HWDATA01[22]
  Delay (ns):                  9.907                                                                           
  Slack (ns):                  0.831                                                                           
  Arrival (ns):                16.212                                                                          
  Required (ns):               17.043                                                                          

Path 25
  From:                        CORERISCV_AXI4_0/ChiselTop0/uncore/Queue_21_1/T_67:CLK
  To:                          CORERISCV_AXI4_0/ChiselTop0/uncore/NastiIOTileLinkIOConverter_1_1/roq/T_198_1:EN
  Delay (ns):                  10.789                                                                          
  Slack (ns):                  0.835                                                                           
  Arrival (ns):                17.121                                                                          
  Required (ns):               17.956                                                                          

Path 26
  From:                        CORERISCV_AXI4_0/ChiselTop0/uncore/Queue_21_1/T_67:CLK
  To:                          CORERISCV_AXI4_0/ChiselTop0/uncore/TileLinkRecursiveInterconnect_2/xbar/PROC_SUBSYSTEM_CORERISCV_AXI4_0_CORERISCV_AXI4_CLIENT_UNCACHED_TILE_LINK_IO_ROUTER_1/gnt_arb/T_612:EN
  Delay (ns):                  10.811                                                                          
  Slack (ns):                  0.837                                                                           
  Arrival (ns):                17.143                                                                          
  Required (ns):               17.980                                                                          

Path 27
  From:                        CORERISCV_AXI4_0/ChiselTop0/RocketTile_1/icache/icache/T_974_T_974_0_2/INST_RAM1K18_IP:A_DOUT_CLK
  To:                          CORERISCV_AXI4_0/ChiselTop0/RocketTile_1/icache/icache/T_974_T_974_0_0/INST_RAM1K18_IP:A_ADDR[12]
  Delay (ns):                  11.052                                                                          
  Slack (ns):                  0.839                                                                           
  Arrival (ns):                17.526                                                                          
  Required (ns):               18.365                                                                          

Path 28
  From:                        COREAXITOAHBL_1/U_AHBMasterCtrl/wrFIFORdAddr[2]:CLK
  To:                          MSS_SUBSYSTEM_sb_0/MSS_SUBSYSTEM_sb_MSS_0/MSS_ADLIB_INST/INST_MSS_120_IP:F_WDATA_HWDATA01[8]
  Delay (ns):                  9.934                                                                           
  Slack (ns):                  0.842                                                                           
  Arrival (ns):                16.224                                                                          
  Required (ns):               17.066                                                                          

Path 29
  From:                        CORERISCV_AXI4_0/ChiselTop0/RocketTile_1/core/alu/mem_reg_wdata_ret_70:CLK
  To:                          CORERISCV_AXI4_0/ChiselTop0/RocketTile_1/DCache_1/s2_req_addr[31]:EN
  Delay (ns):                  10.758                                                                          
  Slack (ns):                  0.852                                                                           
  Arrival (ns):                17.121                                                                          
  Required (ns):               17.973                                                                          

Path 30
  From:                        COREAXITOAHBL_1/U_AHBMasterCtrl/wrFIFORdAddr[2]:CLK
  To:                          MSS_SUBSYSTEM_sb_0/MSS_SUBSYSTEM_sb_MSS_0/MSS_ADLIB_INST/INST_MSS_120_IP:F_WDATA_HWDATA01[5]
  Delay (ns):                  9.901                                                                           
  Slack (ns):                  0.852                                                                           
  Arrival (ns):                16.191                                                                          
  Required (ns):               17.043                                                                          

Path 31
  From:                        CORERISCV_AXI4_0/ChiselTop0/RocketTile_1/core/alu/mem_reg_wdata_ret_70:CLK
  To:                          CORERISCV_AXI4_0/ChiselTop0/RocketTile_1/DCache_1/s2_victim_tag[15]:EN
  Delay (ns):                  10.758                                                                          
  Slack (ns):                  0.852                                                                           
  Arrival (ns):                17.121                                                                          
  Required (ns):               17.973                                                                          

Path 32
  From:                        CORERISCV_AXI4_0/ChiselTop0/RocketTile_1/core/alu/mem_reg_wdata_ret_70:CLK
  To:                          CORERISCV_AXI4_0/ChiselTop0/RocketTile_1/DCache_1/s2_victim_tag[13]:EN
  Delay (ns):                  10.758                                                                          
  Slack (ns):                  0.852                                                                           
  Arrival (ns):                17.121                                                                          
  Required (ns):               17.973                                                                          

Path 33
  From:                        COREAXITOAHBL_1/U_AHBMasterCtrl/HADDRInt[2]:CLK
  To:                          MSS_SUBSYSTEM_sb_0/MSS_SUBSYSTEM_sb_MSS_0/MSS_ADLIB_INST/INST_MSS_120_IP:F_WDATA_HWDATA01[5]
  Delay (ns):                  9.878                                                                           
  Slack (ns):                  0.860                                                                           
  Arrival (ns):                16.183                                                                          
  Required (ns):               17.043                                                                          

Path 34
  From:                        CORERISCV_AXI4_0/ChiselTop0/RocketTile_1/core/alu/mem_reg_wdata_ret_70:CLK
  To:                          CORERISCV_AXI4_0/ChiselTop0/RocketTile_1/DCache_1/s2_req_addr[27]:EN
  Delay (ns):                  10.758                                                                          
  Slack (ns):                  0.862                                                                           
  Arrival (ns):                17.121                                                                          
  Required (ns):               17.983                                                                          

Path 35
  From:                        CORERISCV_AXI4_0/ChiselTop0/RocketTile_1/icache/icache/T_974_T_974_0_0/INST_RAM1K18_IP:A_DOUT_CLK
  To:                          CORERISCV_AXI4_0/ChiselTop0/RocketTile_1/icache/icache/T_974_T_974_0_0/INST_RAM1K18_IP:A_ADDR[12]
  Delay (ns):                  11.031                                                                          
  Slack (ns):                  0.863                                                                           
  Arrival (ns):                17.502                                                                          
  Required (ns):               18.365                                                                          

Path 36
  From:                        COREAXITOAHBL_1/U_AHBMasterCtrl/wrFIFORdAddr[3]:CLK
  To:                          MSS_SUBSYSTEM_sb_0/MSS_SUBSYSTEM_sb_MSS_0/MSS_ADLIB_INST/INST_MSS_120_IP:F_WDATA_HWDATA01[4]
  Delay (ns):                  9.841                                                                           
  Slack (ns):                  0.868                                                                           
  Arrival (ns):                16.133                                                                          
  Required (ns):               17.001                                                                          

Path 37
  From:                        CORERISCV_AXI4_0/ChiselTop0/RocketTile_1/core/div/divisor[1]:CLK
  To:                          CORERISCV_AXI4_0/ChiselTop0/RocketTile_1/core/div/remainder[45]:D
  Delay (ns):                  10.836                                                                          
  Slack (ns):                  0.887                                                                           
  Arrival (ns):                17.181                                                                          
  Required (ns):               18.068                                                                          

Path 38
  From:                        CORERISCV_AXI4_0/ChiselTop0/RocketTile_1/core/mem_reg_wdata_ret_90:CLK
  To:                          CORERISCV_AXI4_0/ChiselTop0/RocketTile_1/DCache_1/s2_req_addr[31]:EN
  Delay (ns):                  10.703                                                                          
  Slack (ns):                  0.893                                                                           
  Arrival (ns):                17.080                                                                          
  Required (ns):               17.973                                                                          

Path 39
  From:                        CORERISCV_AXI4_0/ChiselTop0/RocketTile_1/core/mem_reg_wdata_ret_90:CLK
  To:                          CORERISCV_AXI4_0/ChiselTop0/RocketTile_1/DCache_1/s2_victim_tag[15]:EN
  Delay (ns):                  10.703                                                                          
  Slack (ns):                  0.893                                                                           
  Arrival (ns):                17.080                                                                          
  Required (ns):               17.973                                                                          

Path 40
  From:                        CORERISCV_AXI4_0/ChiselTop0/RocketTile_1/core/mem_reg_wdata_ret_90:CLK
  To:                          CORERISCV_AXI4_0/ChiselTop0/RocketTile_1/DCache_1/s2_victim_tag[13]:EN
  Delay (ns):                  10.703                                                                          
  Slack (ns):                  0.893                                                                           
  Arrival (ns):                17.080                                                                          
  Required (ns):               17.973                                                                          

Path 41
  From:                        COREAXITOAHBL_1/U_AHBMasterCtrl/HADDRInt[2]:CLK
  To:                          MSS_SUBSYSTEM_sb_0/MSS_SUBSYSTEM_sb_MSS_0/MSS_ADLIB_INST/INST_MSS_120_IP:F_WDATA_HWDATA01[14]
  Delay (ns):                  9.846                                                                           
  Slack (ns):                  0.896                                                                           
  Arrival (ns):                16.151                                                                          
  Required (ns):               17.047                                                                          

Path 42
  From:                        COREAXITOAHBL_1/U_AHBMasterCtrl/HADDRInt[2]:CLK
  To:                          MSS_SUBSYSTEM_sb_0/MSS_SUBSYSTEM_sb_MSS_0/MSS_ADLIB_INST/INST_MSS_120_IP:F_WDATA_HWDATA01[8]
  Delay (ns):                  9.862                                                                           
  Slack (ns):                  0.899                                                                           
  Arrival (ns):                16.167                                                                          
  Required (ns):               17.066                                                                          

Path 43
  From:                        CORERISCV_AXI4_0/ChiselTop0/RocketTile_1/core/mem_reg_wdata_ret_90:CLK
  To:                          CORERISCV_AXI4_0/ChiselTop0/RocketTile_1/DCache_1/s2_req_addr[27]:EN
  Delay (ns):                  10.703                                                                          
  Slack (ns):                  0.903                                                                           
  Arrival (ns):                17.080                                                                          
  Required (ns):               17.983                                                                          

Path 44
  From:                        COREAXITOAHBL_1/U_AHBMasterCtrl/wrFIFORdAddr[2]:CLK
  To:                          MSS_SUBSYSTEM_sb_0/MSS_SUBSYSTEM_sb_MSS_0/MSS_ADLIB_INST/INST_MSS_120_IP:F_WDATA_HWDATA01[12]
  Delay (ns):                  10.014                                                                          
  Slack (ns):                  0.911                                                                           
  Arrival (ns):                16.304                                                                          
  Required (ns):               17.215                                                                          

Path 45
  From:                        COREAXITOAHBL_1/U_AHBMasterCtrl/wrFIFORdAddr[3]:CLK
  To:                          MSS_SUBSYSTEM_sb_0/MSS_SUBSYSTEM_sb_MSS_0/MSS_ADLIB_INST/INST_MSS_120_IP:F_WDATA_HWDATA01[14]
  Delay (ns):                  9.834                                                                           
  Slack (ns):                  0.921                                                                           
  Arrival (ns):                16.126                                                                          
  Required (ns):               17.047                                                                          

Path 46
  From:                        CORERISCV_AXI4_0/ChiselTop0/RocketTile_1/core/div/divisor[16]:CLK
  To:                          CORERISCV_AXI4_0/ChiselTop0/RocketTile_1/core/div/remainder[48]:D
  Delay (ns):                  10.803                                                                          
  Slack (ns):                  0.925                                                                           
  Arrival (ns):                17.143                                                                          
  Required (ns):               18.068                                                                          

Path 47
  From:                        COREAXITOAHBL_1/U_AHBMasterCtrl/wrFIFORdAddr[2]:CLK
  To:                          MSS_SUBSYSTEM_sb_0/MSS_SUBSYSTEM_sb_MSS_0/MSS_ADLIB_INST/INST_MSS_120_IP:F_WDATA_HWDATA01[22]
  Delay (ns):                  9.828                                                                           
  Slack (ns):                  0.925                                                                           
  Arrival (ns):                16.118                                                                          
  Required (ns):               17.043                                                                          

Path 48
  From:                        CORERISCV_AXI4_0/ChiselTop0/uncore/Queue_21_1/T_67:CLK
  To:                          CORERISCV_AXI4_0/ChiselTop0/uncore/NastiIOTileLinkIOConverter_1_1/roq/T_198_3:EN
  Delay (ns):                  10.688                                                                          
  Slack (ns):                  0.936                                                                           
  Arrival (ns):                17.020                                                                          
  Required (ns):               17.956                                                                          

Path 49
  From:                        COREAXITOAHBL_1/U_AHBMasterCtrl/wrFIFORdAddr[3]:CLK
  To:                          MSS_SUBSYSTEM_sb_0/MSS_SUBSYSTEM_sb_MSS_0/MSS_ADLIB_INST/INST_MSS_120_IP:F_WDATA_HWDATA01[13]
  Delay (ns):                  9.972                                                                           
  Slack (ns):                  0.944                                                                           
  Arrival (ns):                16.264                                                                          
  Required (ns):               17.208                                                                          

Path 50
  From:                        COREAXITOAHBL_1/U_AHBMasterCtrl/wrFIFORdAddr[3]:CLK
  To:                          MSS_SUBSYSTEM_sb_0/MSS_SUBSYSTEM_sb_MSS_0/MSS_ADLIB_INST/INST_MSS_120_IP:F_WDATA_HWDATA01[22]
  Delay (ns):                  9.789                                                                           
  Slack (ns):                  0.944                                                                           
  Arrival (ns):                16.081                                                                          
  Required (ns):               17.025                                                                          

Path 51
  From:                        COREAXITOAHBL_1/U_AHBMasterCtrl/wrFIFORdAddr[3]:CLK
  To:                          MSS_SUBSYSTEM_sb_0/MSS_SUBSYSTEM_sb_MSS_0/MSS_ADLIB_INST/INST_MSS_120_IP:F_WDATA_HWDATA01[21]
  Delay (ns):                  9.957                                                                           
  Slack (ns):                  0.948                                                                           
  Arrival (ns):                16.249                                                                          
  Required (ns):               17.197                                                                          

Path 52
  From:                        CORERISCV_AXI4_0/ChiselTop0/RocketTile_1/DCache_1/s2_data[28]:CLK
  To:                          CORERISCV_AXI4_0/ChiselTop0/RocketTile_1/core/mem_reg_wdata_ret_2:D
  Delay (ns):                  10.777                                                                          
  Slack (ns):                  0.955                                                                           
  Arrival (ns):                17.118                                                                          
  Required (ns):               18.073                                                                          

Path 53
  From:                        CORERISCV_AXI4_0/ChiselTop0/RocketTile_1/core/alu/mem_reg_wdata_ret_1:CLK
  To:                          CORERISCV_AXI4_0/ChiselTop0/RocketTile_1/DCache_1/s2_req_addr[31]:EN
  Delay (ns):                  10.638                                                                          
  Slack (ns):                  0.972                                                                           
  Arrival (ns):                17.001                                                                          
  Required (ns):               17.973                                                                          

Path 54
  From:                        CORERISCV_AXI4_0/ChiselTop0/RocketTile_1/core/alu/mem_reg_wdata_ret_1:CLK
  To:                          CORERISCV_AXI4_0/ChiselTop0/RocketTile_1/DCache_1/s2_victim_tag[15]:EN
  Delay (ns):                  10.638                                                                          
  Slack (ns):                  0.972                                                                           
  Arrival (ns):                17.001                                                                          
  Required (ns):               17.973                                                                          

Path 55
  From:                        CORERISCV_AXI4_0/ChiselTop0/RocketTile_1/core/alu/mem_reg_wdata_ret_1:CLK
  To:                          CORERISCV_AXI4_0/ChiselTop0/RocketTile_1/DCache_1/s2_victim_tag[13]:EN
  Delay (ns):                  10.638                                                                          
  Slack (ns):                  0.972                                                                           
  Arrival (ns):                17.001                                                                          
  Required (ns):               17.973                                                                          

Path 56
  From:                        CORERISCV_AXI4_0/ChiselTop0/RocketTile_1/icache/icache/T_974_T_974_0_0/INST_RAM1K18_IP:A_DOUT_CLK
  To:                          CORERISCV_AXI4_0/ChiselTop0/RocketTile_1/icache/icache/T_974_T_974_0_1/INST_RAM1K18_IP:A_ADDR[13]
  Delay (ns):                  10.893                                                                          
  Slack (ns):                  0.977                                                                           
  Arrival (ns):                17.364                                                                          
  Required (ns):               18.341                                                                          

Path 57
  From:                        COREAXITOAHBL_1/U_AHBMasterCtrl/wrFIFORdAddr[3]:CLK
  To:                          MSS_SUBSYSTEM_sb_0/MSS_SUBSYSTEM_sb_MSS_0/MSS_ADLIB_INST/INST_MSS_120_IP:F_WDATA_HWDATA01[1]
  Delay (ns):                  9.820                                                                           
  Slack (ns):                  0.977                                                                           
  Arrival (ns):                16.112                                                                          
  Required (ns):               17.089                                                                          

Path 58
  From:                        CORERISCV_AXI4_0/ChiselTop0/RocketTile_1/core/alu/mem_reg_wdata_ret_1:CLK
  To:                          CORERISCV_AXI4_0/ChiselTop0/RocketTile_1/DCache_1/s2_req_addr[27]:EN
  Delay (ns):                  10.638                                                                          
  Slack (ns):                  0.982                                                                           
  Arrival (ns):                17.001                                                                          
  Required (ns):               17.983                                                                          

Path 59
  From:                        COREAXITOAHBL_1/U_AHBMasterCtrl/wrFIFORdAddr[2]:CLK
  To:                          MSS_SUBSYSTEM_sb_0/MSS_SUBSYSTEM_sb_MSS_0/MSS_ADLIB_INST/INST_MSS_120_IP:F_WDATA_HWDATA01[21]
  Delay (ns):                  9.916                                                                           
  Slack (ns):                  0.991                                                                           
  Arrival (ns):                16.206                                                                          
  Required (ns):               17.197                                                                          

Path 60
  From:                        CORERISCV_AXI4_0/ChiselTop0/RocketTile_1/icache/icache/T_974_T_974_0_2/INST_RAM1K18_IP:A_DOUT_CLK
  To:                          CORERISCV_AXI4_0/ChiselTop0/RocketTile_1/icache/icache/T_974_T_974_0_1/INST_RAM1K18_IP:A_ADDR[13]
  Delay (ns):                  10.873                                                                          
  Slack (ns):                  0.994                                                                           
  Arrival (ns):                17.347                                                                          
  Required (ns):               18.341                                                                          

Path 61
  From:                        CORERISCV_AXI4_0/ChiselTop0/RocketTile_1/core/mem_reg_wdata_ret_92:CLK
  To:                          CORERISCV_AXI4_0/ChiselTop0/RocketTile_1/DCache_1/s2_req_addr[31]:EN
  Delay (ns):                  10.604                                                                          
  Slack (ns):                  1.006                                                                           
  Arrival (ns):                16.967                                                                          
  Required (ns):               17.973                                                                          

Path 62
  From:                        CORERISCV_AXI4_0/ChiselTop0/RocketTile_1/core/mem_reg_wdata_ret_92:CLK
  To:                          CORERISCV_AXI4_0/ChiselTop0/RocketTile_1/DCache_1/s2_victim_tag[15]:EN
  Delay (ns):                  10.604                                                                          
  Slack (ns):                  1.006                                                                           
  Arrival (ns):                16.967                                                                          
  Required (ns):               17.973                                                                          

Path 63
  From:                        CORERISCV_AXI4_0/ChiselTop0/RocketTile_1/core/mem_reg_wdata_ret_92:CLK
  To:                          CORERISCV_AXI4_0/ChiselTop0/RocketTile_1/DCache_1/s2_victim_tag[13]:EN
  Delay (ns):                  10.604                                                                          
  Slack (ns):                  1.006                                                                           
  Arrival (ns):                16.967                                                                          
  Required (ns):               17.973                                                                          

Path 64
  From:                        COREAXITOAHBL_1/U_AHBMasterCtrl/currState[7]:CLK
  To:                          MSS_SUBSYSTEM_sb_0/MSS_SUBSYSTEM_sb_MSS_0/MSS_ADLIB_INST/INST_MSS_120_IP:F_WDATA_HWDATA01[21]
  Delay (ns):                  9.891                                                                           
  Slack (ns):                  1.010                                                                           
  Arrival (ns):                16.187                                                                          
  Required (ns):               17.197                                                                          

Path 65
  From:                        CORERISCV_AXI4_0/ChiselTop0/RocketTile_1/core/mem_reg_wdata_ret_92:CLK
  To:                          CORERISCV_AXI4_0/ChiselTop0/RocketTile_1/DCache_1/s2_req_addr[27]:EN
  Delay (ns):                  10.604                                                                          
  Slack (ns):                  1.016                                                                           
  Arrival (ns):                16.967                                                                          
  Required (ns):               17.983                                                                          

Path 66
  From:                        CORERISCV_AXI4_0/ChiselTop0/RocketTile_1/core/mem_reg_wdata_ret_91:CLK
  To:                          CORERISCV_AXI4_0/ChiselTop0/RocketTile_1/DCache_1/s2_req_addr[31]:EN
  Delay (ns):                  10.610                                                                          
  Slack (ns):                  1.029                                                                           
  Arrival (ns):                16.944                                                                          
  Required (ns):               17.973                                                                          

Path 67
  From:                        CORERISCV_AXI4_0/ChiselTop0/RocketTile_1/core/mem_reg_wdata_ret_91:CLK
  To:                          CORERISCV_AXI4_0/ChiselTop0/RocketTile_1/DCache_1/s2_victim_tag[15]:EN
  Delay (ns):                  10.610                                                                          
  Slack (ns):                  1.029                                                                           
  Arrival (ns):                16.944                                                                          
  Required (ns):               17.973                                                                          

Path 68
  From:                        CORERISCV_AXI4_0/ChiselTop0/RocketTile_1/core/mem_reg_wdata_ret_91:CLK
  To:                          CORERISCV_AXI4_0/ChiselTop0/RocketTile_1/DCache_1/s2_victim_tag[13]:EN
  Delay (ns):                  10.610                                                                          
  Slack (ns):                  1.029                                                                           
  Arrival (ns):                16.944                                                                          
  Required (ns):               17.973                                                                          

Path 69
  From:                        COREAXITOAHBL_1/U_AHBMasterCtrl/wrFIFORdAddr[3]:CLK
  To:                          MSS_SUBSYSTEM_sb_0/MSS_SUBSYSTEM_sb_MSS_0/MSS_ADLIB_INST/INST_MSS_120_IP:F_WDATA_HWDATA01[8]
  Delay (ns):                  9.712                                                                           
  Slack (ns):                  1.035                                                                           
  Arrival (ns):                16.004                                                                          
  Required (ns):               17.039                                                                          

Path 70
  From:                        CORERISCV_AXI4_0/ChiselTop0/RocketTile_1/core/mem_reg_wdata_ret_91:CLK
  To:                          CORERISCV_AXI4_0/ChiselTop0/RocketTile_1/DCache_1/s2_req_addr[27]:EN
  Delay (ns):                  10.610                                                                          
  Slack (ns):                  1.039                                                                           
  Arrival (ns):                16.944                                                                          
  Required (ns):               17.983                                                                          

Path 71
  From:                        CORERISCV_AXI4_0/ChiselTop0/RocketTile_1/core/alu/mem_reg_wdata_ret_70:CLK
  To:                          CORERISCV_AXI4_0/ChiselTop0/RocketTile_1/DCache_1/pstore1_addr[1]:EN
  Delay (ns):                  10.533                                                                          
  Slack (ns):                  1.045                                                                           
  Arrival (ns):                16.896                                                                          
  Required (ns):               17.941                                                                          

Path 72
  From:                        CORERISCV_AXI4_0/ChiselTop0/RocketTile_1/core/alu/mem_reg_wdata_ret_70:CLK
  To:                          CORERISCV_AXI4_0/ChiselTop0/RocketTile_1/DCache_1/s2_victim_tag[11]:EN
  Delay (ns):                  10.539                                                                          
  Slack (ns):                  1.056                                                                           
  Arrival (ns):                16.902                                                                          
  Required (ns):               17.958                                                                          

Path 73
  From:                        CORERISCV_AXI4_0/ChiselTop0/RocketTile_1/core/alu/mem_reg_wdata_ret_70:CLK
  To:                          CORERISCV_AXI4_0/ChiselTop0/RocketTile_1/DCache_1/pstore1_data[22]:EN
  Delay (ns):                  10.533                                                                          
  Slack (ns):                  1.057                                                                           
  Arrival (ns):                16.896                                                                          
  Required (ns):               17.953                                                                          

Path 74
  From:                        CORERISCV_AXI4_0/ChiselTop0/RocketTile_1/icache/icache/T_974_T_974_0_2/INST_RAM1K18_IP:A_DOUT_CLK
  To:                          CORERISCV_AXI4_0/ChiselTop0/RocketTile_1/icache/s1_pc_[9]:EN
  Delay (ns):                  10.399                                                                          
  Slack (ns):                  1.062                                                                           
  Arrival (ns):                16.873                                                                          
  Required (ns):               17.935                                                                          

Path 75
  From:                        CORERISCV_AXI4_0/ChiselTop0/RocketTile_1/icache/icache/T_974_T_974_0_2/INST_RAM1K18_IP:A_DOUT_CLK
  To:                          CORERISCV_AXI4_0/ChiselTop0/RocketTile_1/icache/s1_pc_[8]:EN
  Delay (ns):                  10.399                                                                          
  Slack (ns):                  1.062                                                                           
  Arrival (ns):                16.873                                                                          
  Required (ns):               17.935                                                                          

Path 76
  From:                        CORERISCV_AXI4_0/ChiselTop0/RocketTile_1/core/alu/mem_reg_wdata_ret_70:CLK
  To:                          CORERISCV_AXI4_0/ChiselTop0/RocketTile_1/DCache_1/s2_victim_tag[12]:EN
  Delay (ns):                  10.539                                                                          
  Slack (ns):                  1.068                                                                           
  Arrival (ns):                16.902                                                                          
  Required (ns):               17.970                                                                          

Path 77
  From:                        CORERISCV_AXI4_0/ChiselTop0/RocketTile_1/core/alu/mem_reg_wdata_ret_70:CLK
  To:                          CORERISCV_AXI4_0/ChiselTop0/RocketTile_1/DCache_1/s2_req_addr[24]:EN
  Delay (ns):                  10.539                                                                          
  Slack (ns):                  1.068                                                                           
  Arrival (ns):                16.902                                                                          
  Required (ns):               17.970                                                                          

Path 78
  From:                        COREAXITOAHBL_1/U_AHBMasterCtrl/wrFIFORdAddr[2]:CLK
  To:                          MSS_SUBSYSTEM_sb_0/MSS_SUBSYSTEM_sb_MSS_0/MSS_ADLIB_INST/INST_MSS_120_IP:F_WDATA_HWDATA01[31]
  Delay (ns):                  9.651                                                                           
  Slack (ns):                  1.069                                                                           
  Arrival (ns):                15.941                                                                          
  Required (ns):               17.010                                                                          

Path 79
  From:                        CORERISCV_AXI4_0/ChiselTop0/RocketTile_1/icache/icache/T_974_T_974_0_2/INST_RAM1K18_IP:A_DOUT_CLK
  To:                          CORERISCV_AXI4_0/ChiselTop0/RocketTile_1/icache/s1_pc_[10]:EN
  Delay (ns):                  10.399                                                                          
  Slack (ns):                  1.073                                                                           
  Arrival (ns):                16.873                                                                          
  Required (ns):               17.946                                                                          

Path 80
  From:                        CORERISCV_AXI4_0/ChiselTop0/RocketTile_1/core/alu/mem_reg_wdata_ret_70:CLK
  To:                          CORERISCV_AXI4_0/ChiselTop0/RocketTile_1/DCache_1/pstore1_data[5]:EN
  Delay (ns):                  10.523                                                                          
  Slack (ns):                  1.082                                                                           
  Arrival (ns):                16.886                                                                          
  Required (ns):               17.968                                                                          

Path 81
  From:                        CORERISCV_AXI4_0/ChiselTop0/RocketTile_1/core/alu/mem_reg_wdata_ret_70:CLK
  To:                          CORERISCV_AXI4_0/ChiselTop0/RocketTile_1/DCache_1/pstore1_data[10]:EN
  Delay (ns):                  10.523                                                                          
  Slack (ns):                  1.082                                                                           
  Arrival (ns):                16.886                                                                          
  Required (ns):               17.968                                                                          

Path 82
  From:                        CORERISCV_AXI4_0/ChiselTop0/RocketTile_1/core/div/divisor[3]:CLK
  To:                          CORERISCV_AXI4_0/ChiselTop0/RocketTile_1/core/div/remainder[48]:D
  Delay (ns):                  10.651                                                                          
  Slack (ns):                  1.084                                                                           
  Arrival (ns):                16.984                                                                          
  Required (ns):               18.068                                                                          

Path 83
  From:                        CORERISCV_AXI4_0/ChiselTop0/RocketTile_1/core/div/divisor[1]:CLK
  To:                          CORERISCV_AXI4_0/ChiselTop0/RocketTile_1/core/div/remainder[53]:D
  Delay (ns):                  10.623                                                                          
  Slack (ns):                  1.085                                                                           
  Arrival (ns):                16.968                                                                          
  Required (ns):               18.053                                                                          

Path 84
  From:                        CORERISCV_AXI4_0/ChiselTop0/RocketTile_1/core/mem_reg_wdata_ret_90:CLK
  To:                          CORERISCV_AXI4_0/ChiselTop0/RocketTile_1/DCache_1/pstore1_addr[1]:EN
  Delay (ns):                  10.478                                                                          
  Slack (ns):                  1.086                                                                           
  Arrival (ns):                16.855                                                                          
  Required (ns):               17.941                                                                          

Path 85
  From:                        CORERISCV_AXI4_0/ChiselTop0/RocketTile_1/icache/icache/T_974_T_974_0_0/INST_RAM1K18_IP:A_DOUT_CLK
  To:                          CORERISCV_AXI4_0/ChiselTop0/RocketTile_1/icache/s1_pc_[9]:EN
  Delay (ns):                  10.378                                                                          
  Slack (ns):                  1.086                                                                           
  Arrival (ns):                16.849                                                                          
  Required (ns):               17.935                                                                          

Path 86
  From:                        CORERISCV_AXI4_0/ChiselTop0/RocketTile_1/icache/icache/T_974_T_974_0_0/INST_RAM1K18_IP:A_DOUT_CLK
  To:                          CORERISCV_AXI4_0/ChiselTop0/RocketTile_1/icache/s1_pc_[8]:EN
  Delay (ns):                  10.378                                                                          
  Slack (ns):                  1.086                                                                           
  Arrival (ns):                16.849                                                                          
  Required (ns):               17.935                                                                          

Path 87
  From:                        CORERISCV_AXI4_0/ChiselTop0/RocketTile_1/core/div/divisor[1]:CLK
  To:                          CORERISCV_AXI4_0/ChiselTop0/RocketTile_1/core/div/remainder[54]:D
  Delay (ns):                  10.620                                                                          
  Slack (ns):                  1.088                                                                           
  Arrival (ns):                16.965                                                                          
  Required (ns):               18.053                                                                          

Path 88
  From:                        CORERISCV_AXI4_0/ChiselTop0/RocketTile_1/core/alu/mem_reg_wdata_ret_70:CLK
  To:                          CORERISCV_AXI4_0/ChiselTop0/RocketTile_1/DCache_1/pstore1_data[29]:EN
  Delay (ns):                  10.523                                                                          
  Slack (ns):                  1.096                                                                           
  Arrival (ns):                16.886                                                                          
  Required (ns):               17.982                                                                          

Path 89
  From:                        CORERISCV_AXI4_0/ChiselTop0/RocketTile_1/core/alu/mem_reg_wdata_ret_70:CLK
  To:                          CORERISCV_AXI4_0/ChiselTop0/RocketTile_1/DCache_1/pstore1_data[13]:EN
  Delay (ns):                  10.523                                                                          
  Slack (ns):                  1.097                                                                           
  Arrival (ns):                16.886                                                                          
  Required (ns):               17.983                                                                          

Path 90
  From:                        CORERISCV_AXI4_0/ChiselTop0/RocketTile_1/core/mem_reg_wdata_ret_90:CLK
  To:                          CORERISCV_AXI4_0/ChiselTop0/RocketTile_1/DCache_1/s2_victim_tag[11]:EN
  Delay (ns):                  10.484                                                                          
  Slack (ns):                  1.097                                                                           
  Arrival (ns):                16.861                                                                          
  Required (ns):               17.958                                                                          

Path 91
  From:                        CORERISCV_AXI4_0/ChiselTop0/RocketTile_1/icache/icache/T_974_T_974_0_0/INST_RAM1K18_IP:A_DOUT_CLK
  To:                          CORERISCV_AXI4_0/ChiselTop0/RocketTile_1/icache/s1_pc_[10]:EN
  Delay (ns):                  10.378                                                                          
  Slack (ns):                  1.097                                                                           
  Arrival (ns):                16.849                                                                          
  Required (ns):               17.946                                                                          

Path 92
  From:                        CORERISCV_AXI4_0/ChiselTop0/RocketTile_1/core/mem_reg_wdata_ret_90:CLK
  To:                          CORERISCV_AXI4_0/ChiselTop0/RocketTile_1/DCache_1/pstore1_data[22]:EN
  Delay (ns):                  10.478                                                                          
  Slack (ns):                  1.098                                                                           
  Arrival (ns):                16.855                                                                          
  Required (ns):               17.953                                                                          

Path 93
  From:                        COREAXITOAHBL_1/U_AHBMasterCtrl/wrFIFORdAddr[2]:CLK
  To:                          MSS_SUBSYSTEM_sb_0/MSS_SUBSYSTEM_sb_MSS_0/MSS_ADLIB_INST/INST_MSS_120_IP:F_WDATA_HWDATA01[9]
  Delay (ns):                  9.731                                                                           
  Slack (ns):                  1.101                                                                           
  Arrival (ns):                16.021                                                                          
  Required (ns):               17.122                                                                          

Path 94
  From:                        CORERISCV_AXI4_0/ChiselTop0/RocketTile_1/core/alu/mem_reg_wdata_ret_70:CLK
  To:                          CORERISCV_AXI4_0/ChiselTop0/RocketTile_1/DCache_1/s2_req_cmd[0]:EN
  Delay (ns):                  10.506                                                                          
  Slack (ns):                  1.104                                                                           
  Arrival (ns):                16.869                                                                          
  Required (ns):               17.973                                                                          

Path 95
  From:                        CORERISCV_AXI4_0/ChiselTop0/RocketTile_1/core/alu/mem_reg_wdata_ret_70:CLK
  To:                          CORERISCV_AXI4_0/ChiselTop0/RocketTile_1/DCache_1/s2_victim_tag[5]:EN
  Delay (ns):                  10.506                                                                          
  Slack (ns):                  1.104                                                                           
  Arrival (ns):                16.869                                                                          
  Required (ns):               17.973                                                                          

Path 96
  From:                        COREAXITOAHBL_1/U_AHBMasterCtrl/wrFIFORdAddr[3]:CLK
  To:                          MSS_SUBSYSTEM_sb_0/MSS_SUBSYSTEM_sb_MSS_0/MSS_ADLIB_INST/INST_MSS_120_IP:F_WDATA_HWDATA01[5]
  Delay (ns):                  9.653                                                                           
  Slack (ns):                  1.109                                                                           
  Arrival (ns):                15.945                                                                          
  Required (ns):               17.054                                                                          

Path 97
  From:                        CORERISCV_AXI4_0/ChiselTop0/RocketTile_1/core/mem_reg_wdata_ret_90:CLK
  To:                          CORERISCV_AXI4_0/ChiselTop0/RocketTile_1/DCache_1/s2_victim_tag[12]:EN
  Delay (ns):                  10.484                                                                          
  Slack (ns):                  1.109                                                                           
  Arrival (ns):                16.861                                                                          
  Required (ns):               17.970                                                                          

Path 98
  From:                        CORERISCV_AXI4_0/ChiselTop0/RocketTile_1/core/mem_reg_wdata_ret_90:CLK
  To:                          CORERISCV_AXI4_0/ChiselTop0/RocketTile_1/DCache_1/s2_req_addr[24]:EN
  Delay (ns):                  10.484                                                                          
  Slack (ns):                  1.109                                                                           
  Arrival (ns):                16.861                                                                          
  Required (ns):               17.970                                                                          

Path 99
  From:                        CORERISCV_AXI4_0/ChiselTop0/uncore/outmemsys/PROC_SUBSYSTEM_CORERISCV_AXI4_0_CORERISCV_AXI4_NASTI_IO_TILE_LINK_IO_CONVERTER_1/nasti_cnt_out_ret_18:CLK
  To:                          CORERISCV_AXI4_0/ChiselTop0/uncore/outmemsys/ClientTileLinkIOUnwrapper_1/acqRoq/T_45_2:EN
  Delay (ns):                  10.514                                                                          
  Slack (ns):                  1.113                                                                           
  Arrival (ns):                16.841                                                                          
  Required (ns):               17.954                                                                          

Path 100
  From:                        CORERISCV_AXI4_0/ChiselTop0/RocketTile_1/core/alu/mem_reg_wdata_ret_70:CLK
  To:                          CORERISCV_AXI4_0/ChiselTop0/RocketTile_1/DCache_1/s2_req_addr[18]:EN
  Delay (ns):                  10.506                                                                          
  Slack (ns):                  1.115                                                                           
  Arrival (ns):                16.869                                                                          
  Required (ns):               17.984                                                                          

