Timing Violation Report Max Delay Analysis

SmartTime Version v11.8
Microsemi Corporation - Microsemi Libero Software Release v11.8 (Version 11.8.0.26)
Date: Tue Jul 04 14:27:02 2017


Design: PROC_SUBSYSTEM
Family: SmartFusion2
Die: M2S150
Package: 1152 FC
Temperature Range: 0 - 85 C
Voltage Range: 1.14 - 1.26 V
Speed Grade: STD
Design State: Post-Layout
Data source: Production
Min Operating Conditions: BEST - 1.26 V - 0 C
Max Operating Conditions: WORST - 1.14 V - 85 C
Scenario for Timing Analysis: timing_analysis


Path 1
  From:                        MSS_SUBSYSTEM_sb_0/MSS_SUBSYSTEM_sb_MSS_0/MSS_ADLIB_INST/INST_MSS_120_IP:CLK_BASE
  To:                          COREAXITOAHBL_1/U_AHBMasterCtrl/wrFIFORdAddr[2]:D
  Delay (ns):                  11.292                                                                          
  Slack (ns):                  0.101                                                                           
  Arrival (ns):                17.898                                                                          
  Required (ns):               17.999                                                                          

Path 2
  From:                        MSS_SUBSYSTEM_sb_0/MSS_SUBSYSTEM_sb_MSS_0/MSS_ADLIB_INST/INST_MSS_120_IP:CLK_BASE
  To:                          COREAXITOAHBL_1/U_AHBMasterCtrl/wrFIFORdAddr[3]:D
  Delay (ns):                  11.123                                                                          
  Slack (ns):                  0.271                                                                           
  Arrival (ns):                17.729                                                                          
  Required (ns):               18.000                                                                          

Path 3
  From:                        MSS_SUBSYSTEM_sb_0/MSS_SUBSYSTEM_sb_MSS_0/MSS_ADLIB_INST/INST_MSS_120_IP:CLK_BASE
  To:                          COREAXITOAHBL_1/U_AHBMasterCtrl/wrFIFORdAddr[1]:D
  Delay (ns):                  10.999                                                                          
  Slack (ns):                  0.384                                                                           
  Arrival (ns):                17.605                                                                          
  Required (ns):               17.989                                                                          

Path 4
  From:                        MSS_SUBSYSTEM_sb_0/MSS_SUBSYSTEM_sb_MSS_0/MSS_ADLIB_INST/INST_MSS_120_IP:CLK_BASE
  To:                          COREAXITOAHBL_1/U_AHBMasterCtrl/HADDRInt[31]:D
  Delay (ns):                  10.857                                                                          
  Slack (ns):                  0.592                                                                           
  Arrival (ns):                17.463                                                                          
  Required (ns):               18.055                                                                          

Path 5
  From:                        MSS_SUBSYSTEM_sb_0/MSS_SUBSYSTEM_sb_MSS_0/MSS_ADLIB_INST/INST_MSS_120_IP:CLK_BASE
  To:                          COREAXITOAHBL_1/U_AHBMasterCtrl/HADDRInt[29]:D
  Delay (ns):                  10.831                                                                          
  Slack (ns):                  0.618                                                                           
  Arrival (ns):                17.437                                                                          
  Required (ns):               18.055                                                                          

Path 6
  From:                        MSS_SUBSYSTEM_sb_0/MSS_SUBSYSTEM_sb_MSS_0/MSS_ADLIB_INST/INST_MSS_120_IP:CLK_BASE
  To:                          COREAXITOAHBL_1/U_AHBMasterCtrl/HADDRInt[28]:D
  Delay (ns):                  10.778                                                                          
  Slack (ns):                  0.660                                                                           
  Arrival (ns):                17.384                                                                          
  Required (ns):               18.044                                                                          

Path 7
  From:                        MSS_SUBSYSTEM_sb_0/MSS_SUBSYSTEM_sb_MSS_0/MSS_ADLIB_INST/INST_MSS_120_IP:CLK_BASE
  To:                          COREAXITOAHBL_1/U_AHBMasterCtrl/HADDRInt[26]:D
  Delay (ns):                  10.774                                                                          
  Slack (ns):                  0.664                                                                           
  Arrival (ns):                17.380                                                                          
  Required (ns):               18.044                                                                          

Path 8
  From:                        MSS_SUBSYSTEM_sb_0/MSS_SUBSYSTEM_sb_MSS_0/MSS_ADLIB_INST/INST_MSS_120_IP:CLK_BASE
  To:                          COREAXITOAHBL_1/U_AHBMasterCtrl/HADDRInt[23]:D
  Delay (ns):                  10.765                                                                          
  Slack (ns):                  0.698                                                                           
  Arrival (ns):                17.371                                                                          
  Required (ns):               18.069                                                                          

Path 9
  From:                        COREAXITOAHBL_1/U_AHBMasterCtrl/wrFIFORdAddr[3]:CLK
  To:                          MSS_SUBSYSTEM_sb_0/MSS_SUBSYSTEM_sb_MSS_0/MSS_ADLIB_INST/INST_MSS_120_IP:F_WDATA_HWDATA01[9]
  Delay (ns):                  10.094                                                                          
  Slack (ns):                  0.719                                                                           
  Arrival (ns):                16.363                                                                          
  Required (ns):               17.082                                                                          

Path 10
  From:                        MSS_SUBSYSTEM_sb_0/MSS_SUBSYSTEM_sb_MSS_0/MSS_ADLIB_INST/INST_MSS_120_IP:CLK_BASE
  To:                          COREAXITOAHBL_1/U_AHBMasterCtrl/HADDRInt[30]:D
  Delay (ns):                  10.716                                                                          
  Slack (ns):                  0.722                                                                           
  Arrival (ns):                17.322                                                                          
  Required (ns):               18.044                                                                          

Path 11
  From:                        MSS_SUBSYSTEM_sb_0/MSS_SUBSYSTEM_sb_MSS_0/MSS_ADLIB_INST/INST_MSS_120_IP:CLK_BASE
  To:                          COREAXITOAHBL_1/U_AHBMasterCtrl/HADDRInt[25]:D
  Delay (ns):                  10.719                                                                          
  Slack (ns):                  0.730                                                                           
  Arrival (ns):                17.325                                                                          
  Required (ns):               18.055                                                                          

Path 12
  From:                        COREAXITOAHBL_1/U_AHBMasterCtrl/wrFIFORdAddr[3]:CLK
  To:                          MSS_SUBSYSTEM_sb_0/MSS_SUBSYSTEM_sb_MSS_0/MSS_ADLIB_INST/INST_MSS_120_IP:F_WDATA_HWDATA01[16]
  Delay (ns):                  10.198                                                                          
  Slack (ns):                  0.730                                                                           
  Arrival (ns):                16.467                                                                          
  Required (ns):               17.197                                                                          

Path 13
  From:                        MSS_SUBSYSTEM_sb_0/MSS_SUBSYSTEM_sb_MSS_0/MSS_ADLIB_INST/INST_MSS_120_IP:CLK_BASE
  To:                          COREAXITOAHBL_1/U_AHBMasterCtrl/HADDRInt[20]:D
  Delay (ns):                  10.712                                                                          
  Slack (ns):                  0.737                                                                           
  Arrival (ns):                17.318                                                                          
  Required (ns):               18.055                                                                          

Path 14
  From:                        MSS_SUBSYSTEM_sb_0/MSS_SUBSYSTEM_sb_MSS_0/MSS_ADLIB_INST/INST_MSS_120_IP:CLK_BASE
  To:                          COREAXITOAHBL_1/U_AHBMasterCtrl/HADDRInt[27]:D
  Delay (ns):                  10.699                                                                          
  Slack (ns):                  0.750                                                                           
  Arrival (ns):                17.305                                                                          
  Required (ns):               18.055                                                                          

Path 15
  From:                        MSS_SUBSYSTEM_sb_0/MSS_SUBSYSTEM_sb_MSS_0/MSS_ADLIB_INST/INST_MSS_120_IP:CLK_BASE
  To:                          COREAXITOAHBL_1/U_AHBMasterCtrl/HADDRInt[22]:D
  Delay (ns):                  10.697                                                                          
  Slack (ns):                  0.752                                                                           
  Arrival (ns):                17.303                                                                          
  Required (ns):               18.055                                                                          

Path 16
  From:                        COREAXITOAHBL_1/U_AHBMasterCtrl/wrFIFORdAddr[3]:CLK
  To:                          MSS_SUBSYSTEM_sb_0/MSS_SUBSYSTEM_sb_MSS_0/MSS_ADLIB_INST/INST_MSS_120_IP:F_WDATA_HWDATA01[29]
  Delay (ns):                  9.951                                                                           
  Slack (ns):                  0.792                                                                           
  Arrival (ns):                16.220                                                                          
  Required (ns):               17.012                                                                          

Path 17
  From:                        MSS_SUBSYSTEM_sb_0/MSS_SUBSYSTEM_sb_MSS_0/MSS_ADLIB_INST/INST_MSS_120_IP:CLK_BASE
  To:                          COREAXITOAHBL_1/U_AHBMasterCtrl/HADDRInt[24]:D
  Delay (ns):                  10.641                                                                          
  Slack (ns):                  0.797                                                                           
  Arrival (ns):                17.247                                                                          
  Required (ns):               18.044                                                                          

Path 18
  From:                        MSS_SUBSYSTEM_sb_0/MSS_SUBSYSTEM_sb_MSS_0/MSS_ADLIB_INST/INST_MSS_120_IP:CLK_BASE
  To:                          COREAXITOAHBL_1/U_AHBMasterCtrl/HADDRInt[19]:D
  Delay (ns):                  10.638                                                                          
  Slack (ns):                  0.825                                                                           
  Arrival (ns):                17.244                                                                          
  Required (ns):               18.069                                                                          

Path 19
  From:                        COREAXITOAHBL_1/U_AHBMasterCtrl/wrFIFORdAddr[3]:CLK
  To:                          MSS_SUBSYSTEM_sb_0/MSS_SUBSYSTEM_sb_MSS_0/MSS_ADLIB_INST/INST_MSS_120_IP:F_WDATA_HWDATA01[20]
  Delay (ns):                  9.910                                                                           
  Slack (ns):                  0.832                                                                           
  Arrival (ns):                16.179                                                                          
  Required (ns):               17.011                                                                          

Path 20
  From:                        COREAXITOAHBL_1/U_AHBMasterCtrl/HADDRInt[2]:CLK
  To:                          MSS_SUBSYSTEM_sb_0/MSS_SUBSYSTEM_sb_MSS_0/MSS_ADLIB_INST/INST_MSS_120_IP:F_WDATA_HWDATA01[25]
  Delay (ns):                  9.881                                                                           
  Slack (ns):                  0.835                                                                           
  Arrival (ns):                16.205                                                                          
  Required (ns):               17.040                                                                          

Path 21
  From:                        COREAXITOAHBL_1/U_AHBMasterCtrl/wrFIFORdAddr[3]:CLK
  To:                          MSS_SUBSYSTEM_sb_0/MSS_SUBSYSTEM_sb_MSS_0/MSS_ADLIB_INST/INST_MSS_120_IP:F_WDATA_HWDATA01[3]
  Delay (ns):                  9.869                                                                           
  Slack (ns):                  0.842                                                                           
  Arrival (ns):                16.138                                                                          
  Required (ns):               16.980                                                                          

Path 22
  From:                        MSS_SUBSYSTEM_sb_0/MSS_SUBSYSTEM_sb_MSS_0/MSS_ADLIB_INST/INST_MSS_120_IP:CLK_BASE
  To:                          COREAXITOAHBL_1/U_AHBMasterCtrl/HADDRInt[17]:D
  Delay (ns):                  10.612                                                                          
  Slack (ns):                  0.852                                                                           
  Arrival (ns):                17.218                                                                          
  Required (ns):               18.070                                                                          

Path 23
  From:                        COREAXITOAHBL_1/U_AHBMasterCtrl/wrFIFORdAddr[3]:CLK
  To:                          MSS_SUBSYSTEM_sb_0/MSS_SUBSYSTEM_sb_MSS_0/MSS_ADLIB_INST/INST_MSS_120_IP:F_WDATA_HWDATA01[25]
  Delay (ns):                  9.913                                                                           
  Slack (ns):                  0.858                                                                           
  Arrival (ns):                16.182                                                                          
  Required (ns):               17.040                                                                          

Path 24
  From:                        MSS_SUBSYSTEM_sb_0/MSS_SUBSYSTEM_sb_MSS_0/MSS_ADLIB_INST/INST_MSS_120_IP:CLK_BASE
  To:                          COREAXITOAHBL_1/U_AHBMasterCtrl/HADDRInt[21]:D
  Delay (ns):                  10.594                                                                          
  Slack (ns):                  0.869                                                                           
  Arrival (ns):                17.200                                                                          
  Required (ns):               18.069                                                                          

Path 25
  From:                        COREAXITOAHBL_1/U_AHBMasterCtrl/HADDRInt[2]:CLK
  To:                          MSS_SUBSYSTEM_sb_0/MSS_SUBSYSTEM_sb_MSS_0/MSS_ADLIB_INST/INST_MSS_120_IP:F_WDATA_HWDATA01[20]
  Delay (ns):                  9.815                                                                           
  Slack (ns):                  0.872                                                                           
  Arrival (ns):                16.139                                                                          
  Required (ns):               17.011                                                                          

Path 26
  From:                        MSS_SUBSYSTEM_sb_0/MSS_SUBSYSTEM_sb_MSS_0/MSS_ADLIB_INST/INST_MSS_120_IP:CLK_BASE
  To:                          COREAXITOAHBL_1/U_AHBMasterCtrl/HADDRInt[16]:D
  Delay (ns):                  10.559                                                                          
  Slack (ns):                  0.890                                                                           
  Arrival (ns):                17.165                                                                          
  Required (ns):               18.055                                                                          

Path 27
  From:                        COREAXITOAHBL_1/U_AHBMasterCtrl/wrFIFORdAddr[3]:CLK
  To:                          MSS_SUBSYSTEM_sb_0/MSS_SUBSYSTEM_sb_MSS_0/MSS_ADLIB_INST/INST_MSS_120_IP:F_WDATA_HWDATA01[13]
  Delay (ns):                  10.045                                                                          
  Slack (ns):                  0.892                                                                           
  Arrival (ns):                16.314                                                                          
  Required (ns):               17.206                                                                          

Path 28
  From:                        MSS_SUBSYSTEM_sb_0/MSS_SUBSYSTEM_sb_MSS_0/MSS_ADLIB_INST/INST_MSS_120_IP:CLK_BASE
  To:                          COREAXITOAHBL_1/U_AHBMasterCtrl/HADDRInt[14]:D
  Delay (ns):                  10.555                                                                          
  Slack (ns):                  0.894                                                                           
  Arrival (ns):                17.161                                                                          
  Required (ns):               18.055                                                                          

Path 29
  From:                        COREAXITOAHBL_1/U_AHBMasterCtrl/wrFIFORdAddr[3]:CLK
  To:                          MSS_SUBSYSTEM_sb_0/MSS_SUBSYSTEM_sb_MSS_0/MSS_ADLIB_INST/INST_MSS_120_IP:F_WDATA_HWDATA01[26]
  Delay (ns):                  9.879                                                                           
  Slack (ns):                  0.905                                                                           
  Arrival (ns):                16.148                                                                          
  Required (ns):               17.053                                                                          

Path 30
  From:                        COREAXITOAHBL_1/U_AHBMasterCtrl/wrFIFORdAddr[3]:CLK
  To:                          MSS_SUBSYSTEM_sb_0/MSS_SUBSYSTEM_sb_MSS_0/MSS_ADLIB_INST/INST_MSS_120_IP:F_WDATA_HWDATA01[4]
  Delay (ns):                  9.818                                                                           
  Slack (ns):                  0.912                                                                           
  Arrival (ns):                16.087                                                                          
  Required (ns):               16.999                                                                          

Path 31
  From:                        MSS_SUBSYSTEM_sb_0/MSS_SUBSYSTEM_sb_MSS_0/MSS_ADLIB_INST/INST_MSS_120_IP:CLK_BASE
  To:                          COREAXITOAHBL_1/U_AHBMasterCtrl/HADDRInt[11]:D
  Delay (ns):                  10.546                                                                          
  Slack (ns):                  0.917                                                                           
  Arrival (ns):                17.152                                                                          
  Required (ns):               18.069                                                                          

Path 32
  From:                        COREAXITOAHBL_1/U_AHBMasterCtrl/HADDRInt[2]:CLK
  To:                          MSS_SUBSYSTEM_sb_0/MSS_SUBSYSTEM_sb_MSS_0/MSS_ADLIB_INST/INST_MSS_120_IP:F_WDATA_HWDATA01[3]
  Delay (ns):                  9.722                                                                           
  Slack (ns):                  0.934                                                                           
  Arrival (ns):                16.046                                                                          
  Required (ns):               16.980                                                                          

Path 33
  From:                        COREAXITOAHBL_1/U_AHBMasterCtrl/HADDRInt[2]:CLK
  To:                          MSS_SUBSYSTEM_sb_0/MSS_SUBSYSTEM_sb_MSS_0/MSS_ADLIB_INST/INST_MSS_120_IP:F_WDATA_HWDATA01[26]
  Delay (ns):                  9.798                                                                           
  Slack (ns):                  0.946                                                                           
  Arrival (ns):                16.122                                                                          
  Required (ns):               17.068                                                                          

Path 34
  From:                        MSS_SUBSYSTEM_sb_0/MSS_SUBSYSTEM_sb_MSS_0/MSS_ADLIB_INST/INST_MSS_120_IP:CLK_BASE
  To:                          COREAXITOAHBL_1/U_AHBMasterCtrl/HADDRInt[18]:D
  Delay (ns):                  10.497                                                                          
  Slack (ns):                  0.952                                                                           
  Arrival (ns):                17.103                                                                          
  Required (ns):               18.055                                                                          

Path 35
  From:                        MSS_SUBSYSTEM_sb_0/MSS_SUBSYSTEM_sb_MSS_0/MSS_ADLIB_INST/INST_MSS_120_IP:CLK_BASE
  To:                          COREAXITOAHBL_1/U_AHBMasterCtrl/HADDRInt[8]:D
  Delay (ns):                  10.493                                                                          
  Slack (ns):                  0.955                                                                           
  Arrival (ns):                17.099                                                                          
  Required (ns):               18.054                                                                          

Path 36
  From:                        COREAXITOAHBL_1/U_AHBMasterCtrl/HADDRInt[2]:CLK
  To:                          MSS_SUBSYSTEM_sb_0/MSS_SUBSYSTEM_sb_MSS_0/MSS_ADLIB_INST/INST_MSS_120_IP:F_WDATA_HWDATA01[16]
  Delay (ns):                  9.916                                                                           
  Slack (ns):                  0.957                                                                           
  Arrival (ns):                16.240                                                                          
  Required (ns):               17.197                                                                          

Path 37
  From:                        MSS_SUBSYSTEM_sb_0/MSS_SUBSYSTEM_sb_MSS_0/MSS_ADLIB_INST/INST_MSS_120_IP:CLK_BASE
  To:                          COREAXITOAHBL_1/U_AHBMasterCtrl/HADDRInt[13]:D
  Delay (ns):                  10.500                                                                          
  Slack (ns):                  0.963                                                                           
  Arrival (ns):                17.106                                                                          
  Required (ns):               18.069                                                                          

Path 38
  From:                        MSS_SUBSYSTEM_sb_0/MSS_SUBSYSTEM_sb_MSS_0/MSS_ADLIB_INST/INST_MSS_120_IP:CLK_BASE
  To:                          COREAXITOAHBL_1/U_AHBMasterCtrl/HADDRInt[10]:D
  Delay (ns):                  10.477                                                                          
  Slack (ns):                  0.971                                                                           
  Arrival (ns):                17.083                                                                          
  Required (ns):               18.054                                                                          

Path 39
  From:                        COREAXITOAHBL_1/U_AHBMasterCtrl/wrFIFORdAddr[2]:CLK
  To:                          MSS_SUBSYSTEM_sb_0/MSS_SUBSYSTEM_sb_MSS_0/MSS_ADLIB_INST/INST_MSS_120_IP:F_WDATA_HWDATA01[16]
  Delay (ns):                  9.950                                                                           
  Slack (ns):                  0.979                                                                           
  Arrival (ns):                16.218                                                                          
  Required (ns):               17.197                                                                          

Path 40
  From:                        MSS_SUBSYSTEM_sb_0/MSS_SUBSYSTEM_sb_MSS_0/MSS_ADLIB_INST/INST_MSS_120_IP:CLK_BASE
  To:                          COREAXITOAHBL_1/U_AHBMasterCtrl/HADDRInt[15]:D
  Delay (ns):                  10.480                                                                          
  Slack (ns):                  0.983                                                                           
  Arrival (ns):                17.086                                                                          
  Required (ns):               18.069                                                                          

Path 41
  From:                        COREAXITOAHBL_1/U_AHBMasterCtrl/wrFIFORdAddr[3]:CLK
  To:                          MSS_SUBSYSTEM_sb_0/MSS_SUBSYSTEM_sb_MSS_0/MSS_ADLIB_INST/INST_MSS_120_IP:F_WDATA_HWDATA01[12]
  Delay (ns):                  9.932                                                                           
  Slack (ns):                  0.996                                                                           
  Arrival (ns):                16.201                                                                          
  Required (ns):               17.197                                                                          

Path 42
  From:                        COREAXITOAHBL_1/U_AHBMasterCtrl/HADDRInt[2]:CLK
  To:                          MSS_SUBSYSTEM_sb_0/MSS_SUBSYSTEM_sb_MSS_0/MSS_ADLIB_INST/INST_MSS_120_IP:F_WDATA_HWDATA01[24]
  Delay (ns):                  9.721                                                                           
  Slack (ns):                  1.009                                                                           
  Arrival (ns):                16.045                                                                          
  Required (ns):               17.054                                                                          

Path 43
  From:                        CORERISCV_AXI4_0/ChiselTop0/RocketTile_1/icache/icache/T_974_T_974_0_0/INST_RAM1K18_IP:A_DOUT_CLK
  To:                          CORERISCV_AXI4_0/ChiselTop0/RocketTile_1/icache/icache/T_974_T_974_0_3/INST_RAM1K18_IP:A_ADDR[10]
  Delay (ns):                  10.872                                                                          
  Slack (ns):                  1.011                                                                           
  Arrival (ns):                17.338                                                                          
  Required (ns):               18.349                                                                          

Path 44
  From:                        CORERISCV_AXI4_0/ChiselTop0/RocketTile_1/icache/icache/T_974_T_974_0_0/INST_RAM1K18_IP:A_DOUT_CLK
  To:                          CORERISCV_AXI4_0/ChiselTop0/RocketTile_1/icache/icache/tag_array_0_tag_array_0_0_0/INST_RAM64x18_IP:B_ADDR[8]
  Delay (ns):                  10.687                                                                          
  Slack (ns):                  1.026                                                                           
  Arrival (ns):                17.153                                                                          
  Required (ns):               18.179                                                                          

Path 45
  From:                        MSS_SUBSYSTEM_sb_0/MSS_SUBSYSTEM_sb_MSS_0/MSS_ADLIB_INST/INST_MSS_120_IP:CLK_BASE
  To:                          COREAXITOAHBL_1/U_AHBMasterCtrl/HADDRInt[12]:D
  Delay (ns):                  10.422                                                                          
  Slack (ns):                  1.027                                                                           
  Arrival (ns):                17.028                                                                          
  Required (ns):               18.055                                                                          

Path 46
  From:                        COREAXITOAHBL_1/U_AHBMasterCtrl/wrFIFORdAddr[2]:CLK
  To:                          MSS_SUBSYSTEM_sb_0/MSS_SUBSYSTEM_sb_MSS_0/MSS_ADLIB_INST/INST_MSS_120_IP:F_WDATA_HWDATA01[29]
  Delay (ns):                  9.703                                                                           
  Slack (ns):                  1.041                                                                           
  Arrival (ns):                15.971                                                                          
  Required (ns):               17.012                                                                          

Path 47
  From:                        MSS_SUBSYSTEM_sb_0/MSS_SUBSYSTEM_sb_MSS_0/MSS_ADLIB_INST/INST_MSS_120_IP:CLK_BASE
  To:                          COREAXITOAHBL_1/U_AHBMasterCtrl/HADDRInt[7]:D
  Delay (ns):                  10.418                                                                          
  Slack (ns):                  1.045                                                                           
  Arrival (ns):                17.024                                                                          
  Required (ns):               18.069                                                                          

Path 48
  From:                        COREAXITOAHBL_1/U_AHBMasterCtrl/wrFIFORdAddr[3]:CLK
  To:                          MSS_SUBSYSTEM_sb_0/MSS_SUBSYSTEM_sb_MSS_0/MSS_ADLIB_INST/INST_MSS_120_IP:F_WDATA_HWDATA01[31]
  Delay (ns):                  9.693                                                                           
  Slack (ns):                  1.046                                                                           
  Arrival (ns):                15.962                                                                          
  Required (ns):               17.008                                                                          

Path 49
  From:                        CORERISCV_AXI4_0/ChiselTop0/RocketTile_1/icache/icache/T_974_T_974_0_2/INST_RAM1K18_IP:A_DOUT_CLK
  To:                          CORERISCV_AXI4_0/ChiselTop0/RocketTile_1/icache/icache/T_974_T_974_0_3/INST_RAM1K18_IP:A_ADDR[10]
  Delay (ns):                  10.821                                                                          
  Slack (ns):                  1.057                                                                           
  Arrival (ns):                17.292                                                                          
  Required (ns):               18.349                                                                          

Path 50
  From:                        CORERISCV_AXI4_0/ChiselTop0/uncore/Queue_21_1/ram_id.uncore.Queue_21_1.ram_id_ram1_[0]:CLK
  To:                          CORERISCV_AXI4_0/ChiselTop0/uncore/NastiIOTileLinkIOConverter_1_1/roq/T_198_2:EN
  Delay (ns):                  10.565                                                                          
  Slack (ns):                  1.059                                                                           
  Arrival (ns):                16.866                                                                          
  Required (ns):               17.925                                                                          

Path 51
  From:                        COREAXITOAHBL_1/U_AHBMasterCtrl/wrFIFORdAddr[3]:CLK
  To:                          MSS_SUBSYSTEM_sb_0/MSS_SUBSYSTEM_sb_MSS_0/MSS_ADLIB_INST/INST_MSS_120_IP:F_WDATA_HWDATA01[24]
  Delay (ns):                  9.755                                                                           
  Slack (ns):                  1.060                                                                           
  Arrival (ns):                16.024                                                                          
  Required (ns):               17.084                                                                          

Path 52
  From:                        CORERISCV_AXI4_0/ChiselTop0/RocketTile_1/icache/icache/T_974_T_974_0_2/INST_RAM1K18_IP:A_DOUT_CLK
  To:                          CORERISCV_AXI4_0/ChiselTop0/RocketTile_1/icache/icache/tag_array_0_tag_array_0_0_0/INST_RAM64x18_IP:B_ADDR[8]
  Delay (ns):                  10.636                                                                          
  Slack (ns):                  1.072                                                                           
  Arrival (ns):                17.107                                                                          
  Required (ns):               18.179                                                                          

Path 53
  From:                        COREAXITOAHBL_1/U_AHBMasterCtrl/currState[6]:CLK
  To:                          MSS_SUBSYSTEM_sb_0/MSS_SUBSYSTEM_sb_MSS_0/MSS_ADLIB_INST/INST_MSS_120_IP:F_WDATA_HWDATA01[25]
  Delay (ns):                  9.660                                                                           
  Slack (ns):                  1.080                                                                           
  Arrival (ns):                15.960                                                                          
  Required (ns):               17.040                                                                          

Path 54
  From:                        COREAXITOAHBL_1/U_AHBMasterCtrl/wrFIFORdAddr[2]:CLK
  To:                          MSS_SUBSYSTEM_sb_0/MSS_SUBSYSTEM_sb_MSS_0/MSS_ADLIB_INST/INST_MSS_120_IP:F_WDATA_HWDATA01[20]
  Delay (ns):                  9.661                                                                           
  Slack (ns):                  1.082                                                                           
  Arrival (ns):                15.929                                                                          
  Required (ns):               17.011                                                                          

Path 55
  From:                        COREAXITOAHBL_1/U_AHBMasterCtrl/wrFIFORdAddr[3]:CLK
  To:                          MSS_SUBSYSTEM_sb_0/MSS_SUBSYSTEM_sb_MSS_0/MSS_ADLIB_INST/INST_MSS_120_IP:F_WDATA_HWDATA01[5]
  Delay (ns):                  9.696                                                                           
  Slack (ns):                  1.087                                                                           
  Arrival (ns):                15.965                                                                          
  Required (ns):               17.052                                                                          

Path 56
  From:                        MSS_SUBSYSTEM_sb_0/MSS_SUBSYSTEM_sb_MSS_0/MSS_ADLIB_INST/INST_MSS_120_IP:CLK_BASE
  To:                          COREAXITOAHBL_1/U_AHBMasterCtrl/HADDRInt[9]:D
  Delay (ns):                  10.374                                                                          
  Slack (ns):                  1.088                                                                           
  Arrival (ns):                16.980                                                                          
  Required (ns):               18.068                                                                          

Path 57
  From:                        CORERISCV_AXI4_0/ChiselTop0/RocketTile_1/icache/icache/T_974_T_974_0_0/INST_RAM1K18_IP:A_DOUT_CLK
  To:                          CORERISCV_AXI4_0/ChiselTop0/RocketTile_1/icache/icache/T_974_T_974_0_0/INST_RAM1K18_IP:A_ADDR[12]
  Delay (ns):                  10.804                                                                          
  Slack (ns):                  1.091                                                                           
  Arrival (ns):                17.270                                                                          
  Required (ns):               18.361                                                                          

Path 58
  From:                        CORERISCV_AXI4_0/ChiselTop0/uncore/Queue_21_1/ram_id.uncore.Queue_21_1.ram_id_ram0_[0]:CLK
  To:                          CORERISCV_AXI4_0/ChiselTop0/uncore/NastiIOTileLinkIOConverter_1_1/roq/T_198_2:EN
  Delay (ns):                  10.506                                                                          
  Slack (ns):                  1.105                                                                           
  Arrival (ns):                16.820                                                                          
  Required (ns):               17.925                                                                          

Path 59
  From:                        COREAXITOAHBL_1/U_AHBMasterCtrl/wrFIFORdAddr[2]:CLK
  To:                          MSS_SUBSYSTEM_sb_0/MSS_SUBSYSTEM_sb_MSS_0/MSS_ADLIB_INST/INST_MSS_120_IP:F_WDATA_HWDATA01[25]
  Delay (ns):                  9.664                                                                           
  Slack (ns):                  1.108                                                                           
  Arrival (ns):                15.932                                                                          
  Required (ns):               17.040                                                                          

Path 60
  From:                        COREAXITOAHBL_1/U_AHBMasterCtrl/wrFIFORdAddr[3]:CLK
  To:                          MSS_SUBSYSTEM_sb_0/MSS_SUBSYSTEM_sb_MSS_0/MSS_ADLIB_INST/INST_MSS_120_IP:F_WDATA_HWDATA01[7]
  Delay (ns):                  9.695                                                                           
  Slack (ns):                  1.111                                                                           
  Arrival (ns):                15.964                                                                          
  Required (ns):               17.075                                                                          

Path 61
  From:                        CORERISCV_AXI4_0/ChiselTop0/uncore/Queue_21_1/T_67:CLK
  To:                          CORERISCV_AXI4_0/ChiselTop0/uncore/NastiIOTileLinkIOConverter_1_1/roq/T_198_2:EN
  Delay (ns):                  10.486                                                                          
  Slack (ns):                  1.116                                                                           
  Arrival (ns):                16.809                                                                          
  Required (ns):               17.925                                                                          

Path 62
  From:                        COREAXITOAHBL_1/U_AHBMasterCtrl/wrFIFORdAddr[3]:CLK
  To:                          MSS_SUBSYSTEM_sb_0/MSS_SUBSYSTEM_sb_MSS_0/MSS_ADLIB_INST/INST_MSS_120_IP:F_WDATA_HWDATA01[14]
  Delay (ns):                  9.657                                                                           
  Slack (ns):                  1.119                                                                           
  Arrival (ns):                15.926                                                                          
  Required (ns):               17.045                                                                          

Path 63
  From:                        COREAXITOAHBL_1/U_AHBMasterCtrl/wrFIFORdAddr[3]:CLK
  To:                          MSS_SUBSYSTEM_sb_0/MSS_SUBSYSTEM_sb_MSS_0/MSS_ADLIB_INST/INST_MSS_120_IP:F_WDATA_HWDATA01[0]
  Delay (ns):                  9.679                                                                           
  Slack (ns):                  1.120                                                                           
  Arrival (ns):                15.948                                                                          
  Required (ns):               17.068                                                                          

Path 64
  From:                        COREAXITOAHBL_1/U_AHBMasterCtrl/currState[6]:CLK
  To:                          MSS_SUBSYSTEM_sb_0/MSS_SUBSYSTEM_sb_MSS_0/MSS_ADLIB_INST/INST_MSS_120_IP:F_WDATA_HWDATA01[20]
  Delay (ns):                  9.588                                                                           
  Slack (ns):                  1.123                                                                           
  Arrival (ns):                15.888                                                                          
  Required (ns):               17.011                                                                          

Path 65
  From:                        COREAXITOAHBL_1/U_AHBMasterCtrl/wrFIFORdAddr[3]:CLK
  To:                          MSS_SUBSYSTEM_sb_0/MSS_SUBSYSTEM_sb_MSS_0/MSS_ADLIB_INST/INST_MSS_120_IP:F_WDATA_HWDATA01[19]
  Delay (ns):                  9.647                                                                           
  Slack (ns):                  1.126                                                                           
  Arrival (ns):                15.916                                                                          
  Required (ns):               17.042                                                                          

Path 66
  From:                        CORERISCV_AXI4_0/ChiselTop0/RocketTile_1/icache/icache/T_974_T_974_0_0/INST_RAM1K18_IP:A_DOUT_CLK
  To:                          CORERISCV_AXI4_0/ChiselTop0/RocketTile_1/icache/icache/tag_array_0_tag_array_0_0_0/INST_RAM64x18_IP:A_ADDR[8]
  Delay (ns):                  10.661                                                                          
  Slack (ns):                  1.130                                                                           
  Arrival (ns):                17.127                                                                          
  Required (ns):               18.257                                                                          

Path 67
  From:                        COREAXITOAHBL_1/U_AHBMasterCtrl/wrFIFORdAddr[2]:CLK
  To:                          MSS_SUBSYSTEM_sb_0/MSS_SUBSYSTEM_sb_MSS_0/MSS_ADLIB_INST/INST_MSS_120_IP:F_WDATA_HWDATA01[26]
  Delay (ns):                  9.670                                                                           
  Slack (ns):                  1.130                                                                           
  Arrival (ns):                15.938                                                                          
  Required (ns):               17.068                                                                          

Path 68
  From:                        MSS_SUBSYSTEM_sb_0/MSS_SUBSYSTEM_sb_MSS_0/MSS_ADLIB_INST/INST_MSS_120_IP:CLK_BASE
  To:                          COREAXITOAHBL_1/U_AHBMasterCtrl/HADDRInt[6]:D
  Delay (ns):                  10.315                                                                          
  Slack (ns):                  1.133                                                                           
  Arrival (ns):                16.921                                                                          
  Required (ns):               18.054                                                                          

Path 69
  From:                        CORERISCV_AXI4_0/ChiselTop0/RocketTile_1/core/div/remainder[5]:CLK
  To:                          CORERISCV_AXI4_0/ChiselTop0/RocketTile_1/core/div/remainder[55]:D
  Delay (ns):                  10.598                                                                          
  Slack (ns):                  1.135                                                                           
  Arrival (ns):                16.945                                                                          
  Required (ns):               18.080                                                                          

Path 70
  From:                        COREAXITOAHBL_1/U_AHBMasterCtrl/wrFIFORdAddr[3]:CLK
  To:                          MSS_SUBSYSTEM_sb_0/MSS_SUBSYSTEM_sb_MSS_0/MSS_ADLIB_INST/INST_MSS_120_IP:F_WDATA_HWDATA01[11]
  Delay (ns):                  9.691                                                                           
  Slack (ns):                  1.137                                                                           
  Arrival (ns):                15.960                                                                          
  Required (ns):               17.097                                                                          

Path 71
  From:                        CORERISCV_AXI4_0/ChiselTop0/RocketTile_1/icache/icache/T_974_T_974_0_2/INST_RAM1K18_IP:A_DOUT_CLK
  To:                          CORERISCV_AXI4_0/ChiselTop0/RocketTile_1/icache/icache/T_974_T_974_0_0/INST_RAM1K18_IP:A_ADDR[12]
  Delay (ns):                  10.753                                                                          
  Slack (ns):                  1.137                                                                           
  Arrival (ns):                17.224                                                                          
  Required (ns):               18.361                                                                          

Path 72
  From:                        CORERISCV_AXI4_0/ChiselTop0/RocketTile_1/icache/icache/T_974_T_974_0_0/INST_RAM1K18_IP:A_DOUT_CLK
  To:                          CORERISCV_AXI4_0/ChiselTop0/RocketTile_1/icache/icache/tag_array_0_tag_array_0_0_2/INST_RAM64x18_IP:A_ADDR[3]
  Delay (ns):                  10.660                                                                          
  Slack (ns):                  1.146                                                                           
  Arrival (ns):                17.126                                                                          
  Required (ns):               18.272                                                                          

Path 73
  From:                        CORERISCV_AXI4_0/ChiselTop0/RocketTile_1/core/div/divisor[15]:CLK
  To:                          CORERISCV_AXI4_0/ChiselTop0/RocketTile_1/core/div/remainder[55]:D
  Delay (ns):                  10.568                                                                          
  Slack (ns):                  1.151                                                                           
  Arrival (ns):                16.929                                                                          
  Required (ns):               18.080                                                                          

Path 74
  From:                        CORERISCV_AXI4_0/ChiselTop0/RocketTile_1/icache/icache/T_974_T_974_0_0/INST_RAM1K18_IP:A_DOUT_CLK
  To:                          CORERISCV_AXI4_0/ChiselTop0/RocketTile_1/icache/icache/tag_array_0_tag_array_0_0_2/INST_RAM64x18_IP:B_ADDR[3]
  Delay (ns):                  10.677                                                                          
  Slack (ns):                  1.156                                                                           
  Arrival (ns):                17.143                                                                          
  Required (ns):               18.299                                                                          

Path 75
  From:                        COREAXITOAHBL_1/U_AHBMasterCtrl/currState[6]:CLK
  To:                          MSS_SUBSYSTEM_sb_0/MSS_SUBSYSTEM_sb_MSS_0/MSS_ADLIB_INST/INST_MSS_120_IP:F_WDATA_HWDATA01[3]
  Delay (ns):                  9.523                                                                           
  Slack (ns):                  1.157                                                                           
  Arrival (ns):                15.823                                                                          
  Required (ns):               16.980                                                                          

Path 76
  From:                        COREAXITOAHBL_1/U_AHBMasterCtrl/wrFIFORdAddr[3]:CLK
  To:                          MSS_SUBSYSTEM_sb_0/MSS_SUBSYSTEM_sb_MSS_0/MSS_ADLIB_INST/INST_MSS_120_IP:F_WDATA_HWDATA01[27]
  Delay (ns):                  9.610                                                                           
  Slack (ns):                  1.160                                                                           
  Arrival (ns):                15.879                                                                          
  Required (ns):               17.039                                                                          

Path 77
  From:                        COREAXITOAHBL_1/U_AHBMasterCtrl/wrFIFORdAddr[2]:CLK
  To:                          MSS_SUBSYSTEM_sb_0/MSS_SUBSYSTEM_sb_MSS_0/MSS_ADLIB_INST/INST_MSS_120_IP:F_WDATA_HWDATA01[9]
  Delay (ns):                  9.649                                                                           
  Slack (ns):                  1.165                                                                           
  Arrival (ns):                15.917                                                                          
  Required (ns):               17.082                                                                          

Path 78
  From:                        CORERISCV_AXI4_0/ChiselTop0/RocketTile_1/core/div/remainder[4]:CLK
  To:                          CORERISCV_AXI4_0/ChiselTop0/RocketTile_1/core/div/remainder[55]:D
  Delay (ns):                  10.568                                                                          
  Slack (ns):                  1.165                                                                           
  Arrival (ns):                16.915                                                                          
  Required (ns):               18.080                                                                          

Path 79
  From:                        COREAXITOAHBL_1/U_AHBMasterCtrl/currState[6]:CLK
  To:                          MSS_SUBSYSTEM_sb_0/MSS_SUBSYSTEM_sb_MSS_0/MSS_ADLIB_INST/INST_MSS_120_IP:F_WDATA_HWDATA01[16]
  Delay (ns):                  9.722                                                                           
  Slack (ns):                  1.175                                                                           
  Arrival (ns):                16.022                                                                          
  Required (ns):               17.197                                                                          

Path 80
  From:                        MSS_SUBSYSTEM_sb_0/MSS_SUBSYSTEM_sb_MSS_0/MSS_ADLIB_INST/INST_MSS_120_IP:CLK_BASE
  To:                          COREAXITOAHBL_1/U_AHBMasterCtrl/HADDRInt[5]:D
  Delay (ns):                  10.287                                                                          
  Slack (ns):                  1.176                                                                           
  Arrival (ns):                16.893                                                                          
  Required (ns):               18.069                                                                          

Path 81
  From:                        CORERISCV_AXI4_0/ChiselTop0/RocketTile_1/icache/icache/T_974_T_974_0_2/INST_RAM1K18_IP:A_DOUT_CLK
  To:                          CORERISCV_AXI4_0/ChiselTop0/RocketTile_1/icache/icache/tag_array_0_tag_array_0_0_0/INST_RAM64x18_IP:A_ADDR[8]
  Delay (ns):                  10.610                                                                          
  Slack (ns):                  1.176                                                                           
  Arrival (ns):                17.081                                                                          
  Required (ns):               18.257                                                                          

Path 82
  From:                        COREAXITOAHBL_1/U_AHBMasterCtrl/currState[6]:CLK
  To:                          MSS_SUBSYSTEM_sb_0/MSS_SUBSYSTEM_sb_MSS_0/MSS_ADLIB_INST/INST_MSS_120_IP:F_WDATA_HWDATA01[26]
  Delay (ns):                  9.575                                                                           
  Slack (ns):                  1.178                                                                           
  Arrival (ns):                15.875                                                                          
  Required (ns):               17.053                                                                          

Path 83
  From:                        CORERISCV_AXI4_0/ChiselTop0/RocketTile_1/icache/icache/T_974_T_974_0_0/INST_RAM1K18_IP:A_DOUT_CLK
  To:                          CORERISCV_AXI4_0/ChiselTop0/RocketTile_1/icache/icache/tag_array_0_tag_array_0_0_0/INST_RAM64x18_IP:A_ADDR[3]
  Delay (ns):                  10.623                                                                          
  Slack (ns):                  1.182                                                                           
  Arrival (ns):                17.089                                                                          
  Required (ns):               18.271                                                                          

Path 84
  From:                        COREAXITOAHBL_1/U_AHBMasterCtrl/wrFIFORdAddr[3]:CLK
  To:                          MSS_SUBSYSTEM_sb_0/MSS_SUBSYSTEM_sb_MSS_0/MSS_ADLIB_INST/INST_MSS_120_IP:F_WDATA_HWDATA01[17]
  Delay (ns):                  9.499                                                                           
  Slack (ns):                  1.193                                                                           
  Arrival (ns):                15.768                                                                          
  Required (ns):               16.961                                                                          

Path 85
  From:                        CORERISCV_AXI4_0/ChiselTop0/RocketTile_1/icache/icache/T_974_T_974_0_0/INST_RAM1K18_IP:A_DOUT_CLK
  To:                          CORERISCV_AXI4_0/ChiselTop0/RocketTile_1/icache/icache/tag_array_0_tag_array_0_0_0/INST_RAM64x18_IP:B_ADDR[3]
  Delay (ns):                  10.639                                                                          
  Slack (ns):                  1.193                                                                           
  Arrival (ns):                17.105                                                                          
  Required (ns):               18.298                                                                          

Path 86
  From:                        CORERISCV_AXI4_0/ChiselTop0/RocketTile_1/icache/icache/T_974_T_974_0_2/INST_RAM1K18_IP:A_DOUT_CLK
  To:                          CORERISCV_AXI4_0/ChiselTop0/RocketTile_1/icache/icache/tag_array_0_tag_array_0_0_2/INST_RAM64x18_IP:A_ADDR[3]
  Delay (ns):                  10.597                                                                          
  Slack (ns):                  1.204                                                                           
  Arrival (ns):                17.068                                                                          
  Required (ns):               18.272                                                                          

Path 87
  From:                        COREAXITOAHBL_1/U_AHBMasterCtrl/wrFIFORdAddr[3]:CLK
  To:                          MSS_SUBSYSTEM_sb_0/MSS_SUBSYSTEM_sb_MSS_0/MSS_ADLIB_INST/INST_MSS_120_IP:F_WDATA_HWDATA01[21]
  Delay (ns):                  9.720                                                                           
  Slack (ns):                  1.206                                                                           
  Arrival (ns):                15.989                                                                          
  Required (ns):               17.195                                                                          

Path 88
  From:                        COREAXITOAHBL_1/U_AHBMasterCtrl/wrFIFORdAddr[3]:CLK
  To:                          MSS_SUBSYSTEM_sb_0/MSS_SUBSYSTEM_sb_MSS_0/MSS_ADLIB_INST/INST_MSS_120_IP:F_WDATA_HWDATA01[18]
  Delay (ns):                  9.547                                                                           
  Slack (ns):                  1.209                                                                           
  Arrival (ns):                15.816                                                                          
  Required (ns):               17.025                                                                          

Path 89
  From:                        CORERISCV_AXI4_0/ChiselTop0/RocketTile_1/icache/icache/T_974_T_974_0_0/INST_RAM1K18_IP:A_DOUT_CLK
  To:                          CORERISCV_AXI4_0/ChiselTop0/RocketTile_1/icache/icache/T_974_T_974_0_2/INST_RAM1K18_IP:A_ADDR[12]
  Delay (ns):                  10.689                                                                          
  Slack (ns):                  1.210                                                                           
  Arrival (ns):                17.155                                                                          
  Required (ns):               18.365                                                                          

Path 90
  From:                        CORERISCV_AXI4_0/ChiselTop0/RocketTile_1/icache/icache/T_974_T_974_0_2/INST_RAM1K18_IP:A_DOUT_CLK
  To:                          CORERISCV_AXI4_0/ChiselTop0/RocketTile_1/icache/icache/tag_array_0_tag_array_0_0_2/INST_RAM64x18_IP:B_ADDR[3]
  Delay (ns):                  10.614                                                                          
  Slack (ns):                  1.214                                                                           
  Arrival (ns):                17.085                                                                          
  Required (ns):               18.299                                                                          

Path 91
  From:                        MSS_SUBSYSTEM_sb_0/MSS_SUBSYSTEM_sb_MSS_0/MSS_ADLIB_INST/INST_MSS_120_IP:CLK_BASE
  To:                          COREAXITOAHBL_1/U_AHBMasterCtrl/HADDRInt[4]:D
  Delay (ns):                  10.233                                                                          
  Slack (ns):                  1.215                                                                           
  Arrival (ns):                16.839                                                                          
  Required (ns):               18.054                                                                          

Path 92
  From:                        CORERISCV_AXI4_0/ChiselTop0/RocketTile_1/icache/icache/T_974_T_974_0_0/INST_RAM1K18_IP:A_DOUT_CLK
  To:                          CORERISCV_AXI4_0/ChiselTop0/RocketTile_1/icache/icache/tag_array_0_tag_array_0_0_1/INST_RAM64x18_IP:A_ADDR[3]
  Delay (ns):                  10.580                                                                          
  Slack (ns):                  1.225                                                                           
  Arrival (ns):                17.046                                                                          
  Required (ns):               18.271                                                                          

Path 93
  From:                        CORERISCV_AXI4_0/ChiselTop0/RocketTile_1/core/div/divisor[3]:CLK
  To:                          CORERISCV_AXI4_0/ChiselTop0/RocketTile_1/core/div/remainder[55]:D
  Delay (ns):                  10.491                                                                          
  Slack (ns):                  1.233                                                                           
  Arrival (ns):                16.847                                                                          
  Required (ns):               18.080                                                                          

Path 94
  From:                        CORERISCV_AXI4_0/ChiselTop0/RocketTile_1/icache/icache/T_974_T_974_0_0/INST_RAM1K18_IP:A_DOUT_CLK
  To:                          CORERISCV_AXI4_0/ChiselTop0/RocketTile_1/icache/icache/tag_array_0_tag_array_0_0_1/INST_RAM64x18_IP:B_ADDR[3]
  Delay (ns):                  10.597                                                                          
  Slack (ns):                  1.234                                                                           
  Arrival (ns):                17.063                                                                          
  Required (ns):               18.297                                                                          

Path 95
  From:                        CORERISCV_AXI4_0/ChiselTop0/uncore/outmemsys/l1tol2net/TileLinkEnqueuer_4/Queue_3_1/ram_header_src_ram_header_src_0_0/INST_RAM64x18_IP:A_ADDR_CLK
  To:                          CORERISCV_AXI4_0/ChiselTop0/RocketTile_1/DCache_1/pstore1_data[12]:EN
  Delay (ns):                  10.215                                                                          
  Slack (ns):                  1.234                                                                           
  Arrival (ns):                16.699                                                                          
  Required (ns):               17.933                                                                          

Path 96
  From:                        CORERISCV_AXI4_0/ChiselTop0/RocketTile_1/icache/icache/T_974_T_974_0_0/INST_RAM1K18_IP:A_DOUT_CLK
  To:                          CORERISCV_AXI4_0/ChiselTop0/RocketTile_1/icache/icache/T_974_T_974_0_2/INST_RAM1K18_IP:A_ADDR[10]
  Delay (ns):                  10.646                                                                          
  Slack (ns):                  1.235                                                                           
  Arrival (ns):                17.112                                                                          
  Required (ns):               18.347                                                                          

Path 97
  From:                        COREAXITOAHBL_1/U_AHBMasterCtrl/HADDRInt[2]:CLK
  To:                          MSS_SUBSYSTEM_sb_0/MSS_SUBSYSTEM_sb_MSS_0/MSS_ADLIB_INST/INST_MSS_120_IP:F_WDATA_HWDATA01[7]
  Delay (ns):                  9.488                                                                           
  Slack (ns):                  1.236                                                                           
  Arrival (ns):                15.812                                                                          
  Required (ns):               17.048                                                                          

Path 98
  From:                        CORERISCV_AXI4_0/ChiselTop0/uncore/Queue_21_1/ram_id.uncore.Queue_21_1.ram_id_ram1_[1]:CLK
  To:                          CORERISCV_AXI4_0/ChiselTop0/uncore/NastiIOTileLinkIOConverter_1_1/roq/T_198_2:EN
  Delay (ns):                  10.372                                                                          
  Slack (ns):                  1.239                                                                           
  Arrival (ns):                16.686                                                                          
  Required (ns):               17.925                                                                          

Path 99
  From:                        CORERISCV_AXI4_0/ChiselTop0/RocketTile_1/icache/icache/T_974_T_974_0_2/INST_RAM1K18_IP:A_DOUT_CLK
  To:                          CORERISCV_AXI4_0/ChiselTop0/RocketTile_1/icache/icache/tag_array_0_tag_array_0_0_0/INST_RAM64x18_IP:A_ADDR[3]
  Delay (ns):                  10.560                                                                          
  Slack (ns):                  1.240                                                                           
  Arrival (ns):                17.031                                                                          
  Required (ns):               18.271                                                                          

Path 100
  From:                        COREAXITOAHBL_1/U_AHBMasterCtrl/wrFIFORdAddr[2]:CLK
  To:                          MSS_SUBSYSTEM_sb_0/MSS_SUBSYSTEM_sb_MSS_0/MSS_ADLIB_INST/INST_MSS_120_IP:F_WDATA_HWDATA01[24]
  Delay (ns):                  9.540                                                                           
  Slack (ns):                  1.246                                                                           
  Arrival (ns):                15.808                                                                          
  Required (ns):               17.054                                                                          

