Timing Violation Report Max Delay Analysis

SmartTime Version v11.8
Microsemi Corporation - Microsemi Libero Software Release v11.8 (Version 11.8.0.26)
Date: Tue Jul 04 10:38:44 2017


Design: PROC_SUBSYSTEM
Family: SmartFusion2
Die: M2S150
Package: 1152 FC
Temperature Range: 0 - 85 C
Voltage Range: 1.14 - 1.26 V
Speed Grade: STD
Design State: Post-Layout
Data source: Production
Min Operating Conditions: BEST - 1.26 V - 0 C
Max Operating Conditions: WORST - 1.14 V - 85 C
Scenario for Timing Analysis: timing_analysis


Path 1
  From:                        MSS_SUBSYSTEM_sb_0/CORERESETP_0/INIT_DONE_int:CLK
  To:                          CORERISCV_AXI4_0/debugBusReqFifo/genblk2.wrAddrGrayReg_r[1]:ALn
  Delay (ns):                  11.449                                                                          
  Slack (ns):                  0.152                                                                           
  Arrival (ns):                17.778                                                                          
  Required (ns):               17.930                                                                          

Path 2
  From:                        MSS_SUBSYSTEM_sb_0/CORERESETP_0/INIT_DONE_int:CLK
  To:                          CORERISCV_AXI4_0/debugBusReqFifo/genblk2.wrAddrGrayReg_sync[1]:ALn
  Delay (ns):                  11.449                                                                          
  Slack (ns):                  0.152                                                                           
  Arrival (ns):                17.778                                                                          
  Required (ns):               17.930                                                                          

Path 3
  From:                        MSS_SUBSYSTEM_sb_0/CORERESETP_0/INIT_DONE_int:CLK
  To:                          CORERISCV_AXI4_0/debugBusRespFifo/genblk2.rdAddrGrayReg_sync[1]:ALn
  Delay (ns):                  11.476                                                                          
  Slack (ns):                  0.155                                                                           
  Arrival (ns):                17.805                                                                          
  Required (ns):               17.960                                                                          

Path 4
  From:                        MSS_SUBSYSTEM_sb_0/CORERESETP_0/INIT_DONE_int:CLK
  To:                          CORERISCV_AXI4_0/debugBusRespFifo/genblk2.wrAddrGrayReg_w[1]:ALn
  Delay (ns):                  11.476                                                                          
  Slack (ns):                  0.155                                                                           
  Arrival (ns):                17.805                                                                          
  Required (ns):               17.960                                                                          

Path 5
  From:                        MSS_SUBSYSTEM_sb_0/CORERESETP_0/INIT_DONE_int:CLK
  To:                          CORERISCV_AXI4_0/debugBusRespFifo/genblk2.rdAddrGrayReg_w[0]:ALn
  Delay (ns):                  11.476                                                                          
  Slack (ns):                  0.155                                                                           
  Arrival (ns):                17.805                                                                          
  Required (ns):               17.960                                                                          

Path 6
  From:                        MSS_SUBSYSTEM_sb_0/CORERESETP_0/INIT_DONE_int:CLK
  To:                          CORERISCV_AXI4_0/debugBusReqFifo/genblk2.wrAddrGrayReg_sync[0]:ALn
  Delay (ns):                  11.449                                                                          
  Slack (ns):                  0.162                                                                           
  Arrival (ns):                17.778                                                                          
  Required (ns):               17.940                                                                          

Path 7
  From:                        MSS_SUBSYSTEM_sb_0/CORERESETP_0/INIT_DONE_int:CLK
  To:                          CORERISCV_AXI4_0/debugBusReqFifo/genblk2.wrAddrGrayReg_r[0]:ALn
  Delay (ns):                  11.449                                                                          
  Slack (ns):                  0.163                                                                           
  Arrival (ns):                17.778                                                                          
  Required (ns):               17.941                                                                          

Path 8
  From:                        MSS_SUBSYSTEM_sb_0/CORERESETP_0/INIT_DONE_int:CLK
  To:                          CORERISCV_AXI4_0/debugBusReqFifo/genblk2.rdAddrReg_r[0]:ALn
  Delay (ns):                  11.432                                                                          
  Slack (ns):                  0.164                                                                           
  Arrival (ns):                17.761                                                                          
  Required (ns):               17.925                                                                          

Path 9
  From:                        MSS_SUBSYSTEM_sb_0/CORERESETP_0/INIT_DONE_int:CLK
  To:                          CORERISCV_AXI4_0/debugBusRespFifo/genblk2.rdAddrGrayReg_sync[0]:ALn
  Delay (ns):                  11.476                                                                          
  Slack (ns):                  0.166                                                                           
  Arrival (ns):                17.805                                                                          
  Required (ns):               17.971                                                                          

Path 10
  From:                        MSS_SUBSYSTEM_sb_0/CORERESETP_0/INIT_DONE_int:CLK
  To:                          CORERISCV_AXI4_0/debugBusRespFifo/genblk2.rdAddrGrayReg_w_ret:ALn
  Delay (ns):                  11.476                                                                          
  Slack (ns):                  0.166                                                                           
  Arrival (ns):                17.805                                                                          
  Required (ns):               17.971                                                                          

Path 11
  From:                        MSS_SUBSYSTEM_sb_0/CORERESETP_0/INIT_DONE_int:CLK
  To:                          CORERISCV_AXI4_0/debugBusRespFifo/genblk2.rdAddrGrayReg_w[1]:ALn
  Delay (ns):                  11.476                                                                          
  Slack (ns):                  0.166                                                                           
  Arrival (ns):                17.805                                                                          
  Required (ns):               17.971                                                                          

Path 12
  From:                        MSS_SUBSYSTEM_sb_0/CORERESETP_0/INIT_DONE_int:CLK
  To:                          CORERISCV_AXI4_0/debugBusRespFifo/genblk2.wrAddrReg_w[0]:ALn
  Delay (ns):                  11.476                                                                          
  Slack (ns):                  0.166                                                                           
  Arrival (ns):                17.805                                                                          
  Required (ns):               17.971                                                                          

Path 13
  From:                        MSS_SUBSYSTEM_sb_0/CORERESETP_0/INIT_DONE_int:CLK
  To:                          CORERISCV_AXI4_0/debugBusRespFifo/genblk2.wrAddrGrayReg_w[0]:ALn
  Delay (ns):                  11.476                                                                          
  Slack (ns):                  0.166                                                                           
  Arrival (ns):                17.805                                                                          
  Required (ns):               17.971                                                                          

Path 14
  From:                        MSS_SUBSYSTEM_sb_0/CORERESETP_0/INIT_DONE_int:CLK
  To:                          CORERISCV_AXI4_0/debugBusReqFifo/genblk2.rdAddrGrayReg_r[0]:ALn
  Delay (ns):                  11.438                                                                          
  Slack (ns):                  0.177                                                                           
  Arrival (ns):                17.767                                                                          
  Required (ns):               17.944                                                                          

Path 15
  From:                        MSS_SUBSYSTEM_sb_0/CORERESETP_0/INIT_DONE_int:CLK
  To:                          CORERISCV_AXI4_0/debugBusReqFifo/genblk2.rdAddrReg_r[1]:ALn
  Delay (ns):                  11.438                                                                          
  Slack (ns):                  0.186                                                                           
  Arrival (ns):                17.767                                                                          
  Required (ns):               17.953                                                                          

Path 16
  From:                        CORERISCV_AXI4_0/ChiselTop0/RocketTile_1/icache/icache/T_974_T_974_0_3/INST_RAM1K18_IP:A_DOUT_CLK
  To:                          CORERISCV_AXI4_0/ChiselTop0/RocketTile_1/icache/icache/tag_array_0_tag_array_0_0_2/INST_RAM64x18_IP:A_ADDR[4]
  Delay (ns):                  11.309                                                                          
  Slack (ns):                  0.462                                                                           
  Arrival (ns):                17.779                                                                          
  Required (ns):               18.241                                                                          

Path 17
  From:                        CORERISCV_AXI4_0/ChiselTop0/RocketTile_1/icache/icache/T_974_T_974_0_3/INST_RAM1K18_IP:A_DOUT_CLK
  To:                          CORERISCV_AXI4_0/ChiselTop0/RocketTile_1/icache/icache/tag_array_0_tag_array_0_0_2/INST_RAM64x18_IP:B_ADDR[4]
  Delay (ns):                  11.303                                                                          
  Slack (ns):                  0.501                                                                           
  Arrival (ns):                17.773                                                                          
  Required (ns):               18.274                                                                          

Path 18
  From:                        CORERISCV_AXI4_0/ChiselTop0/RocketTile_1/icache/icache/T_974_T_974_0_2/INST_RAM1K18_IP:A_DOUT_CLK
  To:                          CORERISCV_AXI4_0/ChiselTop0/RocketTile_1/icache/icache/tag_array_0_tag_array_0_0_2/INST_RAM64x18_IP:A_ADDR[4]
  Delay (ns):                  11.179                                                                          
  Slack (ns):                  0.593                                                                           
  Arrival (ns):                17.648                                                                          
  Required (ns):               18.241                                                                          

Path 19
  From:                        CORERISCV_AXI4_0/ChiselTop0/RocketTile_1/icache/icache/T_974_T_974_0_0/INST_RAM1K18_IP:A_DOUT_CLK
  To:                          CORERISCV_AXI4_0/ChiselTop0/RocketTile_1/icache/icache/tag_array_0_tag_array_0_0_2/INST_RAM64x18_IP:A_ADDR[4]
  Delay (ns):                  11.180                                                                          
  Slack (ns):                  0.595                                                                           
  Arrival (ns):                17.646                                                                          
  Required (ns):               18.241                                                                          

Path 20
  From:                        CORERISCV_AXI4_0/ChiselTop0/RocketTile_1/icache/icache/T_974_T_974_0_1/INST_RAM1K18_IP:A_DOUT_CLK
  To:                          CORERISCV_AXI4_0/ChiselTop0/RocketTile_1/icache/icache/tag_array_0_tag_array_0_0_2/INST_RAM64x18_IP:A_ADDR[4]
  Delay (ns):                  11.172                                                                          
  Slack (ns):                  0.597                                                                           
  Arrival (ns):                17.644                                                                          
  Required (ns):               18.241                                                                          

Path 21
  From:                        CORERISCV_AXI4_0/ChiselTop0/RocketTile_1/icache/icache/T_974_T_974_0_2/INST_RAM1K18_IP:A_DOUT_CLK
  To:                          CORERISCV_AXI4_0/ChiselTop0/RocketTile_1/icache/icache/tag_array_0_tag_array_0_0_2/INST_RAM64x18_IP:B_ADDR[4]
  Delay (ns):                  11.173                                                                          
  Slack (ns):                  0.632                                                                           
  Arrival (ns):                17.642                                                                          
  Required (ns):               18.274                                                                          

Path 22
  From:                        CORERISCV_AXI4_0/ChiselTop0/RocketTile_1/icache/icache/T_974_T_974_0_0/INST_RAM1K18_IP:A_DOUT_CLK
  To:                          CORERISCV_AXI4_0/ChiselTop0/RocketTile_1/icache/icache/tag_array_0_tag_array_0_0_2/INST_RAM64x18_IP:B_ADDR[4]
  Delay (ns):                  11.174                                                                          
  Slack (ns):                  0.634                                                                           
  Arrival (ns):                17.640                                                                          
  Required (ns):               18.274                                                                          

Path 23
  From:                        CORERISCV_AXI4_0/ChiselTop0/RocketTile_1/icache/icache/T_974_T_974_0_1/INST_RAM1K18_IP:A_DOUT_CLK
  To:                          CORERISCV_AXI4_0/ChiselTop0/RocketTile_1/icache/icache/tag_array_0_tag_array_0_0_2/INST_RAM64x18_IP:B_ADDR[4]
  Delay (ns):                  11.166                                                                          
  Slack (ns):                  0.636                                                                           
  Arrival (ns):                17.638                                                                          
  Required (ns):               18.274                                                                          

Path 24
  From:                        COREAXITOAHBL_1/U_AHBMasterCtrl/wrFIFORdAddr[2]:CLK
  To:                          MSS_SUBSYSTEM_sb_0/MSS_SUBSYSTEM_sb_MSS_0/MSS_ADLIB_INST/INST_MSS_120_IP:F_WDATA_HWDATA01[26]
  Delay (ns):                  10.070                                                                          
  Slack (ns):                  0.724                                                                           
  Arrival (ns):                16.344                                                                          
  Required (ns):               17.068                                                                          

Path 25
  From:                        COREAXITOAHBL_1/U_AHBMasterCtrl/wrFIFORdAddr[3]:CLK
  To:                          MSS_SUBSYSTEM_sb_0/MSS_SUBSYSTEM_sb_MSS_0/MSS_ADLIB_INST/INST_MSS_120_IP:F_WDATA_HWDATA01[26]
  Delay (ns):                  10.047                                                                          
  Slack (ns):                  0.731                                                                           
  Arrival (ns):                16.322                                                                          
  Required (ns):               17.053                                                                          

Path 26
  From:                        COREAXITOAHBL_1/U_AHBMasterCtrl/wrFIFORdAddr[3]:CLK
  To:                          MSS_SUBSYSTEM_sb_0/MSS_SUBSYSTEM_sb_MSS_0/MSS_ADLIB_INST/INST_MSS_120_IP:F_WDATA_HWDATA01[23]
  Delay (ns):                  10.040                                                                          
  Slack (ns):                  0.800                                                                           
  Arrival (ns):                16.315                                                                          
  Required (ns):               17.115                                                                          

Path 27
  From:                        COREAXITOAHBL_1/U_AHBMasterCtrl/wrFIFORdAddr[2]:CLK
  To:                          MSS_SUBSYSTEM_sb_0/MSS_SUBSYSTEM_sb_MSS_0/MSS_ADLIB_INST/INST_MSS_120_IP:F_WDATA_HWDATA01[23]
  Delay (ns):                  10.034                                                                          
  Slack (ns):                  0.807                                                                           
  Arrival (ns):                16.308                                                                          
  Required (ns):               17.115                                                                          

Path 28
  From:                        CORERISCV_AXI4_0/ChiselTop0/RocketTile_1/icache/s2_pc[2]:CLK
  To:                          CORERISCV_AXI4_0/ChiselTop0/RocketTile_1/icache/icache/tag_array_0_tag_array_0_0_2/INST_RAM64x18_IP:A_ADDR[4]
  Delay (ns):                  11.031                                                                          
  Slack (ns):                  0.910                                                                           
  Arrival (ns):                17.331                                                                          
  Required (ns):               18.241                                                                          

Path 29
  From:                        COREAXITOAHBL_1/U_AHBMasterCtrl/wrFIFORdAddr[3]:CLK
  To:                          MSS_SUBSYSTEM_sb_0/MSS_SUBSYSTEM_sb_MSS_0/MSS_ADLIB_INST/INST_MSS_120_IP:F_WDATA_HWDATA01[21]
  Delay (ns):                  9.996                                                                           
  Slack (ns):                  0.924                                                                           
  Arrival (ns):                16.271                                                                          
  Required (ns):               17.195                                                                          

Path 30
  From:                        COREAXITOAHBL_1/U_AHBMasterCtrl/wrFIFORdAddr[2]:CLK
  To:                          MSS_SUBSYSTEM_sb_0/MSS_SUBSYSTEM_sb_MSS_0/MSS_ADLIB_INST/INST_MSS_120_IP:F_WDATA_HWDATA01[21]
  Delay (ns):                  10.011                                                                          
  Slack (ns):                  0.930                                                                           
  Arrival (ns):                16.285                                                                          
  Required (ns):               17.215                                                                          

Path 31
  From:                        CORERISCV_AXI4_0/ChiselTop0/RocketTile_1/icache/s2_pc[2]:CLK
  To:                          CORERISCV_AXI4_0/ChiselTop0/RocketTile_1/icache/icache/tag_array_0_tag_array_0_0_2/INST_RAM64x18_IP:B_ADDR[4]
  Delay (ns):                  11.025                                                                          
  Slack (ns):                  0.949                                                                           
  Arrival (ns):                17.325                                                                          
  Required (ns):               18.274                                                                          

Path 32
  From:                        CORERISCV_AXI4_0/ChiselTop0/RocketTile_1/icache/icache/T_974_T_974_0_3/INST_RAM1K18_IP:A_DOUT_CLK
  To:                          CORERISCV_AXI4_0/ChiselTop0/RocketTile_1/icache/icache/tag_array_0_tag_array_0_0_2/INST_RAM64x18_IP:B_ADDR[8]
  Delay (ns):                  10.740                                                                          
  Slack (ns):                  0.979                                                                           
  Arrival (ns):                17.210                                                                          
  Required (ns):               18.189                                                                          

Path 33
  From:                        COREAXITOAHBL_1/U_AHBMasterCtrl/wrFIFORdAddr[3]:CLK
  To:                          MSS_SUBSYSTEM_sb_0/MSS_SUBSYSTEM_sb_MSS_0/MSS_ADLIB_INST/INST_MSS_120_IP:F_WDATA_HWDATA01[29]
  Delay (ns):                  9.725                                                                           
  Slack (ns):                  1.012                                                                           
  Arrival (ns):                16.000                                                                          
  Required (ns):               17.012                                                                          

Path 34
  From:                        CORERISCV_AXI4_0/ChiselTop0/RocketTile_1/icache/icache/T_974_T_974_0_3/INST_RAM1K18_IP:A_DOUT_CLK
  To:                          CORERISCV_AXI4_0/ChiselTop0/RocketTile_1/icache/icache/tag_array_0_tag_array_0_0_2/INST_RAM64x18_IP:A_ADDR[9]
  Delay (ns):                  10.686                                                                          
  Slack (ns):                  1.021                                                                           
  Arrival (ns):                17.156                                                                          
  Required (ns):               18.177                                                                          

Path 35
  From:                        COREAXITOAHBL_1/U_AHBMasterCtrl/wrFIFORdAddr[2]:CLK
  To:                          MSS_SUBSYSTEM_sb_0/MSS_SUBSYSTEM_sb_MSS_0/MSS_ADLIB_INST/INST_MSS_120_IP:F_WDATA_HWDATA01[22]
  Delay (ns):                  9.741                                                                           
  Slack (ns):                  1.026                                                                           
  Arrival (ns):                16.015                                                                          
  Required (ns):               17.041                                                                          

Path 36
  From:                        COREAXITOAHBL_1/U_AHBMasterCtrl/wrFIFORdAddr[2]:CLK
  To:                          MSS_SUBSYSTEM_sb_0/MSS_SUBSYSTEM_sb_MSS_0/MSS_ADLIB_INST/INST_MSS_120_IP:F_WDATA_HWDATA01[29]
  Delay (ns):                  9.711                                                                           
  Slack (ns):                  1.027                                                                           
  Arrival (ns):                15.985                                                                          
  Required (ns):               17.012                                                                          

Path 37
  From:                        COREAXITOAHBL_1/U_AHBMasterCtrl/wrFIFORdAddr[3]:CLK
  To:                          MSS_SUBSYSTEM_sb_0/MSS_SUBSYSTEM_sb_MSS_0/MSS_ADLIB_INST/INST_MSS_120_IP:F_WDATA_HWDATA01[22]
  Delay (ns):                  9.712                                                                           
  Slack (ns):                  1.036                                                                           
  Arrival (ns):                15.987                                                                          
  Required (ns):               17.023                                                                          

Path 38
  From:                        COREAXITOAHBL_1/U_AHBMasterCtrl/wrFIFORdAddr[2]:CLK
  To:                          MSS_SUBSYSTEM_sb_0/MSS_SUBSYSTEM_sb_MSS_0/MSS_ADLIB_INST/INST_MSS_120_IP:F_WDATA_HWDATA01[24]
  Delay (ns):                  9.737                                                                           
  Slack (ns):                  1.043                                                                           
  Arrival (ns):                16.011                                                                          
  Required (ns):               17.054                                                                          

Path 39
  From:                        COREAXITOAHBL_1/U_AHBMasterCtrl/wrFIFORdAddr[3]:CLK
  To:                          MSS_SUBSYSTEM_sb_0/MSS_SUBSYSTEM_sb_MSS_0/MSS_ADLIB_INST/INST_MSS_120_IP:F_WDATA_HWDATA01[20]
  Delay (ns):                  9.684                                                                           
  Slack (ns):                  1.052                                                                           
  Arrival (ns):                15.959                                                                          
  Required (ns):               17.011                                                                          

Path 40
  From:                        COREAXITOAHBL_1/U_AHBMasterCtrl/wrFIFORdAddr[3]:CLK
  To:                          MSS_SUBSYSTEM_sb_0/MSS_SUBSYSTEM_sb_MSS_0/MSS_ADLIB_INST/INST_MSS_120_IP:F_WDATA_HWDATA01[30]
  Delay (ns):                  9.777                                                                           
  Slack (ns):                  1.057                                                                           
  Arrival (ns):                16.052                                                                          
  Required (ns):               17.109                                                                          

Path 41
  From:                        COREAXITOAHBL_1/U_AHBMasterCtrl/wrFIFORdAddr[3]:CLK
  To:                          MSS_SUBSYSTEM_sb_0/MSS_SUBSYSTEM_sb_MSS_0/MSS_ADLIB_INST/INST_MSS_120_IP:F_WDATA_HWDATA01[31]
  Delay (ns):                  9.669                                                                           
  Slack (ns):                  1.064                                                                           
  Arrival (ns):                15.944                                                                          
  Required (ns):               17.008                                                                          

Path 42
  From:                        CORERISCV_AXI4_0/ChiselTop0/RocketTile_1/icache/icache/T_974_T_974_0_3/INST_RAM1K18_IP:A_DOUT_CLK
  To:                          CORERISCV_AXI4_0/ChiselTop0/RocketTile_1/icache/icache/tag_array_0_tag_array_0_0_0/INST_RAM64x18_IP:A_ADDR[4]
  Delay (ns):                  10.701                                                                          
  Slack (ns):                  1.066                                                                           
  Arrival (ns):                17.171                                                                          
  Required (ns):               18.237                                                                          

Path 43
  From:                        COREAXITOAHBL_1/U_AHBMasterCtrl/wrFIFORdAddr[2]:CLK
  To:                          MSS_SUBSYSTEM_sb_0/MSS_SUBSYSTEM_sb_MSS_0/MSS_ADLIB_INST/INST_MSS_120_IP:F_WDATA_HWDATA01[20]
  Delay (ns):                  9.669                                                                           
  Slack (ns):                  1.068                                                                           
  Arrival (ns):                15.943                                                                          
  Required (ns):               17.011                                                                          

Path 44
  From:                        CORERISCV_AXI4_0/ChiselTop0/RocketTile_1/icache/icache/T_974_T_974_0_3/INST_RAM1K18_IP:A_DOUT_CLK
  To:                          CORERISCV_AXI4_0/ChiselTop0/RocketTile_1/icache/icache/tag_array_0_tag_array_0_0_2/INST_RAM64x18_IP:B_ADDR[7]
  Delay (ns):                  10.638                                                                          
  Slack (ns):                  1.071                                                                           
  Arrival (ns):                17.108                                                                          
  Required (ns):               18.179                                                                          

Path 45
  From:                        COREAXITOAHBL_1/U_AHBMasterCtrl/wrFIFORdAddr[2]:CLK
  To:                          MSS_SUBSYSTEM_sb_0/MSS_SUBSYSTEM_sb_MSS_0/MSS_ADLIB_INST/INST_MSS_120_IP:F_WDATA_HWDATA01[30]
  Delay (ns):                  9.763                                                                           
  Slack (ns):                  1.072                                                                           
  Arrival (ns):                16.037                                                                          
  Required (ns):               17.109                                                                          

Path 46
  From:                        CORERISCV_AXI4_0/ChiselTop0/RocketTile_1/icache/icache/T_974_T_974_0_3/INST_RAM1K18_IP:A_DOUT_CLK
  To:                          CORERISCV_AXI4_0/ChiselTop0/RocketTile_1/icache/icache/tag_array_0_tag_array_0_0_2/INST_RAM64x18_IP:B_ADDR[9]
  Delay (ns):                  10.685                                                                          
  Slack (ns):                  1.073                                                                           
  Arrival (ns):                17.155                                                                          
  Required (ns):               18.228                                                                          

Path 47
  From:                        CORERISCV_AXI4_0/ChiselTop0/RocketTile_1/icache/icache/T_974_T_974_0_3/INST_RAM1K18_IP:A_DOUT_CLK
  To:                          CORERISCV_AXI4_0/ChiselTop0/RocketTile_1/icache/icache/tag_array_0_tag_array_0_0_2/INST_RAM64x18_IP:A_ADDR[3]
  Delay (ns):                  10.736                                                                          
  Slack (ns):                  1.078                                                                           
  Arrival (ns):                17.206                                                                          
  Required (ns):               18.284                                                                          

Path 48
  From:                        COREAXITOAHBL_1/U_AHBMasterCtrl/wrFIFORdAddr[2]:CLK
  To:                          MSS_SUBSYSTEM_sb_0/MSS_SUBSYSTEM_sb_MSS_0/MSS_ADLIB_INST/INST_MSS_120_IP:F_WDATA_HWDATA01[31]
  Delay (ns):                  9.654                                                                           
  Slack (ns):                  1.080                                                                           
  Arrival (ns):                15.928                                                                          
  Required (ns):               17.008                                                                          

Path 49
  From:                        CORERISCV_AXI4_0/ChiselTop0/RocketTile_1/icache/icache/T_974_T_974_0_3/INST_RAM1K18_IP:A_DOUT_CLK
  To:                          CORERISCV_AXI4_0/ChiselTop0/RocketTile_1/icache/icache/tag_array_0_tag_array_0_0_2/INST_RAM64x18_IP:B_ADDR[3]
  Delay (ns):                  10.753                                                                          
  Slack (ns):                  1.085                                                                           
  Arrival (ns):                17.223                                                                          
  Required (ns):               18.308                                                                          

Path 50
  From:                        CORERISCV_AXI4_0/ChiselTop0/RocketTile_1/icache/icache/T_974_T_974_0_3/INST_RAM1K18_IP:A_DOUT_CLK
  To:                          CORERISCV_AXI4_0/ChiselTop0/RocketTile_1/icache/icache/tag_array_0_tag_array_0_0_2/INST_RAM64x18_IP:A_ADDR[8]
  Delay (ns):                  10.712                                                                          
  Slack (ns):                  1.088                                                                           
  Arrival (ns):                17.182                                                                          
  Required (ns):               18.270                                                                          

Path 51
  From:                        COREAXITOAHBL_1/U_AHBMasterCtrl/wrFIFORdAddr[3]:CLK
  To:                          MSS_SUBSYSTEM_sb_0/MSS_SUBSYSTEM_sb_MSS_0/MSS_ADLIB_INST/INST_MSS_120_IP:F_WDATA_HWDATA01[24]
  Delay (ns):                  9.718                                                                           
  Slack (ns):                  1.091                                                                           
  Arrival (ns):                15.993                                                                          
  Required (ns):               17.084                                                                          

Path 52
  From:                        MSS_SUBSYSTEM_sb_0/MSS_SUBSYSTEM_sb_MSS_0/MSS_ADLIB_INST/INST_MSS_120_IP:CLK_BASE
  To:                          COREAXITOAHBL_1/U_AHBMasterCtrl/HADDRInt[31]:D
  Delay (ns):                  10.354                                                                          
  Slack (ns):                  1.092                                                                           
  Arrival (ns):                16.960                                                                          
  Required (ns):               18.052                                                                          

Path 53
  From:                        COREAXITOAHBL_1/U_AHBMasterCtrl/wrFIFORdAddr[1]:CLK
  To:                          MSS_SUBSYSTEM_sb_0/MSS_SUBSYSTEM_sb_MSS_0/MSS_ADLIB_INST/INST_MSS_120_IP:F_WDATA_HWDATA01[26]
  Delay (ns):                  9.686                                                                           
  Slack (ns):                  1.093                                                                           
  Arrival (ns):                15.960                                                                          
  Required (ns):               17.053                                                                          

Path 54
  From:                        CORERISCV_AXI4_0/ChiselTop0/RocketTile_1/icache/icache/T_974_T_974_0_3/INST_RAM1K18_IP:A_DOUT_CLK
  To:                          CORERISCV_AXI4_0/ChiselTop0/RocketTile_1/icache/icache/tag_array_0_tag_array_0_0_2/INST_RAM64x18_IP:A_ADDR[5]
  Delay (ns):                  10.616                                                                          
  Slack (ns):                  1.104                                                                           
  Arrival (ns):                17.086                                                                          
  Required (ns):               18.190                                                                          

Path 55
  From:                        CORERISCV_AXI4_0/ChiselTop0/RocketTile_1/icache/icache/T_974_T_974_0_3/INST_RAM1K18_IP:A_DOUT_CLK
  To:                          CORERISCV_AXI4_0/ChiselTop0/RocketTile_1/icache/icache/tag_array_0_tag_array_0_0_2/INST_RAM64x18_IP:A_ADDR[7]
  Delay (ns):                  10.644                                                                          
  Slack (ns):                  1.105                                                                           
  Arrival (ns):                17.114                                                                          
  Required (ns):               18.219                                                                          

Path 56
  From:                        CORERISCV_AXI4_0/ChiselTop0/RocketTile_1/icache/icache/T_974_T_974_0_3/INST_RAM1K18_IP:A_DOUT_CLK
  To:                          CORERISCV_AXI4_0/ChiselTop0/RocketTile_1/icache/icache/tag_array_0_tag_array_0_0_0/INST_RAM64x18_IP:B_ADDR[4]
  Delay (ns):                  10.694                                                                          
  Slack (ns):                  1.109                                                                           
  Arrival (ns):                17.164                                                                          
  Required (ns):               18.273                                                                          

Path 57
  From:                        CORERISCV_AXI4_0/ChiselTop0/RocketTile_1/icache/icache/T_974_T_974_0_2/INST_RAM1K18_IP:A_DOUT_CLK
  To:                          CORERISCV_AXI4_0/ChiselTop0/RocketTile_1/icache/icache/tag_array_0_tag_array_0_0_2/INST_RAM64x18_IP:B_ADDR[8]
  Delay (ns):                  10.610                                                                          
  Slack (ns):                  1.110                                                                           
  Arrival (ns):                17.079                                                                          
  Required (ns):               18.189                                                                          

Path 58
  From:                        CORERISCV_AXI4_0/ChiselTop0/RocketTile_1/icache/icache/T_974_T_974_0_1/INST_RAM1K18_IP:A_DOUT_CLK
  To:                          CORERISCV_AXI4_0/ChiselTop0/RocketTile_1/icache/icache/tag_array_0_tag_array_0_0_2/INST_RAM64x18_IP:B_ADDR[8]
  Delay (ns):                  10.606                                                                          
  Slack (ns):                  1.111                                                                           
  Arrival (ns):                17.078                                                                          
  Required (ns):               18.189                                                                          

Path 59
  From:                        CORERISCV_AXI4_0/ChiselTop0/RocketTile_1/icache/icache/T_974_T_974_0_0/INST_RAM1K18_IP:A_DOUT_CLK
  To:                          CORERISCV_AXI4_0/ChiselTop0/RocketTile_1/icache/icache/tag_array_0_tag_array_0_0_2/INST_RAM64x18_IP:B_ADDR[8]
  Delay (ns):                  10.611                                                                          
  Slack (ns):                  1.112                                                                           
  Arrival (ns):                17.077                                                                          
  Required (ns):               18.189                                                                          

Path 60
  From:                        MSS_SUBSYSTEM_sb_0/MSS_SUBSYSTEM_sb_MSS_0/MSS_ADLIB_INST/INST_MSS_120_IP:CLK_BASE
  To:                          COREAXITOAHBL_1/U_AHBMasterCtrl/HADDRInt[29]:D
  Delay (ns):                  10.328                                                                          
  Slack (ns):                  1.118                                                                           
  Arrival (ns):                16.934                                                                          
  Required (ns):               18.052                                                                          

Path 61
  From:                        CORERISCV_AXI4_0/ChiselTop0/RocketTile_1/icache/icache/T_974_T_974_0_2/INST_RAM1K18_IP:A_DOUT_CLK
  To:                          CORERISCV_AXI4_0/ChiselTop0/RocketTile_1/icache/icache/tag_array_0_tag_array_0_0_2/INST_RAM64x18_IP:A_ADDR[9]
  Delay (ns):                  10.556                                                                          
  Slack (ns):                  1.152                                                                           
  Arrival (ns):                17.025                                                                          
  Required (ns):               18.177                                                                          

Path 62
  From:                        CORERISCV_AXI4_0/ChiselTop0/RocketTile_1/icache/icache/T_974_T_974_0_1/INST_RAM1K18_IP:A_DOUT_CLK
  To:                          CORERISCV_AXI4_0/ChiselTop0/RocketTile_1/icache/icache/tag_array_0_tag_array_0_0_2/INST_RAM64x18_IP:A_ADDR[9]
  Delay (ns):                  10.552                                                                          
  Slack (ns):                  1.153                                                                           
  Arrival (ns):                17.024                                                                          
  Required (ns):               18.177                                                                          

Path 63
  From:                        CORERISCV_AXI4_0/ChiselTop0/RocketTile_1/icache/icache/T_974_T_974_0_3/INST_RAM1K18_IP:A_DOUT_CLK
  To:                          CORERISCV_AXI4_0/ChiselTop0/RocketTile_1/icache/icache/tag_array_0_tag_array_0_0_2/INST_RAM64x18_IP:B_ADDR[5]
  Delay (ns):                  10.609                                                                          
  Slack (ns):                  1.154                                                                           
  Arrival (ns):                17.079                                                                          
  Required (ns):               18.233                                                                          

Path 64
  From:                        CORERISCV_AXI4_0/ChiselTop0/RocketTile_1/icache/icache/T_974_T_974_0_0/INST_RAM1K18_IP:A_DOUT_CLK
  To:                          CORERISCV_AXI4_0/ChiselTop0/RocketTile_1/icache/icache/tag_array_0_tag_array_0_0_2/INST_RAM64x18_IP:A_ADDR[9]
  Delay (ns):                  10.557                                                                          
  Slack (ns):                  1.154                                                                           
  Arrival (ns):                17.023                                                                          
  Required (ns):               18.177                                                                          

Path 65
  From:                        COREAXITOAHBL_1/U_AHBMasterCtrl/wrFIFORdAddr[3]:CLK
  To:                          MSS_SUBSYSTEM_sb_0/MSS_SUBSYSTEM_sb_MSS_0/MSS_ADLIB_INST/INST_MSS_120_IP:F_WDATA_HWDATA01[2]
  Delay (ns):                  9.499                                                                           
  Slack (ns):                  1.158                                                                           
  Arrival (ns):                15.774                                                                          
  Required (ns):               16.932                                                                          

Path 66
  From:                        MSS_SUBSYSTEM_sb_0/MSS_SUBSYSTEM_sb_MSS_0/MSS_ADLIB_INST/INST_MSS_120_IP:CLK_BASE
  To:                          COREAXITOAHBL_1/U_AHBMasterCtrl/HADDRInt[28]:D
  Delay (ns):                  10.275                                                                          
  Slack (ns):                  1.161                                                                           
  Arrival (ns):                16.881                                                                          
  Required (ns):               18.042                                                                          

Path 67
  From:                        MSS_SUBSYSTEM_sb_0/MSS_SUBSYSTEM_sb_MSS_0/MSS_ADLIB_INST/INST_MSS_120_IP:CLK_BASE
  To:                          COREAXITOAHBL_1/U_AHBMasterCtrl/HADDRInt[26]:D
  Delay (ns):                  10.271                                                                          
  Slack (ns):                  1.165                                                                           
  Arrival (ns):                16.877                                                                          
  Required (ns):               18.042                                                                          

Path 68
  From:                        CORERISCV_AXI4_0/ChiselTop0/RocketTile_1/icache/icache/T_974_T_974_0_3/INST_RAM1K18_IP:A_DOUT_CLK
  To:                          CORERISCV_AXI4_0/ChiselTop0/RocketTile_1/icache/icache/T_974_T_974_0_1/INST_RAM1K18_IP:A_ADDR[8]
  Delay (ns):                  10.802                                                                          
  Slack (ns):                  1.172                                                                           
  Arrival (ns):                17.272                                                                          
  Required (ns):               18.444                                                                          

Path 69
  From:                        CORERISCV_AXI4_0/ChiselTop0/RocketTile_1/icache/icache/T_974_T_974_0_2/INST_RAM1K18_IP:A_DOUT_CLK
  To:                          CORERISCV_AXI4_0/ChiselTop0/RocketTile_1/icache/icache/tag_array_0_tag_array_0_0_0/INST_RAM64x18_IP:A_ADDR[4]
  Delay (ns):                  10.571                                                                          
  Slack (ns):                  1.197                                                                           
  Arrival (ns):                17.040                                                                          
  Required (ns):               18.237                                                                          

Path 70
  From:                        CORERISCV_AXI4_0/ChiselTop0/RocketTile_1/icache/icache/T_974_T_974_0_0/INST_RAM1K18_IP:A_DOUT_CLK
  To:                          CORERISCV_AXI4_0/ChiselTop0/RocketTile_1/icache/icache/tag_array_0_tag_array_0_0_0/INST_RAM64x18_IP:A_ADDR[4]
  Delay (ns):                  10.572                                                                          
  Slack (ns):                  1.199                                                                           
  Arrival (ns):                17.038                                                                          
  Required (ns):               18.237                                                                          

Path 71
  From:                        COREAXITOAHBL_1/U_AHBMasterCtrl/wrFIFORdAddr[2]:CLK
  To:                          MSS_SUBSYSTEM_sb_0/MSS_SUBSYSTEM_sb_MSS_0/MSS_ADLIB_INST/INST_MSS_120_IP:F_WDATA_HWDATA01[2]
  Delay (ns):                  9.458                                                                           
  Slack (ns):                  1.200                                                                           
  Arrival (ns):                15.732                                                                          
  Required (ns):               16.932                                                                          

Path 72
  From:                        MSS_SUBSYSTEM_sb_0/MSS_SUBSYSTEM_sb_MSS_0/MSS_ADLIB_INST/INST_MSS_120_IP:CLK_BASE
  To:                          COREAXITOAHBL_1/U_AHBMasterCtrl/HADDRInt[23]:D
  Delay (ns):                  10.262                                                                          
  Slack (ns):                  1.201                                                                           
  Arrival (ns):                16.868                                                                          
  Required (ns):               18.069                                                                          

Path 73
  From:                        CORERISCV_AXI4_0/ChiselTop0/RocketTile_1/icache/icache/T_974_T_974_0_1/INST_RAM1K18_IP:A_DOUT_CLK
  To:                          CORERISCV_AXI4_0/ChiselTop0/RocketTile_1/icache/icache/tag_array_0_tag_array_0_0_0/INST_RAM64x18_IP:A_ADDR[4]
  Delay (ns):                  10.564                                                                          
  Slack (ns):                  1.201                                                                           
  Arrival (ns):                17.036                                                                          
  Required (ns):               18.237                                                                          

Path 74
  From:                        COREAXITOAHBL_1/U_AHBMasterCtrl/wrFIFORdAddr[1]:CLK
  To:                          MSS_SUBSYSTEM_sb_0/MSS_SUBSYSTEM_sb_MSS_0/MSS_ADLIB_INST/INST_MSS_120_IP:F_WDATA_HWDATA01[23]
  Delay (ns):                  9.639                                                                           
  Slack (ns):                  1.202                                                                           
  Arrival (ns):                15.913                                                                          
  Required (ns):               17.115                                                                          

Path 75
  From:                        CORERISCV_AXI4_0/ChiselTop0/RocketTile_1/icache/icache/T_974_T_974_0_2/INST_RAM1K18_IP:A_DOUT_CLK
  To:                          CORERISCV_AXI4_0/ChiselTop0/RocketTile_1/icache/icache/tag_array_0_tag_array_0_0_2/INST_RAM64x18_IP:B_ADDR[7]
  Delay (ns):                  10.508                                                                          
  Slack (ns):                  1.202                                                                           
  Arrival (ns):                16.977                                                                          
  Required (ns):               18.179                                                                          

Path 76
  From:                        CORERISCV_AXI4_0/ChiselTop0/RocketTile_1/icache/icache/T_974_T_974_0_1/INST_RAM1K18_IP:A_DOUT_CLK
  To:                          CORERISCV_AXI4_0/ChiselTop0/RocketTile_1/icache/icache/tag_array_0_tag_array_0_0_2/INST_RAM64x18_IP:B_ADDR[7]
  Delay (ns):                  10.504                                                                          
  Slack (ns):                  1.203                                                                           
  Arrival (ns):                16.976                                                                          
  Required (ns):               18.179                                                                          

Path 77
  From:                        CORERISCV_AXI4_0/ChiselTop0/RocketTile_1/icache/icache/T_974_T_974_0_2/INST_RAM1K18_IP:A_DOUT_CLK
  To:                          CORERISCV_AXI4_0/ChiselTop0/RocketTile_1/icache/icache/tag_array_0_tag_array_0_0_2/INST_RAM64x18_IP:B_ADDR[9]
  Delay (ns):                  10.555                                                                          
  Slack (ns):                  1.204                                                                           
  Arrival (ns):                17.024                                                                          
  Required (ns):               18.228                                                                          

Path 78
  From:                        CORERISCV_AXI4_0/ChiselTop0/RocketTile_1/icache/icache/T_974_T_974_0_0/INST_RAM1K18_IP:A_DOUT_CLK
  To:                          CORERISCV_AXI4_0/ChiselTop0/RocketTile_1/icache/icache/tag_array_0_tag_array_0_0_2/INST_RAM64x18_IP:B_ADDR[7]
  Delay (ns):                  10.509                                                                          
  Slack (ns):                  1.204                                                                           
  Arrival (ns):                16.975                                                                          
  Required (ns):               18.179                                                                          

Path 79
  From:                        CORERISCV_AXI4_0/ChiselTop0/RocketTile_1/icache/icache/T_974_T_974_0_1/INST_RAM1K18_IP:A_DOUT_CLK
  To:                          CORERISCV_AXI4_0/ChiselTop0/RocketTile_1/icache/icache/tag_array_0_tag_array_0_0_2/INST_RAM64x18_IP:B_ADDR[9]
  Delay (ns):                  10.551                                                                          
  Slack (ns):                  1.205                                                                           
  Arrival (ns):                17.023                                                                          
  Required (ns):               18.228                                                                          

Path 80
  From:                        CORERISCV_AXI4_0/ChiselTop0/RocketTile_1/icache/icache/T_974_T_974_0_0/INST_RAM1K18_IP:A_DOUT_CLK
  To:                          CORERISCV_AXI4_0/ChiselTop0/RocketTile_1/icache/icache/tag_array_0_tag_array_0_0_2/INST_RAM64x18_IP:B_ADDR[9]
  Delay (ns):                  10.556                                                                          
  Slack (ns):                  1.206                                                                           
  Arrival (ns):                17.022                                                                          
  Required (ns):               18.228                                                                          

Path 81
  From:                        CORERISCV_AXI4_0/ChiselTop0/RocketTile_1/icache/icache/T_974_T_974_0_2/INST_RAM1K18_IP:A_DOUT_CLK
  To:                          CORERISCV_AXI4_0/ChiselTop0/RocketTile_1/icache/icache/tag_array_0_tag_array_0_0_2/INST_RAM64x18_IP:A_ADDR[3]
  Delay (ns):                  10.606                                                                          
  Slack (ns):                  1.209                                                                           
  Arrival (ns):                17.075                                                                          
  Required (ns):               18.284                                                                          

Path 82
  From:                        CORERISCV_AXI4_0/ChiselTop0/RocketTile_1/icache/icache/T_974_T_974_0_0/INST_RAM1K18_IP:A_DOUT_CLK
  To:                          CORERISCV_AXI4_0/ChiselTop0/RocketTile_1/icache/icache/tag_array_0_tag_array_0_0_2/INST_RAM64x18_IP:A_ADDR[3]
  Delay (ns):                  10.607                                                                          
  Slack (ns):                  1.211                                                                           
  Arrival (ns):                17.073                                                                          
  Required (ns):               18.284                                                                          

Path 83
  From:                        CORERISCV_AXI4_0/ChiselTop0/RocketTile_1/icache/icache/T_974_T_974_0_1/INST_RAM1K18_IP:A_DOUT_CLK
  To:                          CORERISCV_AXI4_0/ChiselTop0/RocketTile_1/icache/icache/tag_array_0_tag_array_0_0_2/INST_RAM64x18_IP:A_ADDR[3]
  Delay (ns):                  10.599                                                                          
  Slack (ns):                  1.213                                                                           
  Arrival (ns):                17.071                                                                          
  Required (ns):               18.284                                                                          

Path 84
  From:                        CORERISCV_AXI4_0/ChiselTop0/RocketTile_1/icache/icache/T_974_T_974_0_2/INST_RAM1K18_IP:A_DOUT_CLK
  To:                          CORERISCV_AXI4_0/ChiselTop0/RocketTile_1/icache/icache/tag_array_0_tag_array_0_0_2/INST_RAM64x18_IP:B_ADDR[3]
  Delay (ns):                  10.623                                                                          
  Slack (ns):                  1.216                                                                           
  Arrival (ns):                17.092                                                                          
  Required (ns):               18.308                                                                          

Path 85
  From:                        CORERISCV_AXI4_0/ChiselTop0/RocketTile_1/icache/icache/T_974_T_974_0_0/INST_RAM1K18_IP:A_DOUT_CLK
  To:                          CORERISCV_AXI4_0/ChiselTop0/RocketTile_1/icache/icache/tag_array_0_tag_array_0_0_2/INST_RAM64x18_IP:B_ADDR[3]
  Delay (ns):                  10.624                                                                          
  Slack (ns):                  1.218                                                                           
  Arrival (ns):                17.090                                                                          
  Required (ns):               18.308                                                                          

Path 86
  From:                        CORERISCV_AXI4_0/ChiselTop0/RocketTile_1/icache/icache/T_974_T_974_0_2/INST_RAM1K18_IP:A_DOUT_CLK
  To:                          CORERISCV_AXI4_0/ChiselTop0/RocketTile_1/icache/icache/tag_array_0_tag_array_0_0_2/INST_RAM64x18_IP:A_ADDR[8]
  Delay (ns):                  10.582                                                                          
  Slack (ns):                  1.219                                                                           
  Arrival (ns):                17.051                                                                          
  Required (ns):               18.270                                                                          

Path 87
  From:                        CORERISCV_AXI4_0/ChiselTop0/RocketTile_1/icache/icache/T_974_T_974_0_1/INST_RAM1K18_IP:A_DOUT_CLK
  To:                          CORERISCV_AXI4_0/ChiselTop0/RocketTile_1/icache/icache/tag_array_0_tag_array_0_0_2/INST_RAM64x18_IP:B_ADDR[3]
  Delay (ns):                  10.616                                                                          
  Slack (ns):                  1.220                                                                           
  Arrival (ns):                17.088                                                                          
  Required (ns):               18.308                                                                          

Path 88
  From:                        CORERISCV_AXI4_0/ChiselTop0/RocketTile_1/icache/icache/T_974_T_974_0_1/INST_RAM1K18_IP:A_DOUT_CLK
  To:                          CORERISCV_AXI4_0/ChiselTop0/RocketTile_1/icache/icache/tag_array_0_tag_array_0_0_2/INST_RAM64x18_IP:A_ADDR[8]
  Delay (ns):                  10.578                                                                          
  Slack (ns):                  1.220                                                                           
  Arrival (ns):                17.050                                                                          
  Required (ns):               18.270                                                                          

Path 89
  From:                        CORERISCV_AXI4_0/ChiselTop0/RocketTile_1/icache/icache/T_974_T_974_0_0/INST_RAM1K18_IP:A_DOUT_CLK
  To:                          CORERISCV_AXI4_0/ChiselTop0/RocketTile_1/icache/icache/tag_array_0_tag_array_0_0_2/INST_RAM64x18_IP:A_ADDR[8]
  Delay (ns):                  10.583                                                                          
  Slack (ns):                  1.221                                                                           
  Arrival (ns):                17.049                                                                          
  Required (ns):               18.270                                                                          

Path 90
  From:                        CORERISCV_AXI4_0/ChiselTop0/RocketTile_1/icache/icache/T_974_T_974_0_3/INST_RAM1K18_IP:A_DOUT_CLK
  To:                          CORERISCV_AXI4_0/ChiselTop0/RocketTile_1/icache/icache/tag_array_0_tag_array_0_0_0/INST_RAM64x18_IP:A_ADDR[9]
  Delay (ns):                  10.481                                                                          
  Slack (ns):                  1.222                                                                           
  Arrival (ns):                16.951                                                                          
  Required (ns):               18.173                                                                          

Path 91
  From:                        MSS_SUBSYSTEM_sb_0/MSS_SUBSYSTEM_sb_MSS_0/MSS_ADLIB_INST/INST_MSS_120_IP:CLK_BASE
  To:                          COREAXITOAHBL_1/U_AHBMasterCtrl/HADDRInt[30]:D
  Delay (ns):                  10.213                                                                          
  Slack (ns):                  1.223                                                                           
  Arrival (ns):                16.819                                                                          
  Required (ns):               18.042                                                                          

Path 92
  From:                        COREAXITOAHBL_1/U_AHBMasterCtrl/wrFIFORdAddr[0]:CLK
  To:                          MSS_SUBSYSTEM_sb_0/MSS_SUBSYSTEM_sb_MSS_0/MSS_ADLIB_INST/INST_MSS_120_IP:F_WDATA_HWDATA01[26]
  Delay (ns):                  9.562                                                                           
  Slack (ns):                  1.227                                                                           
  Arrival (ns):                15.826                                                                          
  Required (ns):               17.053                                                                          

Path 93
  From:                        MSS_SUBSYSTEM_sb_0/MSS_SUBSYSTEM_sb_MSS_0/MSS_ADLIB_INST/INST_MSS_120_IP:CLK_BASE
  To:                          COREAXITOAHBL_1/U_AHBMasterCtrl/HADDRInt[25]:D
  Delay (ns):                  10.216                                                                          
  Slack (ns):                  1.230                                                                           
  Arrival (ns):                16.822                                                                          
  Required (ns):               18.052                                                                          

Path 94
  From:                        CORERISCV_AXI4_0/ChiselTop0/RocketTile_1/icache/icache/T_974_T_974_0_2/INST_RAM1K18_IP:A_DOUT_CLK
  To:                          CORERISCV_AXI4_0/ChiselTop0/RocketTile_1/icache/icache/tag_array_0_tag_array_0_0_2/INST_RAM64x18_IP:A_ADDR[5]
  Delay (ns):                  10.486                                                                          
  Slack (ns):                  1.235                                                                           
  Arrival (ns):                16.955                                                                          
  Required (ns):               18.190                                                                          

Path 95
  From:                        CORERISCV_AXI4_0/ChiselTop0/RocketTile_1/icache/icache/T_974_T_974_0_2/INST_RAM1K18_IP:A_DOUT_CLK
  To:                          CORERISCV_AXI4_0/ChiselTop0/RocketTile_1/icache/icache/tag_array_0_tag_array_0_0_2/INST_RAM64x18_IP:A_ADDR[7]
  Delay (ns):                  10.514                                                                          
  Slack (ns):                  1.236                                                                           
  Arrival (ns):                16.983                                                                          
  Required (ns):               18.219                                                                          

Path 96
  From:                        CORERISCV_AXI4_0/ChiselTop0/RocketTile_1/icache/icache/T_974_T_974_0_1/INST_RAM1K18_IP:A_DOUT_CLK
  To:                          CORERISCV_AXI4_0/ChiselTop0/RocketTile_1/icache/icache/tag_array_0_tag_array_0_0_2/INST_RAM64x18_IP:A_ADDR[5]
  Delay (ns):                  10.482                                                                          
  Slack (ns):                  1.236                                                                           
  Arrival (ns):                16.954                                                                          
  Required (ns):               18.190                                                                          

Path 97
  From:                        CORERISCV_AXI4_0/ChiselTop0/RocketTile_1/icache/icache/T_974_T_974_0_1/INST_RAM1K18_IP:A_DOUT_CLK
  To:                          CORERISCV_AXI4_0/ChiselTop0/RocketTile_1/icache/icache/tag_array_0_tag_array_0_0_2/INST_RAM64x18_IP:A_ADDR[7]
  Delay (ns):                  10.510                                                                          
  Slack (ns):                  1.237                                                                           
  Arrival (ns):                16.982                                                                          
  Required (ns):               18.219                                                                          

Path 98
  From:                        CORERISCV_AXI4_0/ChiselTop0/RocketTile_1/icache/icache/T_974_T_974_0_0/INST_RAM1K18_IP:A_DOUT_CLK
  To:                          CORERISCV_AXI4_0/ChiselTop0/RocketTile_1/icache/icache/tag_array_0_tag_array_0_0_2/INST_RAM64x18_IP:A_ADDR[5]
  Delay (ns):                  10.487                                                                          
  Slack (ns):                  1.237                                                                           
  Arrival (ns):                16.953                                                                          
  Required (ns):               18.190                                                                          

Path 99
  From:                        CORERISCV_AXI4_0/ChiselTop0/RocketTile_1/icache/icache/T_974_T_974_0_0/INST_RAM1K18_IP:A_DOUT_CLK
  To:                          CORERISCV_AXI4_0/ChiselTop0/RocketTile_1/icache/icache/tag_array_0_tag_array_0_0_2/INST_RAM64x18_IP:A_ADDR[7]
  Delay (ns):                  10.515                                                                          
  Slack (ns):                  1.238                                                                           
  Arrival (ns):                16.981                                                                          
  Required (ns):               18.219                                                                          

Path 100
  From:                        MSS_SUBSYSTEM_sb_0/MSS_SUBSYSTEM_sb_MSS_0/MSS_ADLIB_INST/INST_MSS_120_IP:CLK_BASE
  To:                          COREAXITOAHBL_1/U_AHBMasterCtrl/HADDRInt[20]:D
  Delay (ns):                  10.209                                                                          
  Slack (ns):                  1.240                                                                           
  Arrival (ns):                16.815                                                                          
  Required (ns):               18.055                                                                          

