

@S |Clock Optimization Summary


#### START OF CLOCK OPTIMIZATION REPORT #####[

Clock optimization not enabled
3 non-gated/non-generated clock tree(s) driving 114 clock pin(s) of sequential element(s)
3 gated/generated clock tree(s) driving 5706 clock pin(s) of sequential element(s)
0 instances converted, 5706 sequential instances remain driven by gated/generated clocks

============================================================================ Non-Gated/Non-Generated Clocks =============================================================================
Clock Tree ID     Driving Element                                              Drive Element Type                     Fanout     Sample Instance                                         
-----------------------------------------------------------------------------------------------------------------------------------------------------------------------------------------
@K:CKID0004       COREJTAGDEBUG_0.genblk1.UJTAG_0                              UJTAG                                  16         COREJTAGDEBUG_0.genblk1.UJ_JTAG_0.pauselow              
@K:CKID0005       MSS_SUBSYSTEM_sb_0.MSS_SUBSYSTEM_sb_MSS_0.MSS_ADLIB_INST     clock definition on MSS_120            76         MSS_SUBSYSTEM_sb_0.MSS_SUBSYSTEM_sb_MSS_0.MSS_ADLIB_INST
@K:CKID0006       MSS_SUBSYSTEM_sb_0.FABOSC_0.I_RCOSC_25_50MHZ                 clock definition on RCOSC_25_50MHZ     22         MSS_SUBSYSTEM_sb_0.CORERESETP_0.count_ddr[13]           
=========================================================================================================================================================================================
================================================================================================== Gated/Generated Clocks ===================================================================================================
Clock Tree ID     Driving Element                                  Drive Element Type     Fanout     Sample Instance                                              Explanation                                                
-----------------------------------------------------------------------------------------------------------------------------------------------------------------------------------------------------------------------------
@K:CKID0001       MSS_SUBSYSTEM_sb_0.CCC_0.CCC_INST                CCC                    5411       MSS_SUBSYSTEM_sb_0.MSS_SUBSYSTEM_sb_MSS_0.MSS_ADLIB_INST     No gated clock conversion method for cell cell:work.MSS_120
@K:CKID0002       CORESPI_0.USPI.UCC.un1_resetn_rx                 CFG4                   1          CORESPI_0.USPI.UCC.stxs_txready_at_ssel                      No gated clock conversion method for cell cell:ACG4.SLE    
@K:CKID0003       COREJTAGDEBUG_0.genblk1.UJ_JTAG_0.un1_duttck     CFG4                   294        MIV_RV32IMA_L1_AHB_0.ChiselTop0.dtm.skipOpReg                No gated clock conversion method for cell cell:ACG4.SLE    
=============================================================================================================================================================================================================================


##### END OF CLOCK OPTIMIZATION REPORT ######]

