Resource Usage Report for MSS_SUBSYSTEM 

Mapping to part: m2s150fc1152std
Cell usage:
CCC             1 use
CLKINT          11 uses
MSS_120         1 use
RCOSC_25_50MHZ  1 use
RCOSC_25_50MHZ_FAB  1 use
SYSRESET        1 use
UJTAG           1 use
CFG1           27 uses
CFG2           1194 uses
CFG3           4369 uses
CFG4           5698 uses

Carry cells:
ARI1            1033 uses - used for arithmetic functions
ARI1            114 uses - used for Wide-Mux implementation
Total ARI1      1147 uses


Sequential Cells: 
SLE            5776 uses

DSP Blocks:    2 of 240 (0%)
 MACC:         1 MultAdd
 MACC:         1 Mult

I/O ports: 77
I/O primitives: 68
BIBUF          18 uses
BIBUF_DIFF     2 uses
INBUF          8 uses
OUTBUF         39 uses
OUTBUF_DIFF    1 use


Global Clock Buffers: 11 of 8 (137%)


Total LUTs:    12435

Extra resources required for RAM and MACC interface logic during P&R:

RAM64x18 Interface Logic : SLEs = 360; LUTs = 360;
RAM1K18  Interface Logic : SLEs = 288; LUTs = 288;
MACC     Interface Logic : SLEs = 72; LUTs = 72;

Total number of SLEs after P&R:  5776 + 360 + 288 + 72 = 6496;
Total number of LUTs after P&R:  12435 + 360 + 288 + 72 = 13155;

