# Synopsys Constraint Checker(syntax only), version map201609actrcp1, Build 005R, built Jan 25 2017
# Copyright (C) 1994-2016 Synopsys, Inc. All rights reserved. This Synopsys software and all associated documentation are proprietary to Synopsys, Inc. and may only be used pursuant to the terms and conditions of a written license agreement with Synopsys, Inc. All other use, reproduction, modification, or distribution of the Synopsys software or the associated documentation is strictly prohibited.

# Written on Mon Nov 20 14:02:45 2017


##### DESIGN INFO #######################################################

Top View:                "PROC_SUBSYSTEM"
Constraint File(s):      "C:\Users\hbreslin\Desktop\Project Workspace\Github\M2S150-Creative-Board\Modify_The_FPGA_Design\MIV_RV32IMA_AHB_BaseDesign\designer\PROC_SUBSYSTEM\synthesis.fdc"

#Run constraint checker to find more issues with constraints.
#########################################################################



No issues found in constraint syntax.



Clock Summary
*************

Start                                                        Requested     Requested     Clock                         Clock                   Clock
Clock                                                        Frequency     Period        Type                          Group                   Load 
----------------------------------------------------------------------------------------------------------------------------------------------------
CLK0_PAD                                                     50.0 MHz      20.000        declared                      default_clkgroup        0    
COREJTAGDEBUG_85_1s|iUDRCK_inferred_clock                    100.0 MHz     10.000        inferred                      Inferred_clkgroup_2     16   
MSS_SUBSYSTEM_sb_0/CCC_0/GL0                                 83.0 MHz      12.048        generated (from CLK0_PAD)     default_clkgroup        5615 
MSS_SUBSYSTEM_sb_0/FABOSC_0/I_RCOSC_25_50MHZ/CLKOUT          50.0 MHz      20.000        declared                      default_clkgroup        31   
MSS_SUBSYSTEM_sb_0/MSS_SUBSYSTEM_sb_MSS_0/CLK_CONFIG_APB     20.7 MHz      48.193        declared                      default_clkgroup        109  
System                                                       100.0 MHz     10.000        system                        system_clkgroup         0    
TCK                                                          6.0 MHz       166.670       declared                      default_clkgroup        0    
spi_chanctrl_Z11|un1_resetn_rx_inferred_clock                100.0 MHz     10.000        inferred                      Inferred_clkgroup_1     1    
uj_jtag_85|un1_duttck_inferred_clock                         100.0 MHz     10.000        inferred                      Inferred_clkgroup_0     335  
====================================================================================================================================================
